Running with nsize=32 and OMP_NUM_THREADS=64
Requested Arguments:
  niterations : 100
  nsize       : 32
  accelerator : False
  testseed    : None
Preparing Matrix arrays
Memory required: 24.000 kB
Time for Array Allocation (sec): 0.000006
Time for Array Initialization (sec): 0.000
Running matmul...
Synchronization Overhead (sec): 7.15e-07
First of 100 iterations (sec): 0.055594
FlopCount: 6.758400e+04
Iteration (int)   Time(s) Gflop/s
First (0)         0.05559     0.0
Last (99)         0.00002     3.5
Best (67)         0.00002     4.0
Running with nsize=32 and OMP_NUM_THREADS=128
srun: Job 25586769 step creation temporarily disabled, retrying (Requested nodes are busy)
srun: Step created for StepId=25586769.1
Requested Arguments:
  niterations : 100
  nsize       : 32
  accelerator : False
  testseed    : None
Preparing Matrix arrays
Memory required: 24.000 kB
Time for Array Allocation (sec): 0.000005
Time for Array Initialization (sec): 0.001
Running matmul...
Synchronization Overhead (sec): 4.77e-07
First of 100 iterations (sec): 0.051912
FlopCount: 6.758400e+04
Iteration (int)   Time(s) Gflop/s
First (0)         0.05191     0.0
Last (99)         0.00002     3.0
Best (40)         0.00002     3.5
Running with nsize=64 and OMP_NUM_THREADS=64
srun: Job 25586769 step creation temporarily disabled, retrying (Requested nodes are busy)
srun: Step created for StepId=25586769.2
Requested Arguments:
  niterations : 100
  nsize       : 64
  accelerator : False
  testseed    : None
Preparing Matrix arrays
Memory required: 96.000 kB
Time for Array Allocation (sec): 0.000008
Time for Array Initialization (sec): 0.002
Running matmul...
Synchronization Overhead (sec): 4.77e-07
First of 100 iterations (sec): 0.047811
FlopCount: 5.324800e+05
Iteration (int)   Time(s) Gflop/s
First (0)         0.04781     0.0
Last (99)         0.00002    26.0
Best (63)         0.00002    28.6
Running with nsize=64 and OMP_NUM_THREADS=128
srun: Job 25586769 step creation temporarily disabled, retrying (Requested nodes are busy)
srun: Step created for StepId=25586769.3
Requested Arguments:
  niterations : 100
  nsize       : 64
  accelerator : False
  testseed    : None
Preparing Matrix arrays
Memory required: 96.000 kB
Time for Array Allocation (sec): 0.000008
Time for Array Initialization (sec): 0.002
Running matmul...
Synchronization Overhead (sec): 2.38e-07
First of 100 iterations (sec): 0.052209
FlopCount: 5.324800e+05
Iteration (int)   Time(s) Gflop/s
First (0)         0.05221     0.0
Last (99)         0.00003    16.0
Best (19)         0.00003    18.0
Running with nsize=128 and OMP_NUM_THREADS=64
srun: Job 25586769 step creation temporarily disabled, retrying (Requested nodes are busy)
srun: Step created for StepId=25586769.4
Requested Arguments:
  niterations : 100
  nsize       : 128
  accelerator : False
  testseed    : None
Preparing Matrix arrays
Memory required: 384.000 kB
Time for Array Allocation (sec): 0.000018
Time for Array Initialization (sec): 0.008
Running matmul...
Synchronization Overhead (sec): 4.77e-07
First of 100 iterations (sec): 0.047692
FlopCount: 4.227072e+06
Iteration (int)   Time(s) Gflop/s
First (0)         0.04769     0.1
Last (99)         0.00002   175.5
Best (23)         0.00002   192.7
Running with nsize=128 and OMP_NUM_THREADS=128
Requested Arguments:
  niterations : 100
  nsize       : 128
  accelerator : False
  testseed    : None
Preparing Matrix arrays
Memory required: 384.000 kB
Time for Array Allocation (sec): 0.000017
Time for Array Initialization (sec): 0.008
Running matmul...
Synchronization Overhead (sec): 9.54e-07
First of 100 iterations (sec): 0.049937
FlopCount: 4.227072e+06
Iteration (int)   Time(s) Gflop/s
First (0)         0.04994     0.1
Last (99)         0.00003   146.5
Best (48)         0.00003   165.7
Running with nsize=256 and OMP_NUM_THREADS=64
Requested Arguments:
  niterations : 100
  nsize       : 256
  accelerator : False
  testseed    : None
Preparing Matrix arrays
Memory required: 1.500 MB
Time for Array Allocation (sec): 0.000068
Time for Array Initialization (sec): 0.030
Running matmul...
Synchronization Overhead (sec): 4.77e-07
First of 100 iterations (sec): 0.046788
FlopCount: 3.368550e+07
Iteration (int)   Time(s) Gflop/s
First (0)         0.04679     0.7
Last (99)         0.00006   556.2
Best (91)         0.00006   586.3
Running with nsize=256 and OMP_NUM_THREADS=128
Requested Arguments:
  niterations : 100
  nsize       : 256
  accelerator : False
  testseed    : None
Preparing Matrix arrays
Memory required: 1.500 MB
Time for Array Allocation (sec): 0.000070
Time for Array Initialization (sec): 0.031
Running matmul...
Synchronization Overhead (sec): 4.77e-07
First of 100 iterations (sec): 0.052948
FlopCount: 3.368550e+07
Iteration (int)   Time(s) Gflop/s
First (0)         0.05295     0.6
Last (99)         0.00006   541.3
Best (91)         0.00006   556.2
Running with nsize=512 and OMP_NUM_THREADS=64
srun: Job 25586769 step creation temporarily disabled, retrying (Requested nodes are busy)
srun: Step created for StepId=25586769.8
Requested Arguments:
  niterations : 100
  nsize       : 512
  accelerator : False
  testseed    : None
Preparing Matrix arrays
Memory required: 6.000 MB
Time for Array Allocation (sec): 0.000100
Time for Array Initialization (sec): 0.122
Running matmul...
Synchronization Overhead (sec): 4.77e-07
First of 100 iterations (sec): 0.050088
FlopCount: 2.689597e+08
Iteration (int)   Time(s) Gflop/s
First (0)         0.05009     5.4
Last (99)         0.00023  1180.0
Best (93)         0.00022  1202.7
Running with nsize=512 and OMP_NUM_THREADS=128
srun: Job 25586769 step creation temporarily disabled, retrying (Requested nodes are busy)
srun: Step created for StepId=25586769.9
Requested Arguments:
  niterations : 100
  nsize       : 512
  accelerator : False
  testseed    : None
Preparing Matrix arrays
Memory required: 6.000 MB
Time for Array Allocation (sec): 0.000105
Time for Array Initialization (sec): 0.122
Running matmul...
Synchronization Overhead (sec): 4.77e-07
First of 100 iterations (sec): 0.059181
FlopCount: 2.689597e+08
Iteration (int)   Time(s) Gflop/s
First (0)         0.05918     4.5
Last (99)         0.00023  1176.3
Best (66)         0.00022  1228.9
Running with nsize=1024 and OMP_NUM_THREADS=64
Requested Arguments:
  niterations : 100
  nsize       : 1024
  accelerator : False
  testseed    : None
Preparing Matrix arrays
Memory required: 24.000 MB
Time for Array Allocation (sec): 0.000020
Time for Array Initialization (sec): 0.488
Running matmul...
Synchronization Overhead (sec): 4.77e-07
First of 100 iterations (sec): 0.055733
FlopCount: 2.149581e+09
Iteration (int)   Time(s) Gflop/s
First (0)         0.05573    38.6
Last (99)         0.00137  1566.9
Best (99)         0.00137  1566.9
Running with nsize=1024 and OMP_NUM_THREADS=128
srun: Job 25586769 step creation temporarily disabled, retrying (Requested nodes are busy)
srun: Step created for StepId=25586769.11
Requested Arguments:
  niterations : 100
  nsize       : 1024
  accelerator : False
  testseed    : None
Preparing Matrix arrays
Memory required: 24.000 MB
Time for Array Allocation (sec): 0.000157
Time for Array Initialization (sec): 0.502
Running matmul...
Synchronization Overhead (sec): 4.77e-07
First of 100 iterations (sec): 0.063002
FlopCount: 2.149581e+09
Iteration (int)   Time(s) Gflop/s
First (0)         0.06300    34.1
Last (99)         0.00110  1950.2
Best (98)         0.00110  1961.7
Running with nsize=2048 and OMP_NUM_THREADS=64
srun: Job 25586769 step creation temporarily disabled, retrying (Requested nodes are busy)
srun: Step created for StepId=25586769.12
Requested Arguments:
  niterations : 100
  nsize       : 2048
  accelerator : False
  testseed    : None
Preparing Matrix arrays
Memory required: 96.000 MB
Time for Array Allocation (sec): 0.000019
Time for Array Initialization (sec): 1.974
Running matmul...
Synchronization Overhead (sec): 1.43e-06
First of 100 iterations (sec): 0.074876
FlopCount: 1.718826e+10
Iteration (int)   Time(s) Gflop/s
First (0)         0.07488   229.6
Last (99)         0.01518  1132.3
Best (44)         0.01255  1369.0
Running with nsize=2048 and OMP_NUM_THREADS=128
Requested Arguments:
  niterations : 100
  nsize       : 2048
  accelerator : False
  testseed    : None
Preparing Matrix arrays
Memory required: 96.000 MB
Time for Array Allocation (sec): 0.000020
Time for Array Initialization (sec): 1.942
Running matmul...
Synchronization Overhead (sec): 7.15e-07
First of 100 iterations (sec): 0.081395
FlopCount: 1.718826e+10
Iteration (int)   Time(s) Gflop/s
First (0)         0.08140   211.2
Last (99)         0.01686  1019.7
Best (54)         0.01682  1021.7
Running with nsize=4096 and OMP_NUM_THREADS=64
Requested Arguments:
  niterations : 100
  nsize       : 4096
  accelerator : False
  testseed    : None
Preparing Matrix arrays
Memory required: 384.000 MB
Time for Array Allocation (sec): 0.000021
Time for Array Initialization (sec): 7.896
Running matmul...
Synchronization Overhead (sec): 9.54e-07
First of 100 iterations (sec): 0.163669
FlopCount: 1.374725e+11
Iteration (int)   Time(s) Gflop/s
First (0)         0.16367   839.9
Last (99)         0.09118  1507.6
Best (48)         0.08516  1614.4
Running with nsize=4096 and OMP_NUM_THREADS=128
srun: Job 25586769 step creation temporarily disabled, retrying (Requested nodes are busy)
srun: Step created for StepId=25586769.15
Requested Arguments:
  niterations : 100
  nsize       : 4096
  accelerator : False
  testseed    : None
Preparing Matrix arrays
Memory required: 384.000 MB
Time for Array Allocation (sec): 0.000020
Time for Array Initialization (sec): 7.770
Running matmul...
Synchronization Overhead (sec): 7.15e-07
First of 100 iterations (sec): 0.169014
FlopCount: 1.374725e+11
Iteration (int)   Time(s) Gflop/s
First (0)         0.16901   813.4
Last (99)         0.09265  1483.8
Best (42)         0.08914  1542.2
Running with nsize=8192 and OMP_NUM_THREADS=64
Requested Arguments:
  niterations : 100
  nsize       : 8192
  accelerator : False
  testseed    : None
Preparing Matrix arrays
Memory required: 1.500 GB
Time for Array Allocation (sec): 0.000028
Time for Array Initialization (sec): 31.177
Running matmul...
Synchronization Overhead (sec): 9.54e-07
First of 100 iterations (sec): 0.831307
FlopCount: 1.099646e+12
Iteration (int)   Time(s) Gflop/s
First (0)         0.83131  1322.8
Last (99)         0.73867  1488.7
Best (69)         0.73140  1503.5
Running with nsize=8192 and OMP_NUM_THREADS=128
srun: Job 25586769 step creation temporarily disabled, retrying (Requested nodes are busy)
srun: Step created for StepId=25586769.17
Requested Arguments:
  niterations : 100
  nsize       : 8192
  accelerator : False
  testseed    : None
Preparing Matrix arrays
Memory required: 1.500 GB
Time for Array Allocation (sec): 0.000023
Time for Array Initialization (sec): 31.120
Running matmul...
Synchronization Overhead (sec): 1.43e-06
First of 100 iterations (sec): 0.820841
FlopCount: 1.099646e+12
Iteration (int)   Time(s) Gflop/s
First (0)         0.82084  1339.7
Last (99)         0.71823  1531.1
Best (71)         0.69192  1589.3
Running with nsize=16384 and OMP_NUM_THREADS=64
Requested Arguments:
  niterations : 100
  nsize       : 16384
  accelerator : False
  testseed    : None
Preparing Matrix arrays
Memory required: 6.000 GB
Time for Array Allocation (sec): 0.000023
Time for Array Initialization (sec): 125.203
Running matmul...
Synchronization Overhead (sec): 9.54e-07
First of 100 iterations (sec): 4.482443
FlopCount: 8.796630e+12
Iteration (int)   Time(s) Gflop/s
First (0)         4.48244  1962.5
Last (99)         4.40288  1997.9
Best (57)         4.38863  2004.4
Running with nsize=16384 and OMP_NUM_THREADS=128
srun: Job 25586769 step creation temporarily disabled, retrying (Requested nodes are busy)
srun: Step created for StepId=25586769.19
Requested Arguments:
  niterations : 100
  nsize       : 16384
  accelerator : False
  testseed    : None
Preparing Matrix arrays
Memory required: 6.000 GB
Time for Array Allocation (sec): 0.000023
Time for Array Initialization (sec): 124.730
Running matmul...
Synchronization Overhead (sec): 9.54e-07
First of 100 iterations (sec): 4.149435
FlopCount: 8.796630e+12
Iteration (int)   Time(s) Gflop/s
First (0)         4.14944  2120.0
Last (99)         4.15188  2118.7
Best (62)         4.04496  2174.7
Running with nsize=32768 and OMP_NUM_THREADS=64
Requested Arguments:
  niterations : 100
  nsize       : 32768
  accelerator : False
  testseed    : None
Preparing Matrix arrays
Memory required: 24.000 GB
Time for Array Allocation (sec): 0.000022
Time for Array Initialization (sec): 497.116
Running matmul...
Synchronization Overhead (sec): 7.15e-07
First of 100 iterations (sec): 29.266653
FlopCount: 7.037089e+13
Iteration (int)   Time(s) Gflop/s
First (0)         29.26665  2404.5
Last (99)         29.19041  2410.8
Best (44)         29.13885  2415.0
Running with nsize=32768 and OMP_NUM_THREADS=128
srun: Job 25586769 step creation temporarily disabled, retrying (Requested nodes are busy)
srun: Step created for StepId=25586769.21
Requested Arguments:
  niterations : 100
  nsize       : 32768
  accelerator : False
  testseed    : None
Preparing Matrix arrays
Memory required: 24.000 GB
Time for Array Allocation (sec): 0.000023
Time for Array Initialization (sec): 486.519
Running matmul...
Synchronization Overhead (sec): 7.15e-07
First of 100 iterations (sec): 23.707328
FlopCount: 7.037089e+13
Iteration (int)   Time(s) Gflop/s
First (0)         23.70733  2968.3
Last (99)         23.17653  3036.3
Best (67)         23.15558  3039.0
Running with nsize=35000 and OMP_NUM_THREADS=64
srun: Job 25586769 step creation temporarily disabled, retrying (Requested nodes are busy)
srun: Step created for StepId=25586769.22
slurmstepd: error: *** STEP 25586769.22 ON nid006326 CANCELLED AT 2024-05-14T06:00:17 DUE TO TIME LIMIT ***
slurmstepd: error: *** JOB 25586769 ON nid006326 CANCELLED AT 2024-05-14T06:00:17 DUE TO TIME LIMIT ***
