Description:	

Working on problem size N=8000 
 Elapsed time is : 1.288915 (sec) 
Working on problem size N=8000 
 Elapsed time is : 1.259095 (sec) 
Working on problem size N=8000 
 Elapsed time is : 1.278252 (sec) 
Working on problem size N=8000 
 Elapsed time is : 1.189063 (sec) 
Working on problem size N=8000 
 Elapsed time is : 1.272783 (sec) 
Working on problem size N=8000 
 Elapsed time is : 1.244585 (sec) 
Working on problem size N=8000 
 Elapsed time is : 1.265684 (sec) 
Working on problem size N=8000 
 Elapsed time is : 1.291029 (sec) 
Working on problem size N=8000 
 Elapsed time is : 1.247262 (sec) 
Working on problem size N=8000 
 Elapsed time is : 1.241413 (sec) 
 First of 10 iterations= 1.288915 (sec)
Flopcount: 1024.128000 GFLOP
Best (3)      1.189063 sec     861.289860 GFLOPs
