# To display the perf.data header info, please use --header/--header-only options.
#
#
# Total Lost Samples: 0
#
# Samples: 5M of event 'cycles:u'
# Event count (approx.): 4720044081536
#
# Overhead  Command         Shared Object          Symbol                                  
# ........  ..............  .....................  ........................................
#
    45.09%  benchmark-blas  libblis.so             [.] bli_dgemm_haswell_asm_6x8
    28.18%  benchmark-blas  libblis.so             [.] bli_thrcomm_barrier_atomic
    23.47%  benchmark-blas  libblis.so             [.] bli_dpackm_haswell_asm_6x8
     1.13%  benchmark-blas  benchmark-blas         [.] fill
     0.56%  benchmark-blas  libgomp.so.1.0.0       [.] omp_get_num_procs
     0.45%  benchmark-blas  libblis.so             [.] bli_gemm_ker_var2
     0.33%  benchmark-blas  libblis.so             [.] bli_ddpackm_struc_cxk
     0.15%  benchmark-blas  libblis.so             [.] bli_stack_get
     0.15%  benchmark-blas  [unknown]              [k] 0xffffffff81801220
     0.06%  benchmark-blas  libblis.so             [.] bli_thrcomm_barrier
     0.06%  benchmark-blas  libc-2.31.so           [.] __memset_avx2_erms
     0.05%  benchmark-blas  libc-2.31.so           [.] __memcpy_avx_unaligned_erms
     0.03%  benchmark-blas  libblis.so             [.] bli_packm_blk_var1
     0.03%  benchmark-blas  ld-2.31.so             [.] __tls_get_addr
     0.02%  benchmark-blas  libblis.so             [.] bli_packm_int
     0.02%  benchmark-blas  libblis.so             [.] bli_pthread_switch_on
     0.02%  benchmark-blas  libblis.so             [.] bli_l3_packa
     0.02%  benchmark-blas  libblis.so             [.] bli_obj_create_without_buffer
     0.01%  benchmark-blas  libblis.so             [.] bli_acquire_mpart_mdim
     0.01%  benchmark-blas  libblis.so             [.] bli_mulsc
     0.01%  benchmark-blas  libblis.so             [.] bli_gemm_blk_var1
     0.01%  benchmark-blas  libblis.so             [.] bli_dt_size
     0.01%  benchmark-blas  libblis.so             [.] bli_error_checking_level
     0.01%  benchmark-blas  libblis.so             [.] bli_obj_scalar_detach
     0.01%  benchmark-blas  libblis.so             [.] bli_obj_scalar_init_detached
     0.01%  benchmark-blas  libblis.so             [.] bli_packm_scalar
     0.01%  benchmark-blas  libblis.so             [.] bli_copysc
     0.01%  benchmark-blas  libblis.so             [.] bli_mulsc_qfp
     0.01%  benchmark-blas  libblis.so             [.] bli_l0_xxsc_check
     0.00%  benchmark-blas  libblis.so             [.] bli_zmulsc
     0.00%  benchmark-blas  libblis.so             [.] bli_packm_init
     0.00%  benchmark-blas  libblis.so             [.] bli_packm_alloc_ex
     0.00%  benchmark-blas  libblis.so             [.] bli_error_checking_is_enabled
     0.00%  benchmark-blas  libblis.so             [.] bli_align_dim_to_mult
     0.00%  benchmark-blas  libblis.so             [.] bli_check_error_code_helper
     0.00%  benchmark-blas  libblis.so             [.] bli_check_scalar_object
     0.00%  benchmark-blas  libblis.so             [.] bli_packm_alloc
     0.00%  benchmark-blas  libblis.so             [.] bli_init_once
     0.00%  benchmark-blas  [unknown]              [k] 0xffffffff81025743
     0.00%  benchmark-blas  libblis.so             [.] bli_thread_range_sub
     0.00%  benchmark-blas  libblis.so             [.] bli_check_conformal_dims
     0.00%  benchmark-blas  [unknown]              [k] 0xffffffff81801223
     0.00%  benchmark-blas  libblis.so             [.] bli_obj_create_without_buffer_check
     0.00%  benchmark-blas  [unknown]              [k] 0xffffffff8110f2db
     0.00%  benchmark-blas  libblis.so             [.] bli_acquire_mpart_ndim
     0.00%  benchmark-blas  libblis.so             [.] bli_dt_size_check
     0.00%  benchmark-blas  [unknown]              [k] 0xffffffff81800ea0
     0.00%  benchmark-blas  libblis.so             [.] bli_obj_scalar_cast_to
     0.00%  benchmark-blas  libblis.so             [.] bli_l3_packb
     0.00%  benchmark-blas  [unknown]              [k] 0xffffffff8104fbfb
     0.00%  benchmark-blas  [unknown]              [k] 0xffffffff817eacda
     0.00%  benchmark-blas  libblis.so             [.] bli_gemm_blk_var3
     0.00%  benchmark-blas  libblis.so             [.] bli_obj_scalar_init_detached_copy_of
     0.00%  benchmark-blas  [unknown]              [k] 0xffffffff818001e8
     0.00%  benchmark-blas  [unknown]              [k] 0xffffffff817dae91
     0.00%  benchmark-blas  libblis.so             [.] bli_zzcopysc
     0.00%  benchmark-blas  [unknown]              [k] 0xffffffff817d8ace
     0.00%  benchmark-blas  [unknown]              [k] 0xffffffff8110f344
     0.00%  benchmark-blas  libblis.so             [.] bli_check_object_buffer
     0.00%  benchmark-blas  [unknown]              [k] 0xffffffff810490f3
     0.00%  benchmark-blas  [unknown]              [k] 0xffffffff817db7d6
     0.00%  benchmark-blas  libblis.so             [.] bli_check_valid_datatype
     0.00%  benchmark-blas  [unknown]              [k] 0xffffffff817eb720
     0.00%  benchmark-blas  libpthread-2.31.so     [.] pthread_mutex_lock
     0.00%  benchmark-blas  [unknown]              [k] 0xffffffff8110f37a
     0.00%  benchmark-blas  libblis.so             [.] bli_packm_init_check
     0.00%  benchmark-blas  libblis.so             [.] bli_check_noninteger_object
     0.00%  benchmark-blas  libblis.so             [.] bli_check_nonconstant_object
     0.00%  benchmark-blas  libblis.so             [.] bli_obj_scalar_has_nonzero_imag
     0.00%  benchmark-blas  [unknown]              [k] 0xffffffff8107aedd
     0.00%  benchmark-blas  libblis.so             [.] bli_dt_size@plt
     0.00%  benchmark-blas  [unknown]              [k] 0xffffffff8107af01
     0.00%  benchmark-blas  libc-2.31.so           [.] __memset_avx2_unaligned_erms
     0.00%  benchmark-blas  libblis.so             [.] bli_thread_range
     0.00%  benchmark-blas  [unknown]              [k] 0xffffffff81801400
     0.00%  benchmark-blas  libblis.so             [.] bli_packm_int_check
     0.00%  benchmark-blas  [unknown]              [k] 0xffffffff810490d7
     0.00%  benchmark-blas  [unknown]              [k] 0xffffffff8104fbf2
     0.00%  benchmark-blas  [unknown]              [k] 0xffffffff818001f0
     0.00%  benchmark-blas  libblis.so             [.] bli_acquire_mpart_t2b_check
     0.00%  benchmark-blas  [unknown]              [k] 0xffffffff8110c185
     0.00%  benchmark-blas  [unknown]              [k] 0xffffffff817d8abb
     0.00%  benchmark-blas  libblis.so             [.] bli_check_floating_object
     0.00%  benchmark-blas  libblis.so             [.] __tls_get_addr@plt
     0.00%  benchmark-blas  [unknown]              [k] 0xffffffff8110c1a7
     0.00%  benchmark-blas  [unknown]              [k] 0xffffffff81904104
     0.00%  benchmark-blas  [unknown]              [k] 0xffffffff8110f2b5
     0.00%  benchmark-blas  [unknown]              [k] 0xffffffff8110f2fa
     0.00%  benchmark-blas  [unknown]              [k] 0xffffffff818019da
     0.00%  benchmark-blas  [unknown]              [k] 0xffffffff810490cc
     0.00%  benchmark-blas  [unknown]              [k] 0xffffffff8104910a
     0.00%  benchmark-blas  libblis.so             [.] bli_obj_scalar_detach@plt
     0.00%  benchmark-blas  [unknown]              [k] 0xffffffff817daea2
     0.00%  benchmark-blas  [unknown]              [k] 0xffffffff81800005
     0.00%  benchmark-blas  libblis.so             [.] bli_obj_scalar_init_detached@plt
     0.00%  benchmark-blas  libblis.so             [.] bli_stack_get@plt
     0.00%  benchmark-blas  [unknown]              [k] 0xffffffff816423b9
     0.00%  benchmark-blas  [unknown]              [k] 0xffffffff81801229
     0.00%  benchmark-blas  libblis.so             [.] bli_pool_checkout_block
     0.00%  benchmark-blas  [unknown]              [k] 0xffffffff8107aec0
     0.00%  benchmark-blas  [unknown]              [k] 0xffffffff8146e227
     0.00%  benchmark-blas  [unknown]              [k] 0xffffffff818019d5
     0.00%  benchmark-blas  [unknown]              [k] 0xffffffff817db827
     0.00%  benchmark-blas  [unknown]              [k] 0xffffffff810490e8
     0.00%  benchmark-blas  [unknown]              [k] 0xffffffff8107aec5
     0.00%  benchmark-blas  [unknown]              [k] 0xffffffff810b2d23
     0.00%  benchmark-blas  libblis.so             [.] bli_determine_blocksize
     0.00%  benchmark-blas  [unknown]              [k] 0xffffffff8164a3a6
     0.00%  benchmark-blas  libblis.so             [.] bli_error_checking_level@plt
     0.00%  benchmark-blas  [unknown]              [k] 0xffffffff81801265
     0.00%  benchmark-blas  [unknown]              [k] 0xffffffff8110c195
     0.00%  benchmark-blas  [unknown]              [k] 0xffffffff8110f2e9
     0.00%  benchmark-blas  libblis.so             [.] bli_check_null_pointer
     0.00%  benchmark-blas  [unknown]              [k] 0xffffffff817db820
     0.00%  benchmark-blas  libblis.so             [.] bli_check_error_code_helper@plt
     0.00%  benchmark-blas  [unknown]              [k] 0xffffffff818012e0
     0.00%  benchmark-blas  libblis.so             [.] bli_thrinfo_free
     0.00%  benchmark-blas  [unknown]              [k] 0xffffffff810b2d34
     0.00%  benchmark-blas  [unknown]              [k] 0xffffffff8110c187
     0.00%  benchmark-blas  [unknown]              [k] 0xffffffff818001ea
     0.00%  benchmark-blas  [unknown]              [k] 0xffffffff81801241
     0.00%  benchmark-blas  [unknown]              [k] 0xffffffff8104fa49
     0.00%  benchmark-blas  [unknown]              [k] 0xffffffff8107aed0
     0.00%  benchmark-blas  [unknown]              [k] 0xffffffff8164a3ae
     0.00%  benchmark-blas  [unknown]              [k] 0xffffffff81904108
     0.00%  benchmark-blas  libblis.so             [.] bli_sba_acquire
     0.00%  benchmark-blas  [unknown]              [k] 0xffffffff81801460
     0.00%  benchmark-blas  [unknown]              [k] 0xffffffff817db7d0
     0.00%  benchmark-blas  [unknown]              [k] 0xffffffff81801262
     0.00%  benchmark-blas  [unknown]              [k] 0xffffffff817d8ab3
     0.00%  benchmark-blas  [unknown]              [k] 0xffffffff817eacbd
     0.00%  benchmark-blas  libblis.so             [.] bli_pthread_mutex_lock
     0.00%  benchmark-blas  libblis.so             [.] bli_mulsc_check
     0.00%  benchmark-blas  [unknown]              [k] 0xffffffff81801235
     0.00%  benchmark-blas  [unknown]              [k] 0xffffffff81801083
     0.00%  benchmark-blas  libblis.so             [.] bli_gemm_blk_var2
     0.00%  benchmark-blas  [unknown]              [k] 0xffffffff817db869
     0.00%  benchmark-blas  [unknown]              [k] 0xffffffff810b54ed
     0.00%  benchmark-blas  [unknown]              [k] 0xffffffff810dc3e8
     0.00%  benchmark-blas  [unknown]              [k] 0xffffffff810aa559
     0.00%  benchmark-blas  [unknown]              [k] 0xffffffff8118a9fd
     0.00%  benchmark-blas  [unknown]              [k] 0xffffffff810eade5
     0.00%  benchmark-blas  [unknown]              [k] 0xffffffff810b5566
     0.00%  benchmark-blas  [unknown]              [k] 0xffffffff817eaca0
     0.00%  benchmark-blas  [unknown]              [k] 0xffffffff817db867
     0.00%  benchmark-blas  [unknown]              [k] 0xffffffff810490c0
     0.00%  benchmark-blas  libblis.so             [.] bli_l3_thrinfo_grow
     0.00%  benchmark-blas  [unknown]              [k] 0xffffffff81049106
     0.00%  benchmark-blas  [unknown]              [k] 0xffffffff8118a9d7
     0.00%  benchmark-blas  [unknown]              [k] 0xffffffff8110f2c7
     0.00%  benchmark-blas  libblis.so             [.] bli_error_checking_is_enabled@plt
     0.00%  benchmark-blas  [unknown]              [k] 0xffffffff818019d0
     0.00%  benchmark-blas  [unknown]              [k] 0xffffffff817eb42c
     0.00%  benchmark-blas  [unknown]              [k] 0xffffffff810490c5
     0.00%  benchmark-blas  [unknown]              [k] 0xffffffff8110f2d7
     0.00%  benchmark-blas  libblis.so             [.] bli_check_valid_3x1_subpart
     0.00%  benchmark-blas  libblis.so             [.] bli_l3_thrinfo_create
     0.00%  benchmark-blas  [unknown]              [k] 0xffffffff81801224
     0.00%  benchmark-blas  [unknown]              [k] 0xffffffff81801998
     0.00%  benchmark-blas  [unknown]              [k] 0xffffffff81275d10
     0.00%  benchmark-blas  [unknown]              [k] 0xffffffff817eaccf
     0.00%  benchmark-blas  [unknown]              [k] 0xffffffff8111d9bd
     0.00%  benchmark-blas  ld-2.31.so             [.] do_lookup_x
     0.00%  benchmark-blas  [unknown]              [k] 0xffffffff812943f0
     0.00%  benchmark-blas  libblis.so             [.] bli_pool_checkin_block
     0.00%  benchmark-blas  [unknown]              [k] 0xffffffff810e5ea0
     0.00%  benchmark-blas  [unknown]              [k] 0xffffffff8110c1f7
     0.00%  benchmark-blas  [unknown]              [k] 0xffffffff8101cdf0
     0.00%  benchmark-blas  [unknown]              [k] 0xffffffff8110c210
     0.00%  benchmark-blas  [unknown]              [k] 0xffffffff810ea0c1
     0.00%  benchmark-blas  [unknown]              [k] 0xffffffff8110b58e
     0.00%  benchmark-blas  [unknown]              [k] 0xffffffff8110f33b
     0.00%  benchmark-blas  [unknown]              [k] 0xffffffff8110c1c3
     0.00%  benchmark-blas  [unknown]              [k] 0xffffffff816423da
     0.00%  benchmark-blas  [unknown]              [k] 0xffffffff81461643
     0.00%  benchmark-blas  [unknown]              [k] 0xffffffff8118b7a7
     0.00%  benchmark-blas  [unknown]              [k] 0xffffffffa0460755
     0.00%  benchmark-blas  [unknown]              [k] 0xffffffff81025740
     0.00%  benchmark-blas  [unknown]              [k] 0xffffffff8110c22c
     0.00%  benchmark-blas  [unknown]              [k] 0xffffffff810fdc01
     0.00%  benchmark-blas  libblis.so             [.] bli_obj_create_without_buffer@plt
     0.00%  benchmark-blas  [unknown]              [k] 0xffffffff8110ab2c
     0.00%  benchmark-blas  [unknown]              [k] 0xffffffff8110c1de
     0.00%  benchmark-blas  [unknown]              [k] 0xffffffff817d8ac1
     0.00%  benchmark-blas  libc-2.31.so           [.] free
     0.00%  benchmark-blas  [unknown]              [k] 0xffffffff817daefd
     0.00%  benchmark-blas  libblis.so             [.] bli_thread_range_ndim
     0.00%  benchmark-blas  [unknown]              [k] 0xffffffff810fda88
     0.00%  benchmark-blas  libblis.so             [.] bli_acquire_mpart_l2r_check
     0.00%  benchmark-blas  [unknown]              [k] 0xffffffff810490ed
     0.00%  benchmark-blas  [unknown]              [k] 0xffffffff81120949
     0.00%  benchmark-blas  [unknown]              [k] 0xffffffff81801990
     0.00%  benchmark-blas  [unknown]              [k] 0xffffffff81123963
     0.00%  benchmark-blas  libgomp.so.1.0.0       [.] omp_get_thread_num
     0.00%  benchmark-blas  libblis.so             [.] bli_obj_scalar_reset
     0.00%  benchmark-blas  [unknown]              [k] 0xffffffff810dc409
     0.00%  benchmark-blas  [unknown]              [k] 0xffffffff8118a885
     0.00%  benchmark-blas  ld-2.31.so             [.] _dl_lookup_symbol_x
     0.00%  benchmark-blas  [unknown]              [k] 0xffffffff81291cbe
     0.00%  benchmark-blas  [unknown]              [k] 0xffffffff8146f0a2
     0.00%  benchmark-blas  [unknown]              [k] 0xffffffff8111da95
     0.00%  benchmark-blas  [unknown]              [k] 0xffffffff8111dbe5
     0.00%  benchmark-blas  libc-2.31.so           [.] clock_gettime
     0.00%  benchmark-blas  [unknown]              [k] 0xffffffff81232dda
     0.00%  benchmark-blas  [unknown]              [k] 0xffffffff8105ea32
     0.00%  benchmark-blas  [unknown]              [k] 0xffffffff81255562
     0.00%  benchmark-blas  [unknown]              [k] 0xffffffff81253fb0
     0.00%  benchmark-blas  [unknown]              [k] 0xffffffff817d9027
     0.00%  benchmark-blas  [unknown]              [k] 0xffffffff8113db68
     0.00%  benchmark-blas  [unknown]              [k] 0xffffffff8116bed9
     0.00%  benchmark-blas  [unknown]              [k] 0xffffffff8111daa6
     0.00%  benchmark-blas  [unknown]              [k] 0xffffffff8111fc5d
     0.00%  benchmark-blas  [unknown]              [k] 0xffffffffa0316009
     0.00%  benchmark-blas  [unknown]              [k] 0xffffffff8101cdf9
     0.00%  benchmark-blas  [unknown]              [k] 0xffffffff81275867
     0.00%  benchmark-blas  libc-2.31.so           [.] _IO_fwrite
     0.00%  benchmark-blas  libc-2.31.so           [.] __strlen_avx2
     0.00%  benchmark-blas  [unknown]              [k] 0xffffffff81244407
     0.00%  benchmark-blas  [unknown]              [k] 0xffffffff810dcf8b
     0.00%  benchmark-blas  [unknown]              [k] 0xffffffff8112105b
     0.00%  benchmark-blas  [unknown]              [k] 0xffffffff810ea0b0
     0.00%  benchmark-blas  [unknown]              [k] 0xffffffff817db172
     0.00%  benchmark-blas  [unknown]              [k] 0xffffffff8116c3d5
     0.00%  benchmark-blas  [unknown]              [k] 0xffffffff811241b0
     0.00%  benchmark-blas  [unknown]              [k] 0xffffffff8180122f
     0.00%  benchmark-blas  [unknown]              [k] 0xffffffff81465ab2
     0.00%  benchmark-blas  [unknown]              [k] 0xffffffff810b5552
     0.00%  benchmark-blas  [unknown]              [k] 0xffffffff810b2590
     0.00%  benchmark-blas  [unknown]              [k] 0xffffffff8101cdd6
     0.00%  benchmark-blas  [unknown]              [k] 0xffffffff810b8147
     0.00%  benchmark-blas  [unknown]              [k] 0xffffffff8104c84b
     0.00%  benchmark-blas  [unknown]              [k] 0xffffffff810e6068
     0.00%  benchmark-blas  [unknown]              [k] 0xffffffff8104fd70
     0.00%  benchmark-blas  [unknown]              [k] 0xffffffff810b87d3
     0.00%  benchmark-blas  [unknown]              [k] 0xffffffff810ea747
     0.00%  benchmark-blas  [unknown]              [k] 0xffffffff8104fd6d
     0.00%  benchmark-blas  [unknown]              [k] 0xffffffff81461e68
     0.00%  benchmark-blas  [unknown]              [k] 0xffffffff8155b0de
     0.00%  benchmark-blas  [unknown]              [k] 0xffffffff81801233
     0.00%  benchmark-blas  [unknown]              [k] 0xffffffff810b0ec1
     0.00%  benchmark-blas  [unknown]              [k] 0xffffffff8110b57b
     0.00%  benchmark-blas  [unknown]              [k] 0xffffffff81801239
     0.00%  benchmark-blas  libc-2.31.so           [.] __uselocale
     0.00%  benchmark-blas  [unknown]              [k] 0xffffffff8110f37c
     0.00%  benchmark-blas  [unknown]              [k] 0xffffffff810eae90
     0.00%  benchmark-blas  [unknown]              [k] 0xffffffff8110b7f1
     0.00%  benchmark-blas  [unknown]              [k] 0xffffffff8107aef4
     0.00%  benchmark-blas  [unknown]              [k] 0xffffffff817d9012
     0.00%  benchmark-blas  [unknown]              [k] 0xffffffff810b0d4f
     0.00%  benchmark-blas  [unknown]              [k] 0xffffffff810a22e0
     0.00%  benchmark-blas  [unknown]              [k] 0xffffffff81801099
     0.00%  benchmark-blas  [unknown]              [k] 0xffffffff81800002
     0.00%  benchmark-blas  libc-2.31.so           [.] sysmalloc
     0.00%  benchmark-blas  [unknown]              [k] 0xffffffff810eae07
     0.00%  benchmark-blas  [unknown]              [k] 0xffffffffa0316490
     0.00%  benchmark-blas  libc-2.31.so           [.] _IO_fflush
     0.00%  benchmark-blas  [unknown]              [k] 0xffffffff8180122d
     0.00%  benchmark-blas  [unknown]              [k] 0xffffffff8164a375
     0.00%  benchmark-blas  libpthread-2.31.so     [.] __lll_lock_wait
     0.00%  benchmark-blas  [unknown]              [k] 0xffffffff810e6044
     0.00%  benchmark-blas  [unknown]              [k] 0xffffffff8110ab89
     0.00%  benchmark-blas  [unknown]              [k] 0xffffffff8107af40
     0.00%  benchmark-blas  [unknown]              [k] 0xffffffff810a22f3
     0.00%  benchmark-blas  [unknown]              [k] 0xffffffff8111dc0a
     0.00%  benchmark-blas  [unknown]              [k] 0xffffffff8110c225
     0.00%  benchmark-blas  [unknown]              [k] 0xffffffff816423b0
     0.00%  benchmark-blas  [unknown]              [k] 0xffffffff817d9017
     0.00%  benchmark-blas  [unknown]              [k] 0xffffffff8118a9eb
     0.00%  benchmark-blas  [unknown]              [k] 0xffffffff812555b0
     0.00%  benchmark-blas  [unknown]              [k] 0xffffffff81025749
     0.00%  benchmark-blas  [unknown]              [k] 0xffffffff817eacbb
     0.00%  benchmark-blas  [unknown]              [k] 0xffffffff817dae12
     0.00%  benchmark-blas  libblis.so             [.] bli_copysc@plt
     0.00%  benchmark-blas  [unknown]              [k] 0xffffffff8110c196
     0.00%  benchmark-blas  [unknown]              [k] 0xffffffff810fda54
     0.00%  benchmark-blas  [unknown]              [k] 0xffffffff81801491
     0.00%  benchmark-blas  [unknown]              [k] 0xffffffff818010c3
     0.00%  benchmark-blas  [unknown]              [k] 0xffffffff8110e7c4
     0.00%  benchmark-blas  [unknown]              [k] 0xffffffff8111db85
     0.00%  benchmark-blas  [unknown]              [k] 0xffffffff817eac79
     0.00%  benchmark-blas  [unknown]              [k] 0xffffffff81254706
     0.00%  benchmark-blas  [unknown]              [k] 0xffffffff810ea0b5
     0.00%  benchmark-blas  [unknown]              [k] 0xffffffff81800eeb
     0.00%  benchmark-blas  [unknown]              [k] 0xffffffff8116c3e3
     0.00%  benchmark-blas  [unknown]              [k] 0xffffffff81801226
     0.00%  benchmark-blas  [unknown]              [k] 0xffffffff817db7e0
     0.00%  benchmark-blas  [unknown]              [k] 0xffffffff818019df
     0.00%  benchmark-blas  libblis.so             [.] bli_thrinfo_attach_sub_node
     0.00%  benchmark-blas  [unknown]              [k] 0xffffffff817ea9e5
     0.00%  benchmark-blas  libblis.so             [.] bli_l3_thread_decorator_entry
     0.00%  benchmark-blas  [unknown]              [k] 0xffffffff81461584
     0.00%  benchmark-blas  [unknown]              [k] 0xffffffff8110f2c8
     0.00%  benchmark-blas  [unknown]              [k] 0xffffffff817db1a1
     0.00%  benchmark-blas  [unknown]              [k] 0xffffffff817eacb0
     0.00%  benchmark-blas  [unknown]              [k] 0xffffffff8110c1ad
     0.00%  benchmark-blas  [unknown]              [k] 0xffffffff810b25df
     0.00%  benchmark-blas  [unknown]              [k] 0xffffffff8110f2df
     0.00%  benchmark-blas  [unknown]              [k] 0xffffffff8118a9ef
     0.00%  benchmark-blas  [unknown]              [k] 0xffffffff8110b890
     0.00%  benchmark-blas  [unknown]              [k] 0xffffffff810eae41
     0.00%  benchmark-blas  [unknown]              [k] 0xffffffff817d908e
     0.00%  benchmark-blas  [unknown]              [k] 0xffffffff810e60a6
     0.00%  benchmark-blas  libblis.so             [.] bli_thrcomm_bcast
     0.00%  benchmark-blas  [unknown]              [k] 0xffffffff81800043
     0.00%  benchmark-blas  libgomp.so.1.0.0       [.] omp_get_num_threads
     0.00%  benchmark-blas  [unknown]              [k] 0xffffffff81421553
     0.00%  benchmark-blas  [unknown]              [k] 0xffffffff81465add
     0.00%  benchmark-blas  [unknown]              [k] 0xffffffff810dcf88
     0.00%  benchmark-blas  [unknown]              [k] 0xffffffff817db7d8
     0.00%  benchmark-blas  [unknown]              [k] 0xffffffff817db7e2
     0.00%  benchmark-blas  [unknown]              [k] 0xffffffff8110f311
     0.00%  benchmark-blas  [unknown]              [k] 0xffffffff810e5e67
     0.00%  benchmark-blas  [unknown]              [k] 0xffffffff8110f2b7
     0.00%  benchmark-blas  [unknown]              [k] 0xffffffff8110e6d5
     0.00%  benchmark-blas  [unknown]              [k] 0xffffffff810e60b1
     0.00%  benchmark-blas  [unknown]              [k] 0xffffffff817d909e
     0.00%  benchmark-blas  libblis.so             [.] memset@plt
     0.00%  benchmark-blas  libc-2.31.so           [.] getenv
     0.00%  benchmark-blas  [unknown]              [k] 0xffffffff8111dbfc
     0.00%  benchmark-blas  [unknown]              [k] 0xffffffff810eae57
     0.00%  benchmark-blas  [unknown]              [k] 0xffffffff817eacbc
     0.00%  benchmark-blas  [unknown]              [k] 0xffffffff8111db8d
     0.00%  benchmark-blas  [unknown]              [k] 0xffffffff814215d2
     0.00%  benchmark-blas  libpthread-2.31.so     [.] __pthread_mutex_unlock_usercnt
     0.00%  benchmark-blas  [unknown]              [k] 0xffffffff810b554a
     0.00%  benchmark-blas  libblis.so             [.] bli_cntx_init_zen3_ref
     0.00%  benchmark-blas  [unknown]              [k] 0xffffffff810b0c58
     0.00%  benchmark-blas  [unknown]              [k] 0xffffffff810b825b
     0.00%  benchmark-blas  [unknown]              [k] 0xffffffffa04858c5
     0.00%  benchmark-blas  [unknown]              [k] 0xffffffff81801085
     0.00%  benchmark-blas  [unknown]              [k] 0xffffffff810dce4f
     0.00%  benchmark-blas  [unknown]              [k] 0xffffffff8118b5e7
     0.00%  benchmark-blas  libblis.so             [.] bli_stack_init
     0.00%  benchmark-blas  [unknown]              [k] 0xffffffff810b0d06
     0.00%  benchmark-blas  [unknown]              [k] 0xffffffff817dae90
     0.00%  benchmark-blas  libc-2.31.so           [.] arena_get2.part.4
     0.00%  benchmark-blas  [unknown]              [k] 0xffffffff81121545
     0.00%  benchmark-blas  [unknown]              [k] 0xffffffff811241e3
     0.00%  benchmark-blas  [unknown]              [k] 0xffffffff81124471
     0.00%  benchmark-blas  [unknown]              [k] 0xffffffff818000d9
     0.00%  benchmark-blas  [unknown]              [k] 0xffffffff8118a864
     0.00%  benchmark-blas  [unknown]              [k] 0xffffffff8110e74b
     0.00%  benchmark-blas  [unknown]              [k] 0xffffffff810dcf7c
     0.00%  benchmark-blas  [unknown]              [k] 0xffffffff8146165b
     0.00%  benchmark-blas  [unknown]              [k] 0xffffffff8111fc55
     0.00%  benchmark-blas  libblis.so             [.] bli_copysc_check
     0.00%  benchmark-blas  libgomp.so.1.0.0       [.] omp_fulfill_event
     0.00%  benchmark-blas  libblis.so             [.] bli_thread_launch_openmp._omp_fn.0
     0.00%  benchmark-blas  libblis.so             [.] bli_apool_array_elem
     0.00%  benchmark-blas  [unknown]              [k] 0xffffffff817d7ef0
     0.00%  benchmark-blas  libblis.so             [.] bli_acquire_mpart_mdim@plt
     0.00%  benchmark-blas  [unknown]              [k] 0xffffffff817e6b48
     0.00%  benchmark-blas  [unknown]              [k] 0xffffffff818014a5
     0.00%  benchmark-blas  [unknown]              [k] 0xffffffff8111fdba
     0.00%  benchmark-blas  libblis.so             [.] bli_thrinfo_create_root
     0.00%  benchmark-blas  [unknown]              [k] 0xffffffff8105ec4d
     0.00%  benchmark-blas  libblis.so             [.] bli_thrinfo_split
     0.00%  benchmark-blas  [unknown]              [k] 0xffffffff817d7f2d
     0.00%  benchmark-blas  [unknown]              [k] 0xffffffff810dcf1c
     0.00%  benchmark-blas  libblis.so             [.] bli_pba_acquire_m
     0.00%  benchmark-blas  [unknown]              [k] 0xffffffff8105e85e
     0.00%  benchmark-blas  [unknown]              [k] 0xffffffff81275dd8
     0.00%  benchmark-blas  [unknown]              [k] 0xffffffff817db18f
     0.00%  benchmark-blas  [unknown]              [k] 0xffffffff8118a942
     0.00%  benchmark-blas  [unknown]              [k] 0xffffffff812d2d32
     0.00%  benchmark-blas  [unknown]              [k] 0xffffffff81800ea3
     0.00%  benchmark-blas  ld-2.31.so             [.] _dl_relocate_object
     0.00%  benchmark-blas  [unknown]              [k] 0xffffffff81275b03
     0.00%  benchmark-blas  [unknown]              [k] 0xffffffff817db17f
     0.00%  benchmark-blas  [unknown]              [k] 0xffffffff81291cb0
     0.00%  benchmark-blas  [unknown]              [k] 0xffffffff8105e896
     0.00%  benchmark-blas  [unknown]              [k] 0xffffffff81255582
     0.00%  benchmark-blas  [unknown]              [k] 0xffffffff812bcc99
     0.00%  benchmark-blas  [unknown]              [k] 0xffffffff8105e816
     0.00%  benchmark-blas  [unknown]              [k] 0xffffffff8118a93b
     0.00%  benchmark-blas  ld-2.31.so             [.] _dl_fixup
     0.00%  benchmark-blas  [unknown]              [k] 0xffffffff81279165
     0.00%  benchmark-blas  [unknown]              [k] 0xffffffff812752ef
     0.00%  benchmark-blas  [unknown]              [k] 0xffffffff8118a954
     0.00%  benchmark-blas  [unknown]              [k] 0xffffffff8105ea2c
     0.00%  benchmark-blas  [unknown]              [k] 0xffffffff812556f0
     0.00%  benchmark-blas  [unknown]              [k] 0xffffffff8105ec64
     0.00%  benchmark-blas  [unknown]              [k] 0xffffffff8105e784
     0.00%  benchmark-blas  [unknown]              [k] 0xffffffff81253feb
     0.00%  benchmark-blas  [unknown]              [k] 0xffffffff81272941
     0.00%  benchmark-blas  [unknown]              [k] 0xffffffff81275db2
     0.00%  benchmark-blas  [unknown]              [k] 0xffffffff8105e882
     0.00%  benchmark-blas  [unknown]              [k] 0xffffffff817db193
     0.00%  benchmark-blas  [unknown]              [k] 0xffffffff817d8ad1
     0.00%  benchmark-blas  [unknown]              [k] 0xffffffff81275d34
     0.00%  benchmark-blas  [unknown]              [k] 0xffffffff81800ea8
     0.00%  benchmark-blas  [unknown]              [k] 0xffffffff812ab10b
     0.00%  benchmark-blas  [unknown]              [k] 0xffffffff810dc403
     0.00%  benchmark-blas  [unknown]              [k] 0xffffffff8105e846
     0.00%  benchmark-blas  [unknown]              [k] 0xffffffff817db198
     0.00%  benchmark-blas  [unknown]              [k] 0xffffffff8125555a
     0.00%  benchmark-blas  [unknown]              [k] 0xffffffff8127927e
     0.00%  benchmark-blas  [unknown]              [k] 0xffffffff81275d27
     0.00%  benchmark-blas  [unknown]              [k] 0xffffffff81254116
     0.00%  benchmark-blas  [unknown]              [k] 0xffffffff812943c5
     0.00%  benchmark-blas  [unknown]              [k] 0xffffffff81254e89
     0.00%  benchmark-blas  [unknown]              [k] 0xffffffff8127596b
     0.00%  benchmark-blas  [unknown]              [k] 0xffffffff812bfcee
     0.00%  benchmark-blas  [unknown]              [k] 0xffffffff812ba60c
     0.00%  benchmark-blas  [unknown]              [k] 0xffffffff812bdc0c
     0.00%  benchmark-blas  [unknown]              [k] 0xffffffff812555a2
     0.00%  benchmark-blas  [unknown]              [k] 0xffffffff8127920e
     0.00%  benchmark-blas  [unknown]              [k] 0xffffffff8105e878
     0.00%  benchmark-blas  [unknown]              [k] 0xffffffff812945ec
     0.00%  benchmark-blas  [unknown]              [k] 0xffffffff81275f2b
     0.00%  benchmark-blas  [unknown]              [k] 0xffffffff812443f5
     0.00%  benchmark-blas  [unknown]              [k] 0xffffffff812556eb
     0.00%  benchmark-blas  [unknown]              [k] 0xffffffff81275a8c
     0.00%  benchmark-blas  [unknown]              [k] 0xffffffff81259c41
     0.00%  benchmark-blas  [unknown]              [k] 0xffffffff8124448b
     0.00%  benchmark-blas  [unknown]              [k] 0xffffffff81253fa5
     0.00%  benchmark-blas  [unknown]              [k] 0xffffffff81255585
     0.00%  benchmark-blas  [unknown]              [k] 0xffffffff812bbe91
     0.00%  benchmark-blas  [unknown]              [k] 0xffffffff812943c0
     0.00%  benchmark-blas  [unknown]              [k] 0xffffffff81291cc5
     0.00%  benchmark-blas  [unknown]              [k] 0xffffffff8124441c
     0.00%  benchmark-blas  [unknown]              [k] 0xffffffff81253fd4
     0.00%  benchmark-blas  [unknown]              [k] 0xffffffff81232dce
     0.00%  benchmark-blas  [unknown]              [k] 0xffffffff8118b7a0
     0.00%  benchmark-blas  [unknown]              [k] 0xffffffff81253fcb
     0.00%  benchmark-blas  [unknown]              [k] 0xffffffff81279262
     0.00%  benchmark-blas  [unknown]              [k] 0xffffffff812756bf
     0.00%  benchmark-blas  [unknown]              [k] 0xffffffff81275695
     0.00%  benchmark-blas  [unknown]              [k] 0xffffffff81279181
     0.00%  benchmark-blas  [unknown]              [k] 0xffffffff817d8ab0
     0.00%  benchmark-blas  [unknown]              [k] 0xffffffff812943f8
     0.00%  benchmark-blas  ld-2.31.so             [.] strcmp
     0.00%  benchmark-blas  [unknown]              [k] 0xffffffff81801403
     0.00%  benchmark-blas  ld-2.31.so             [.] __GI___tunables_init
     0.00%  benchmark-blas  libcuda.so.535.129.03  [.] pthread_mutexattr_settype@plt
     0.00%  benchmark-blas  [unknown]              [k] 0xffffffff8127579d
     0.00%  benchmark-blas  libc-2.31.so           [.] __libc_alloca_cutoff
     0.00%  benchmark-blas  ld-2.31.so             [.] _dl_sysdep_start
     0.00%  benchmark-blas  libc-2.31.so           [.] __ctype_init
     0.00%  benchmark-blas  libpthread-2.31.so     [.] start_thread
     0.00%  benchmark-blas  [unknown]              [k] 0xffffffff817dae01
     0.00%  benchmark-blas  libc-2.31.so           [.] __sigsetjmp
     0.00%  benchmark-blas  libc-2.31.so           [.] __clone
     0.00%  benchmark-blas  [unknown]              [k] 0xffffffff81255535
     0.00%  benchmark-blas  libc-2.31.so           [.] malloc
     0.00%  benchmark-blas  [unknown]              [k] 0xffffffff817db77b
     0.00%  benchmark-blas  libpthread-2.31.so     [.] __pthread_enable_asynccancel
     0.00%  benchmark-blas  libc-2.31.so           [.] _setjmp
     0.00%  benchmark-blas  [unknown]              [k] 0xffffffff8118a934
     0.00%  benchmark-blas  [unknown]              [k] 0xffffffff8120d6b4
     0.00%  benchmark-blas  [unknown]              [k] 0xffffffff81103081
     0.00%  benchmark-blas  [unknown]              [k] 0xffffffff81120b65
     0.00%  benchmark-blas  [unknown]              [k] 0xffffffff811238e5
     0.00%  benchmark-blas  [unknown]              [k] 0xffffffff8110377e
     0.00%  benchmark-blas  ld-2.31.so             [.] _dl_start
     0.00%  benchmark-blas  [unknown]              [k] 0xffffffff817d7ef6
     0.00%  benchmark-blas  [unknown]              [k] 0xffffffff817d7f12
     0.00%  benchmark-blas  [unknown]              [k] 0xffffffff81028a2e
     0.00%  benchmark-blas  [unknown]              [k] 0xffffffff81120b6b
     0.00%  benchmark-blas  [unknown]              [k] 0xffffffff8118a910
     0.00%  benchmark-blas  [unknown]              [k] 0xffffffff817d7f42
     0.00%  benchmark-blas  [unknown]              [k] 0xffffffff817db794
     0.00%  benchmark-blas  [unknown]              [k] 0xffffffff817db7aa
     0.00%  benchmark-blas  [unknown]              [k] 0xffffffff81800040
     0.00%  benchmark-blas  libgomp.so.1.0.0       [.] omp_display_env_8_
     0.00%  benchmark-blas  libpthread-2.31.so     [.] pthread_setaffinity_np
     0.00%  benchmark-blas  [unknown]              [k] 0xffffffff81028a01
     0.00%  benchmark-blas  [unknown]              [k] 0xffffffff81103744
     0.00%  benchmark-blas  [unknown]              [k] 0xffffffff81103773
     0.00%  benchmark-blas  [unknown]              [k] 0xffffffff8118a91b
     0.00%  benchmark-blas  [unknown]              [k] 0xffffffff8118aa50
     0.00%  benchmark-blas  [unknown]              [k] 0xffffffff8118aa7f
     0.00%  benchmark-blas  [unknown]              [k] 0xffffffff8118aa84
     0.00%  benchmark-blas  [unknown]              [k] 0xffffffff8118aa8a
     0.00%  benchmark-blas  [unknown]              [k] 0xffffffff817d7f3e
     0.00%  benchmark-blas  [unknown]              [k] 0xffffffff817db680
     0.00%  benchmark-blas  [unknown]              [k] 0xffffffff817db684
     0.00%  benchmark-blas  [unknown]              [k] 0xffffffff817db781
     0.00%  benchmark-blas  [unknown]              [k] 0xffffffff817db789
     0.00%  benchmark-blas  [unknown]              [k] 0xffffffff81800000
     0.00%  benchmark-blas  [unknown]              [k] 0xffffffff818000de
     0.00%  benchmark-blas  [unknown]              [k] 0xffffffff818000e3
     0.00%  benchmark-blas  [unknown]              [k] 0xffffffff81800165


#
# (Cannot load tips.txt file, please install perf!)
#
