# To display the perf.data header info, please use --header/--header-only options.
#
#
# Total Lost Samples: 0
#
# Samples: 4M of event 'cycles:u'
# Event count (approx.): 3514307423429
#
# Overhead  Command         Shared Object             Symbol                                                                                                    
# ........  ..............  ........................  ..........................................................................................................
#
    87.02%  benchmark-blas  libsci_gnu_123_mp.so.6.0  [.] dgemm_kernel_loop_mnk_a1b1_mt_naples
     3.85%  benchmark-blas  libsci_gnu_123_mp.so.6.0  [.] dgemm_tcopy_12_avx2
     3.64%  benchmark-blas  libsci_gnu_123_mp.so.6.0  [.] dgemm_nkm_loop_a1b1_naples._omp_fn.7
     2.27%  benchmark-blas  libsci_gnu_123_mp.so.6.0  [.] dgemm_ncopy_4_avx2
     1.53%  benchmark-blas  benchmark-blas            [.] fill
     1.44%  benchmark-blas  libgomp.so.1.0.0          [.] omp_get_num_procs
     0.08%  benchmark-blas  libc-2.31.so              [.] __memset_avx2_erms
     0.06%  benchmark-blas  libc-2.31.so              [.] __memcpy_avx_unaligned_erms
     0.06%  benchmark-blas  [unknown]                 [k] 0xffffffff81801220
     0.00%  benchmark-blas  [unknown]                 [k] 0xffffffff81800ea0
     0.00%  benchmark-blas  [unknown]                 [k] 0xffffffff81801400
     0.00%  benchmark-blas  [unknown]                 [k] 0xffffffff81801223
     0.00%  benchmark-blas  [unknown]                 [k] 0xffffffff818001f8
     0.00%  benchmark-blas  [unknown]                 [k] 0xffffffff817eacda
     0.00%  benchmark-blas  [unknown]                 [k] 0xffffffff817db7d6
     0.00%  benchmark-blas  [unknown]                 [k] 0xffffffff81025743
     0.00%  benchmark-blas  [unknown]                 [k] 0xffffffff817dae91
     0.00%  benchmark-blas  [unknown]                 [k] 0xffffffff810490f3
     0.00%  benchmark-blas  [unknown]                 [k] 0xffffffff8110f2db
     0.00%  benchmark-blas  [unknown]                 [k] 0xffffffff8104fbfb
     0.00%  benchmark-blas  [unknown]                 [k] 0xffffffff817d8ace
     0.00%  benchmark-blas  [unknown]                 [k] 0xffffffff817d8abb
     0.00%  benchmark-blas  [unknown]                 [k] 0xffffffff817d8ac1
     0.00%  benchmark-blas  [unknown]                 [k] 0xffffffff8107aec0
     0.00%  benchmark-blas  [unknown]                 [k] 0xffffffff8107af01
     0.00%  benchmark-blas  [unknown]                 [k] 0xffffffff818019d5
     0.00%  benchmark-blas  [unknown]                 [k] 0xffffffff810490d7
     0.00%  benchmark-blas  [unknown]                 [k] 0xffffffff8107aedd
     0.00%  benchmark-blas  [unknown]                 [k] 0xffffffff817db827
     0.00%  benchmark-blas  [unknown]                 [k] 0xffffffff8110c185
     0.00%  benchmark-blas  [unknown]                 [k] 0xffffffff818019d0
     0.00%  benchmark-blas  [unknown]                 [k] 0xffffffff8104910a
     0.00%  benchmark-blas  [unknown]                 [k] 0xffffffff817eb720
     0.00%  benchmark-blas  [unknown]                 [k] 0xffffffff8104fbf2
     0.00%  benchmark-blas  [unknown]                 [k] 0xffffffff8118a9d7
     0.00%  benchmark-blas  [unknown]                 [k] 0xffffffff818001e8
     0.00%  benchmark-blas  [unknown]                 [k] 0xffffffff81801241
     0.00%  benchmark-blas  [unknown]                 [k] 0xffffffff8107aec5
     0.00%  benchmark-blas  [unknown]                 [k] 0xffffffff810490c5
     0.00%  benchmark-blas  [unknown]                 [k] 0xffffffff817d8ab3
     0.00%  benchmark-blas  [unknown]                 [k] 0xffffffff8146e227
     0.00%  benchmark-blas  [unknown]                 [k] 0xffffffff8110c1a7
     0.00%  benchmark-blas  [unknown]                 [k] 0xffffffff81904104
     0.00%  benchmark-blas  [unknown]                 [k] 0xffffffff818001f0
     0.00%  benchmark-blas  [unknown]                 [k] 0xffffffff8110f2b5
     0.00%  benchmark-blas  [unknown]                 [k] 0xffffffff8110f2c7
     0.00%  benchmark-blas  [unknown]                 [k] 0xffffffff817db820
     0.00%  benchmark-blas  [unknown]                 [k] 0xffffffff81801998
     0.00%  benchmark-blas  [unknown]                 [k] 0xffffffff81904108
     0.00%  benchmark-blas  [unknown]                 [k] 0xffffffff817daea2
     0.00%  benchmark-blas  [unknown]                 [k] 0xffffffff81801235
     0.00%  benchmark-blas  [unknown]                 [k] 0xffffffff810490cc
     0.00%  benchmark-blas  [unknown]                 [k] 0xffffffff81801229
     0.00%  benchmark-blas  libgomp.so.1.0.0          [.] GOMP_barrier
     0.00%  benchmark-blas  [unknown]                 [k] 0xffffffff8110c195
     0.00%  benchmark-blas  [unknown]                 [k] 0xffffffff818019da
     0.00%  benchmark-blas  [unknown]                 [k] 0xffffffff810dc3e8
     0.00%  benchmark-blas  [unknown]                 [k] 0xffffffff8107aed0
     0.00%  benchmark-blas  [unknown]                 [k] 0xffffffff81124471
     0.00%  benchmark-blas  [unknown]                 [k] 0xffffffff81800005
     0.00%  benchmark-blas  ld-2.31.so                [.] do_lookup_x
     0.00%  benchmark-blas  [unknown]                 [k] 0xffffffff817eb42c
     0.00%  benchmark-blas  [unknown]                 [k] 0xffffffff810490e8
     0.00%  benchmark-blas  [unknown]                 [k] 0xffffffff817eaccf
     0.00%  benchmark-blas  [unknown]                 [k] 0xffffffff81232dda
     0.00%  benchmark-blas  [unknown]                 [k] 0xffffffff8110b7f1
     0.00%  benchmark-blas  [unknown]                 [k] 0xffffffff81801237
     0.00%  benchmark-blas  [unknown]                 [k] 0xffffffff81801265
     0.00%  benchmark-blas  [unknown]                 [k] 0xffffffff817db7d0
     0.00%  benchmark-blas  ld-2.31.so                [.] _dl_lookup_symbol_x
     0.00%  benchmark-blas  [unknown]                 [k] 0xffffffff81275d10
     0.00%  benchmark-blas  [unknown]                 [k] 0xffffffff817db1a1
     0.00%  benchmark-blas  [unknown]                 [k] 0xffffffff8110f344
     0.00%  benchmark-blas  [unknown]                 [k] 0xffffffff81801224
     0.00%  benchmark-blas  [unknown]                 [k] 0xffffffff8104c845
     0.00%  benchmark-blas  [unknown]                 [k] 0xffffffff8110f2fa
     0.00%  benchmark-blas  [unknown]                 [k] 0xffffffff810ea73c
     0.00%  benchmark-blas  [unknown]                 [k] 0xffffffff8105e7ca
     0.00%  benchmark-blas  [unknown]                 [k] 0xffffffff816423b9
     0.00%  benchmark-blas  [unknown]                 [k] 0xffffffff817eacbd
     0.00%  benchmark-blas  [unknown]                 [k] 0xffffffff8104c861
     0.00%  benchmark-blas  [unknown]                 [k] 0xffffffff81049106
     0.00%  benchmark-blas  [unknown]                 [k] 0xffffffff818001fa
     0.00%  benchmark-blas  [unknown]                 [k] 0xffffffff817dad71
     0.00%  benchmark-blas  [unknown]                 [k] 0xffffffff814215d2
     0.00%  benchmark-blas  [unknown]                 [k] 0xffffffff8105e85e
     0.00%  benchmark-blas  [unknown]                 [k] 0xffffffff812bbe91
     0.00%  benchmark-blas  [unknown]                 [k] 0xffffffff817eacbc
     0.00%  benchmark-blas  [unknown]                 [k] 0xffffffff81275dd8
     0.00%  benchmark-blas  [unknown]                 [k] 0xffffffff8118a93b
     0.00%  benchmark-blas  ld-2.31.so                [.] _dl_fixup
     0.00%  benchmark-blas  [unknown]                 [k] 0xffffffff81275631
     0.00%  benchmark-blas  [unknown]                 [k] 0xffffffff817db869
     0.00%  benchmark-blas  [unknown]                 [k] 0xffffffff8118a942
     0.00%  benchmark-blas  [unknown]                 [k] 0xffffffff8111d9e7
     0.00%  benchmark-blas  [unknown]                 [k] 0xffffffff81291cc5
     0.00%  benchmark-blas  [unknown]                 [k] 0xffffffff8110e74b
     0.00%  benchmark-blas  [unknown]                 [k] 0xffffffff810d443d
     0.00%  benchmark-blas  [unknown]                 [k] 0xffffffff8129456e
     0.00%  benchmark-blas  libgomp.so.1.0.0          [.] omp_fulfill_event
     0.00%  benchmark-blas  [unknown]                 [k] 0xffffffff8127916b
     0.00%  benchmark-blas  [unknown]                 [k] 0xffffffff811241b0
     0.00%  benchmark-blas  [unknown]                 [k] 0xffffffff81124258
     0.00%  benchmark-blas  [unknown]                 [k] 0xffffffff81253fee
     0.00%  benchmark-blas  [unknown]                 [k] 0xffffffff812757e3
     0.00%  benchmark-blas  [unknown]                 [k] 0xffffffff8111dbfc
     0.00%  benchmark-blas  [unknown]                 [k] 0xffffffff8110c233
     0.00%  benchmark-blas  libpthread-2.31.so        [.] __pthread_once
     0.00%  benchmark-blas  [unknown]                 [k] 0xffffffff8110f33e
     0.00%  benchmark-blas  [unknown]                 [k] 0xffffffff817daefd
     0.00%  benchmark-blas  [unknown]                 [k] 0xffffffff810e60b1
     0.00%  benchmark-blas  [unknown]                 [k] 0xffffffff810ea0c1
     0.00%  benchmark-blas  [unknown]                 [k] 0xffffffff81800002
     0.00%  benchmark-blas  libstdc++.so.6.0.30       [.] std::chrono::_V2::system_clock::now
     0.00%  benchmark-blas  [unknown]                 [k] 0xffffffff8110f37a
     0.00%  benchmark-blas  libgomp.so.1.0.0          [.] GOMP_single_copy_end
     0.00%  benchmark-blas  [unknown]                 [k] 0xffffffff817daefa
     0.00%  benchmark-blas  [unknown]                 [k] 0xffffffff817ea9e5
     0.00%  benchmark-blas  [unknown]                 [k] 0xffffffff812bcca7
     0.00%  benchmark-blas  [unknown]                 [k] 0xffffffff810e6026
     0.00%  benchmark-blas  ld-2.31.so                [.] memset
     0.00%  benchmark-blas  [unknown]                 [k] 0xffffffff8101cdd6
     0.00%  benchmark-blas  [unknown]                 [k] 0xffffffff81801460
     0.00%  benchmark-blas  [unknown]                 [k] 0xffffffff812729dd
     0.00%  benchmark-blas  [unknown]                 [k] 0xffffffff8110f2c8
     0.00%  benchmark-blas  libgomp.so.1.0.0          [.] omp_get_thread_num
     0.00%  benchmark-blas  [unknown]                 [k] 0xffffffff81800040
     0.00%  benchmark-blas  [unknown]                 [k] 0xffffffff8118a947
     0.00%  benchmark-blas  [unknown]                 [k] 0xffffffff8110b77c
     0.00%  benchmark-blas  [unknown]                 [k] 0xffffffff8104c84e
     0.00%  benchmark-blas  [unknown]                 [k] 0xffffffff810ea747
     0.00%  benchmark-blas  [unknown]                 [k] 0xffffffff810e5e6f
     0.00%  benchmark-blas  [unknown]                 [k] 0xffffffff8118aa0a
     0.00%  benchmark-blas  [unknown]                 [k] 0xffffffff810aa559
     0.00%  benchmark-blas  [unknown]                 [k] 0xffffffff817dae01
     0.00%  benchmark-blas  [unknown]                 [k] 0xffffffff817db862
     0.00%  benchmark-blas  [unknown]                 [k] 0xffffffff810ea0bd
     0.00%  benchmark-blas  [unknown]                 [k] 0xffffffff814215c0
     0.00%  benchmark-blas  [unknown]                 [k] 0xffffffff810be60c
     0.00%  benchmark-blas  [unknown]                 [k] 0xffffffff810bd5b6
     0.00%  benchmark-blas  [unknown]                 [k] 0xffffffff81801226
     0.00%  benchmark-blas  [unknown]                 [k] 0xffffffff810b2d17
     0.00%  benchmark-blas  [unknown]                 [k] 0xffffffff81259c25
     0.00%  benchmark-blas  [unknown]                 [k] 0xffffffff817d8ad1
     0.00%  benchmark-blas  [unknown]                 [k] 0xffffffff81800000
     0.00%  benchmark-blas  [unknown]                 [k] 0xffffffff817eacbb
     0.00%  benchmark-blas  [unknown]                 [k] 0xffffffff818010c3
     0.00%  benchmark-blas  [unknown]                 [k] 0xffffffff8101cdf9
     0.00%  benchmark-blas  [unknown]                 [k] 0xffffffff81232dce
     0.00%  benchmark-blas  [unknown]                 [k] 0xffffffff810e5ea0
     0.00%  benchmark-blas  [unknown]                 [k] 0xffffffff8110f306
     0.00%  benchmark-blas  [unknown]                 [k] 0xffffffff8107aef4
     0.00%  benchmark-blas  [unknown]                 [k] 0xffffffff8180123d
     0.00%  benchmark-blas  [unknown]                 [k] 0xffffffff817eace4
     0.00%  benchmark-blas  [unknown]                 [k] 0xffffffff810ea0b5
     0.00%  benchmark-blas  [unknown]                 [k] 0xffffffff81120949
     0.00%  benchmark-blas  [unknown]                 [k] 0xffffffff817d9027
     0.00%  benchmark-blas  [unknown]                 [k] 0xffffffff8110c1f7
     0.00%  benchmark-blas  [unknown]                 [k] 0xffffffff81121583
     0.00%  benchmark-blas  [unknown]                 [k] 0xffffffff812bfcee
     0.00%  benchmark-blas  [unknown]                 [k] 0xffffffff817d9012
     0.00%  benchmark-blas  [unknown]                 [k] 0xffffffff8118b7a7
     0.00%  benchmark-blas  [unknown]                 [k] 0xffffffff812aafc6
     0.00%  benchmark-blas  [unknown]                 [k] 0xffffffff81801463
     0.00%  benchmark-blas  [unknown]                 [k] 0xffffffff8112158f
     0.00%  benchmark-blas  [unknown]                 [k] 0xffffffff818012e0
     0.00%  benchmark-blas  [unknown]                 [k] 0xffffffff817dae12
     0.00%  benchmark-blas  [unknown]                 [k] 0xffffffff81244407
     0.00%  benchmark-blas  [unknown]                 [k] 0xffffffffa0615a6b
     0.00%  benchmark-blas  [unknown]                 [k] 0xffffffff810dc409
     0.00%  benchmark-blas  [unknown]                 [k] 0xffffffff81801262
     0.00%  benchmark-blas  [unknown]                 [k] 0xffffffff8127579d
     0.00%  benchmark-blas  [unknown]                 [k] 0xffffffff8118a885
     0.00%  benchmark-blas  [unknown]                 [k] 0xffffffff812757c5
     0.00%  benchmark-blas  [unknown]                 [k] 0xffffffff81279165
     0.00%  benchmark-blas  [unknown]                 [k] 0xffffffff817db172
     0.00%  benchmark-blas  [unknown]                 [k] 0xffffffff81275dbe
     0.00%  benchmark-blas  ld-2.31.so                [.] check_match
     0.00%  benchmark-blas  [unknown]                 [k] 0xffffffff81800ea3
     0.00%  benchmark-blas  [unknown]                 [k] 0xffffffff812555a2
     0.00%  benchmark-blas  [unknown]                 [k] 0xffffffff812945f5
     0.00%  benchmark-blas  [unknown]                 [k] 0xffffffff817db17f
     0.00%  benchmark-blas  [unknown]                 [k] 0xffffffff8105e94e
     0.00%  benchmark-blas  [unknown]                 [k] 0xffffffff81232dd6
     0.00%  benchmark-blas  [unknown]                 [k] 0xffffffff817db18f
     0.00%  benchmark-blas  [unknown]                 [k] 0xffffffff8105ea32
     0.00%  benchmark-blas  ld-2.31.so                [.] _dl_relocate_object
     0.00%  benchmark-blas  [unknown]                 [k] 0xffffffff81273a09
     0.00%  benchmark-blas  [unknown]                 [k] 0xffffffff81279160
     0.00%  benchmark-blas  [unknown]                 [k] 0xffffffff8118a86e
     0.00%  benchmark-blas  [unknown]                 [k] 0xffffffff812752ef
     0.00%  benchmark-blas  [unknown]                 [k] 0xffffffff81800eb2
     0.00%  benchmark-blas  [unknown]                 [k] 0xffffffff81255562
     0.00%  benchmark-blas  [unknown]                 [k] 0xffffffff812ab10b
     0.00%  benchmark-blas  [unknown]                 [k] 0xffffffff812943ce
     0.00%  benchmark-blas  [unknown]                 [k] 0xffffffff812bfd1c
     0.00%  benchmark-blas  [unknown]                 [k] 0xffffffff8127293d
     0.00%  benchmark-blas  [unknown]                 [k] 0xffffffff812793b9
     0.00%  benchmark-blas  [unknown]                 [k] 0xffffffff81279262
     0.00%  benchmark-blas  [unknown]                 [k] 0xffffffff817db867
     0.00%  benchmark-blas  [unknown]                 [k] 0xffffffff81275b03
     0.00%  benchmark-blas  [unknown]                 [k] 0xffffffff81275d2b
     0.00%  benchmark-blas  [unknown]                 [k] 0xffffffff81800ee3
     0.00%  benchmark-blas  [unknown]                 [k] 0xffffffff812aafc8
     0.00%  benchmark-blas  [unknown]                 [k] 0xffffffff81275db2
     0.00%  benchmark-blas  [unknown]                 [k] 0xffffffff8105e8a2
     0.00%  benchmark-blas  [unknown]                 [k] 0xffffffff812943c5
     0.00%  benchmark-blas  [unknown]                 [k] 0xffffffff810b158e
     0.00%  benchmark-blas  [unknown]                 [k] 0xffffffff81275b73
     0.00%  benchmark-blas  [unknown]                 [k] 0xffffffff81279181
     0.00%  benchmark-blas  [unknown]                 [k] 0xffffffff812943f0
     0.00%  benchmark-blas  [unknown]                 [k] 0xffffffff812793b7
     0.00%  benchmark-blas  [unknown]                 [k] 0xffffffff81275d34
     0.00%  benchmark-blas  [unknown]                 [k] 0xffffffff817db19b
     0.00%  benchmark-blas  [unknown]                 [k] 0xffffffff81253fb0
     0.00%  benchmark-blas  [unknown]                 [k] 0xffffffff8105e784
     0.00%  benchmark-blas  [unknown]                 [k] 0xffffffff8125459e
     0.00%  benchmark-blas  [unknown]                 [k] 0xffffffff812bdbe0
     0.00%  benchmark-blas  [unknown]                 [k] 0xffffffff81254046
     0.00%  benchmark-blas  [unknown]                 [k] 0xffffffff812bdc14
     0.00%  benchmark-blas  [unknown]                 [k] 0xffffffff812543ff
     0.00%  benchmark-blas  [unknown]                 [k] 0xffffffff812bce87
     0.00%  benchmark-blas  [unknown]                 [k] 0xffffffff8124441c
     0.00%  benchmark-blas  [unknown]                 [k] 0xffffffff8129444e
     0.00%  benchmark-blas  [unknown]                 [k] 0xffffffff812443f5
     0.00%  benchmark-blas  [unknown]                 [k] 0xffffffff812bcc9a
     0.00%  benchmark-blas  [unknown]                 [k] 0xffffffff812bfd0f
     0.00%  benchmark-blas  [unknown]                 [k] 0xffffffff8105e846
     0.00%  benchmark-blas  [unknown]                 [k] 0xffffffff812bbe70
     0.00%  benchmark-blas  [unknown]                 [k] 0xffffffff812bfd00
     0.00%  benchmark-blas  libstdc++.so.6.0.30       [.] std::use_facet<std::num_put<wchar_t, std::ostreambuf_iterator<wchar_t, std::char_traits<wchar_t> > > >
     0.00%  benchmark-blas  [unknown]                 [k] 0xffffffff812f51a8
     0.00%  benchmark-blas  [unknown]                 [k] 0xffffffff812756bf
     0.00%  benchmark-blas  [unknown]                 [k] 0xffffffff812ddc7a
     0.00%  benchmark-blas  [unknown]                 [k] 0xffffffff81255586
     0.00%  benchmark-blas  [unknown]                 [k] 0xffffffff812793a9
     0.00%  benchmark-blas  [unknown]                 [k] 0xffffffff8125555a
     0.00%  benchmark-blas  [unknown]                 [k] 0xffffffff817eb430
     0.00%  benchmark-blas  [unknown]                 [k] 0xffffffff81294562
     0.00%  benchmark-blas  [unknown]                 [k] 0xffffffff817d7f36
     0.00%  benchmark-blas  ld-2.31.so                [.] strcmp
     0.00%  benchmark-blas  [unknown]                 [k] 0xffffffff812bcc99
     0.00%  benchmark-blas  [unknown]                 [k] 0xffffffff8125b92f
     0.00%  benchmark-blas  libc-2.31.so              [.] __strncmp_avx2
     0.00%  benchmark-blas  [unknown]                 [k] 0xffffffff812bce8a
     0.00%  benchmark-blas  [unknown]                 [k] 0xffffffff812ba659
     0.00%  benchmark-blas  [unknown]                 [k] 0xffffffff81103770
     0.00%  benchmark-blas  [unknown]                 [k] 0xffffffff812757ae
     0.00%  benchmark-blas  ld-2.31.so                [.] __GI___tunables_init
     0.00%  benchmark-blas  [unknown]                 [k] 0xffffffff8146e229
     0.00%  benchmark-blas  [unknown]                 [k] 0xffffffff812bd026
     0.00%  benchmark-blas  [unknown]                 [k] 0xffffffff8127024d
     0.00%  benchmark-blas  [unknown]                 [k] 0xffffffff81272a49
     0.00%  benchmark-blas  [unknown]                 [k] 0xffffffff81254dc5
     0.00%  benchmark-blas  [unknown]                 [k] 0xffffffff812b85ad
     0.00%  benchmark-blas  [unknown]                 [k] 0xffffffff812bdbf0
     0.00%  benchmark-blas  [unknown]                 [k] 0xffffffff812bdba0
     0.00%  benchmark-blas  [unknown]                 [k] 0xffffffff812757b5
     0.00%  benchmark-blas  [unknown]                 [k] 0xffffffff81275827
     0.00%  benchmark-blas  [unknown]                 [k] 0xffffffff8113d87c
     0.00%  benchmark-blas  [unknown]                 [k] 0xffffffff81255551
     0.00%  benchmark-blas  [unknown]                 [k] 0xffffffff812bdc1d
     0.00%  benchmark-blas  [unknown]                 [k] 0xffffffff812739ee
     0.00%  benchmark-blas  libc-2.31.so              [.] printf_positional
     0.00%  benchmark-blas  libc-2.31.so              [.] getenv
     0.00%  benchmark-blas  [unknown]                 [k] 0xffffffff8125554d
     0.00%  benchmark-blas  libc-2.31.so              [.] __strchrnul_avx2
     0.00%  benchmark-blas  libpthread-2.31.so        [.] __pthread_enable_asynccancel
     0.00%  benchmark-blas  libpthread-2.31.so        [.] _pthread_cleanup_push_defer
     0.00%  benchmark-blas  [unknown]                 [k] 0xffffffff812509f1
     0.00%  benchmark-blas  libpthread-2.31.so        [.] start_thread
     0.00%  benchmark-blas  libc-2.31.so              [.] __sigsetjmp
     0.00%  benchmark-blas  libc-2.31.so              [.] printf
     0.00%  benchmark-blas  libc-2.31.so              [.] __ctype_init
     0.00%  benchmark-blas  libc-2.31.so              [.] __clone
     0.00%  benchmark-blas  libc-2.31.so              [.] _setjmp
     0.00%  benchmark-blas  [unknown]                 [k] 0xffffffff8118a934
     0.00%  benchmark-blas  ld-2.31.so                [.] _dl_start
     0.00%  benchmark-blas  [unknown]                 [k] 0xffffffff817db771
     0.00%  benchmark-blas  libc-2.31.so              [.] __strlen_avx2
     0.00%  benchmark-blas  [unknown]                 [k] 0xffffffff817d7f2d
     0.00%  benchmark-blas  [unknown]                 [k] 0xffffffff81120b65
     0.00%  benchmark-blas  [unknown]                 [k] 0xffffffff817db680
     0.00%  benchmark-blas  [unknown]                 [k] 0xffffffff81121547
     0.00%  benchmark-blas  [unknown]                 [k] 0xffffffff8118a954
     0.00%  benchmark-blas  [unknown]                 [k] 0xffffffff81103773
     0.00%  benchmark-blas  [unknown]                 [k] 0xffffffff8120b61b
     0.00%  benchmark-blas  [unknown]                 [k] 0xffffffff817d7ef6
     0.00%  benchmark-blas  [unknown]                 [k] 0xffffffff817d7f42
     0.00%  benchmark-blas  [unknown]                 [k] 0xffffffff8180004c
     0.00%  benchmark-blas  [unknown]                 [k] 0xffffffff818001d6
     0.00%  benchmark-blas  [unknown]                 [k] 0xffffffff8118aa50
     0.00%  benchmark-blas  [unknown]                 [k] 0xffffffff81800188
     0.00%  benchmark-blas  libc-2.31.so              [.] free
     0.00%  benchmark-blas  libgomp.so.1.0.0          [.] omp_display_env_8_
     0.00%  benchmark-blas  libpthread-2.31.so        [.] pthread_setaffinity_np
     0.00%  benchmark-blas  libstdc++.so.6.0.30       [.] operator delete
     0.00%  benchmark-blas  [unknown]                 [k] 0xffffffff81028a01
     0.00%  benchmark-blas  [unknown]                 [k] 0xffffffff81028a2e
     0.00%  benchmark-blas  [unknown]                 [k] 0xffffffff8110377e
     0.00%  benchmark-blas  [unknown]                 [k] 0xffffffff8118a864
     0.00%  benchmark-blas  [unknown]                 [k] 0xffffffff8118a87a
     0.00%  benchmark-blas  [unknown]                 [k] 0xffffffff8118aa7f
     0.00%  benchmark-blas  [unknown]                 [k] 0xffffffff8118b5e7
     0.00%  benchmark-blas  [unknown]                 [k] 0xffffffff812bdba5
     0.00%  benchmark-blas  [unknown]                 [k] 0xffffffff8146b943
     0.00%  benchmark-blas  [unknown]                 [k] 0xffffffff817d7ef0
     0.00%  benchmark-blas  [unknown]                 [k] 0xffffffff817d7f12
     0.00%  benchmark-blas  [unknown]                 [k] 0xffffffff817db676
     0.00%  benchmark-blas  [unknown]                 [k] 0xffffffff817db77b
     0.00%  benchmark-blas  [unknown]                 [k] 0xffffffff817db78e
     0.00%  benchmark-blas  [unknown]                 [k] 0xffffffff817db794
     0.00%  benchmark-blas  [unknown]                 [k] 0xffffffff818000de
     0.00%  benchmark-blas  [unknown]                 [k] 0xffffffff818000e8
     0.00%  benchmark-blas  [unknown]                 [k] 0xffffffff81800165
     0.00%  benchmark-blas  [unknown]                 [k] 0xffffffff818001d1


#
# (Cannot load tips.txt file, please install perf!)
#
