Description:	

Working on problem size N=8000 
 Elapsed time is : 1.318336 (sec) 
Working on problem size N=8000 
 Elapsed time is : 1.240314 (sec) 
Working on problem size N=8000 
 Elapsed time is : 1.220144 (sec) 
Working on problem size N=8000 
 Elapsed time is : 1.223305 (sec) 
Working on problem size N=8000 
 Elapsed time is : 1.181924 (sec) 
Working on problem size N=8000 
 Elapsed time is : 1.230775 (sec) 
Working on problem size N=8000 
 Elapsed time is : 1.225588 (sec) 
Working on problem size N=8000 
 Elapsed time is : 1.208407 (sec) 
Working on problem size N=8000 
 Elapsed time is : 1.254477 (sec) 
Working on problem size N=8000 
 Elapsed time is : 1.214134 (sec) 
 First of 10 iterations= 1.318336 (sec)
Flopcount: 1024.128000 GFLOP
Best (4)      1.181924 sec     866.492389 GFLOPs
