Description:	

Working on problem size N=8000 
 Elapsed time is : 1.508464 (sec) 
Working on problem size N=8000 
 Elapsed time is : 1.327317 (sec) 
Working on problem size N=8000 
 Elapsed time is : 1.328268 (sec) 
Working on problem size N=8000 
 Elapsed time is : 1.325634 (sec) 
Working on problem size N=8000 
 Elapsed time is : 1.328534 (sec) 
Working on problem size N=8000 
 Elapsed time is : 1.326499 (sec) 
Working on problem size N=8000 
 Elapsed time is : 1.315257 (sec) 
Working on problem size N=8000 
 Elapsed time is : 1.323530 (sec) 
Working on problem size N=8000 
 Elapsed time is : 1.318338 (sec) 
Working on problem size N=8000 
 Elapsed time is : 1.314374 (sec) 
 First of 10 iterations= 1.508464 (sec)
Flopcount: 1024.128000 GFLOP
Best (9)      1.314374 sec     779.175593 GFLOPs
