# To display the perf.data header info, please use --header/--header-only options.
#
#
# Total Lost Samples: 0
#
# Samples: 6M of event 'cycles:u'
# Event count (approx.): 5575767895953
#
# Overhead  Command         Shared Object             Symbol                                                                                                                                                            
# ........  ..............  ........................  ..................................................................................................................................................................
#
    78.40%  benchmark-blas  libmkl_avx2.so.2          [.] mkl_blas_avx2_dgemm_kernel_0
    10.27%  benchmark-blas  libiomp5.so               [.] _INTERNAL92a63c0c::__kmp_wait_template<kmp_flag_64<false, true>, true, false, true>
     5.21%  benchmark-blas  libmkl_intel_thread.so.2  [.] wait_for_work
     1.63%  benchmark-blas  libmkl_avx2.so.2          [.] mkl_blas_avx2_dgemm_dcopy_right4_ea
     1.32%  benchmark-blas  libmkl_avx2.so.2          [.] mkl_blas_avx2_dgemm_dcopy_down12_ea
     0.96%  benchmark-blas  benchmark-blas            [.] fill
     0.38%  benchmark-blas  libmkl_intel_thread.so.2  [.] omp_parallel_acopy_lookahead
     0.26%  benchmark-blas  libiomp5.so               [.] __kmp_wait_4
     0.22%  benchmark-blas  libiomp5.so               [.] kmp_flag_native<unsigned long long, (flag_type)1, true>::notdone_check
     0.08%  benchmark-blas  [unknown]                 [k] 0xffffffff81801220
     0.06%  benchmark-blas  [unknown]                 [k] 0xffffffff810c4386
     0.05%  benchmark-blas  libc-2.31.so              [.] __memset_avx2_erms
     0.04%  benchmark-blas  [unknown]                 [k] 0xffffffff810ba37d
     0.04%  benchmark-blas  libc-2.31.so              [.] __memcpy_avx_unaligned_erms
     0.04%  benchmark-blas  [unknown]                 [k] 0xffffffff810ba369
     0.04%  benchmark-blas  [unknown]                 [k] 0xffffffff810c4358
     0.03%  benchmark-blas  [unknown]                 [k] 0xffffffff81800043
     0.02%  benchmark-blas  [unknown]                 [k] 0xffffffff8102652f
     0.02%  benchmark-blas  [unknown]                 [k] 0xffffffff81904104
     0.02%  benchmark-blas  [unknown]                 [k] 0xffffffff8118a885
     0.02%  benchmark-blas  [unknown]                 [k] 0xffffffff810b7e45
     0.02%  benchmark-blas  libc-2.31.so              [.] sched_yield
     0.02%  benchmark-blas  [unknown]                 [k] 0xffffffff810ba36d
     0.02%  benchmark-blas  [unknown]                 [k] 0xffffffff810b6ac2
     0.02%  benchmark-blas  [unknown]                 [k] 0xffffffff81904108
     0.02%  benchmark-blas  [unknown]                 [k] 0xffffffff81800040
     0.01%  benchmark-blas  [unknown]                 [k] 0xffffffff8118a942
     0.01%  benchmark-blas  [unknown]                 [k] 0xffffffff810c4380
     0.01%  benchmark-blas  [unknown]                 [k] 0xffffffff817e4042
     0.01%  benchmark-blas  [unknown]                 [k] 0xffffffff810adfa4
     0.01%  benchmark-blas  [unknown]                 [k] 0xffffffff817eb720
     0.01%  benchmark-blas  [unknown]                 [k] 0xffffffff817db680
     0.01%  benchmark-blas  libmkl_core.so.2          [.] mkl_serv_trylock
     0.01%  benchmark-blas  [unknown]                 [k] 0xffffffff810c4370
     0.01%  benchmark-blas  [unknown]                 [k] 0xffffffff817d7f36
     0.01%  benchmark-blas  libiomp5.so               [.] __kmp_release_queuing_lock
     0.01%  benchmark-blas  [unknown]                 [k] 0xffffffff817d7ef0
     0.01%  benchmark-blas  [unknown]                 [k] 0xffffffff810c4368
     0.01%  benchmark-blas  [unknown]                 [k] 0xffffffff810b7cdf
     0.01%  benchmark-blas  [unknown]                 [k] 0xffffffff817db77a
     0.01%  benchmark-blas  [unknown]                 [k] 0xffffffff8180004c
     0.01%  benchmark-blas  [unknown]                 [k] 0xffffffff8118aa50
     0.01%  benchmark-blas  [unknown]                 [k] 0xffffffff8118a850
     0.01%  benchmark-blas  [unknown]                 [k] 0xffffffff810ba456
     0.01%  benchmark-blas  [unknown]                 [k] 0xffffffff810b6774
     0.01%  benchmark-blas  [unknown]                 [k] 0xffffffff817db794
     0.01%  benchmark-blas  [unknown]                 [k] 0xffffffff817d7f12
     0.01%  benchmark-blas  libiomp5.so               [.] __kmp_yield
     0.01%  benchmark-blas  [unknown]                 [k] 0xffffffff817db781
     0.01%  benchmark-blas  [unknown]                 [k] 0xffffffff810f63c0
     0.01%  benchmark-blas  [unknown]                 [k] 0xffffffff817eaca0
     0.01%  benchmark-blas  [unknown]                 [k] 0xffffffff817e4726
     0.01%  benchmark-blas  [unknown]                 [k] 0xffffffff8118a954
     0.01%  benchmark-blas  [unknown]                 [k] 0xffffffff810ba375
     0.01%  benchmark-blas  [unknown]                 [k] 0xffffffff817e3e12
     0.01%  benchmark-blas  [unknown]                 [k] 0xffffffff810adf61
     0.01%  benchmark-blas  [unknown]                 [k] 0xffffffff817e3e07
     0.01%  benchmark-blas  [unknown]                 [k] 0xffffffff810b6aaa
     0.01%  benchmark-blas  [unknown]                 [k] 0xffffffff810b7cc7
     0.01%  benchmark-blas  [unknown]                 [k] 0xffffffff810b6a45
     0.01%  benchmark-blas  [unknown]                 [k] 0xffffffff81800005
     0.01%  benchmark-blas  [unknown]                 [k] 0xffffffff817e3dfc
     0.01%  benchmark-blas  libiomp5.so               [.] __kmp_eq_4
     0.01%  benchmark-blas  [unknown]                 [k] 0xffffffff810adf9d
     0.01%  benchmark-blas  [unknown]                 [k] 0xffffffff810adf4a
     0.01%  benchmark-blas  [unknown]                 [k] 0xffffffff810adfcc
     0.01%  benchmark-blas  [unknown]                 [k] 0xffffffff817d7f42
     0.01%  benchmark-blas  [unknown]                 [k] 0xffffffff8118a9fd
     0.01%  benchmark-blas  [unknown]                 [k] 0xffffffff810ba685
     0.01%  benchmark-blas  [unknown]                 [k] 0xffffffff810ba3ee
     0.01%  benchmark-blas  [unknown]                 [k] 0xffffffff818000e3
     0.01%  benchmark-blas  [unknown]                 [k] 0xffffffff810adfc5
     0.00%  benchmark-blas  [unknown]                 [k] 0xffffffff810ba332
     0.00%  benchmark-blas  [unknown]                 [k] 0xffffffff8118aa7f
     0.00%  benchmark-blas  [unknown]                 [k] 0xffffffff810fd13f
     0.00%  benchmark-blas  [unknown]                 [k] 0xffffffff817e3e58
     0.00%  benchmark-blas  [unknown]                 [k] 0xffffffff817db77b
     0.00%  benchmark-blas  [unknown]                 [k] 0xffffffff817e3dab
     0.00%  benchmark-blas  [unknown]                 [k] 0xffffffff810ac8cb
     0.00%  benchmark-blas  [unknown]                 [k] 0xffffffff810b6779
     0.00%  benchmark-blas  [unknown]                 [k] 0xffffffff810adf37
     0.00%  benchmark-blas  [unknown]                 [k] 0xffffffff810c4435
     0.00%  benchmark-blas  [unknown]                 [k] 0xffffffff810ba34f
     0.00%  benchmark-blas  [unknown]                 [k] 0xffffffff810c4412
     0.00%  benchmark-blas  [unknown]                 [k] 0xffffffff810ba338
     0.00%  benchmark-blas  [unknown]                 [k] 0xffffffff810c435e
     0.00%  benchmark-blas  [unknown]                 [k] 0xffffffff81103773
     0.00%  benchmark-blas  [unknown]                 [k] 0xffffffff810c438a
     0.00%  benchmark-blas  [unknown]                 [k] 0xffffffff810b7cc0
     0.00%  benchmark-blas  [unknown]                 [k] 0xffffffff810b7cdc
     0.00%  benchmark-blas  [unknown]                 [k] 0xffffffff810adf38
     0.00%  benchmark-blas  [unknown]                 [k] 0xffffffff810b7cce
     0.00%  benchmark-blas  libiomp5.so               [.] __kmp_acquire_queuing_lock
     0.00%  benchmark-blas  [unknown]                 [k] 0xffffffff8118a869
     0.00%  benchmark-blas  [unknown]                 [k] 0xffffffff810b677b
     0.00%  benchmark-blas  [unknown]                 [k] 0xffffffff810b6aad
     0.00%  benchmark-blas  [unknown]                 [k] 0xffffffff810fd147
     0.00%  benchmark-blas  [unknown]                 [k] 0xffffffff810c4372
     0.00%  benchmark-blas  [unknown]                 [k] 0xffffffff817d7f32
     0.00%  benchmark-blas  [unknown]                 [k] 0xffffffff8118a934
     0.00%  benchmark-blas  [unknown]                 [k] 0xffffffff810ba3cc
     0.00%  benchmark-blas  [unknown]                 [k] 0xffffffff817e4729
     0.00%  benchmark-blas  [unknown]                 [k] 0xffffffff810c436b
     0.00%  benchmark-blas  [unknown]                 [k] 0xffffffff810ba3d8
     0.00%  benchmark-blas  [unknown]                 [k] 0xffffffff810ba37f
     0.00%  benchmark-blas  [unknown]                 [k] 0xffffffff817d7f2d
     0.00%  benchmark-blas  [unknown]                 [k] 0xffffffff8118a87a
     0.00%  benchmark-blas  [unknown]                 [k] 0xffffffff810ba31a
     0.00%  benchmark-blas  [unknown]                 [k] 0xffffffff810ac8fb
     0.00%  benchmark-blas  [unknown]                 [k] 0xffffffff810b6769
     0.00%  benchmark-blas  [unknown]                 [k] 0xffffffff810b6abe
     0.00%  benchmark-blas  [unknown]                 [k] 0xffffffff810ba3e2
     0.00%  benchmark-blas  [unknown]                 [k] 0xffffffff818000d9
     0.00%  benchmark-blas  [unknown]                 [k] 0xffffffff817db671
     0.00%  benchmark-blas  [unknown]                 [k] 0xffffffff810adfa2
     0.00%  benchmark-blas  [unknown]                 [k] 0xffffffff810ba446
     0.00%  benchmark-blas  [unknown]                 [k] 0xffffffff817e43d0
     0.00%  benchmark-blas  [unknown]                 [k] 0xffffffff817db650
     0.00%  benchmark-blas  [unknown]                 [k] 0xffffffff817e3dff
     0.00%  benchmark-blas  [unknown]                 [k] 0xffffffff810b6acc
     0.00%  benchmark-blas  [unknown]                 [k] 0xffffffff810b6ab0
     0.00%  benchmark-blas  [unknown]                 [k] 0xffffffff810b6a3e
     0.00%  benchmark-blas  [unknown]                 [k] 0xffffffff810adf5a
     0.00%  benchmark-blas  [unknown]                 [k] 0xffffffff810d85ca
     0.00%  benchmark-blas  [unknown]                 [k] 0xffffffff81103730
     0.00%  benchmark-blas  [unknown]                 [k] 0xffffffff810adf36
     0.00%  benchmark-blas  [unknown]                 [k] 0xffffffff810adf52
     0.00%  benchmark-blas  [unknown]                 [k] 0xffffffff8113db18
     0.00%  benchmark-blas  [unknown]                 [k] 0xffffffff81103782
     0.00%  benchmark-blas  [unknown]                 [k] 0xffffffff81103074
     0.00%  benchmark-blas  [unknown]                 [k] 0xffffffff81801223
     0.00%  benchmark-blas  [unknown]                 [k] 0xffffffff818001d1
     0.00%  benchmark-blas  [unknown]                 [k] 0xffffffff810ba387
     0.00%  benchmark-blas  [unknown]                 [k] 0xffffffff810adf95
     0.00%  benchmark-blas  [unknown]                 [k] 0xffffffff810b6a55
     0.00%  benchmark-blas  [unknown]                 [k] 0xffffffff810b6a8e
     0.00%  benchmark-blas  [unknown]                 [k] 0xffffffff818001f0
     0.00%  benchmark-blas  [unknown]                 [k] 0xffffffff810ac902
     0.00%  benchmark-blas  [unknown]                 [k] 0xffffffff81025743
     0.00%  benchmark-blas  [unknown]                 [k] 0xffffffff817e471d
     0.00%  benchmark-blas  libmkl_intel_thread.so.2  [.] do_work
     0.00%  benchmark-blas  [unknown]                 [k] 0xffffffff81103748
     0.00%  benchmark-blas  [unknown]                 [k] 0xffffffff817e3ead
     0.00%  benchmark-blas  [unknown]                 [k] 0xffffffff810b6a75
     0.00%  benchmark-blas  libiomp5.so               [.] __kmpc_critical_with_hint
     0.00%  benchmark-blas  [unknown]                 [k] 0xffffffff8180006b
     0.00%  benchmark-blas  [unknown]                 [k] 0xffffffff810ba69e
     0.00%  benchmark-blas  [unknown]                 [k] 0xffffffff810ba687
     0.00%  benchmark-blas  [unknown]                 [k] 0xffffffff817db676
     0.00%  benchmark-blas  [unknown]                 [k] 0xffffffff817e3e04
     0.00%  benchmark-blas  [unknown]                 [k] 0xffffffff810ba3e7
     0.00%  benchmark-blas  [unknown]                 [k] 0xffffffff818000de
     0.00%  benchmark-blas  [unknown]                 [k] 0xffffffff810c4440
     0.00%  benchmark-blas  [unknown]                 [k] 0xffffffff810adf8e
     0.00%  benchmark-blas  [unknown]                 [k] 0xffffffff817e3df3
     0.00%  benchmark-blas  [unknown]                 [k] 0xffffffff817e3e0c
     0.00%  benchmark-blas  [unknown]                 [k] 0xffffffff817e3ec5
     0.00%  benchmark-blas  [unknown]                 [k] 0xffffffff810fd14a
     0.00%  benchmark-blas  [unknown]                 [k] 0xffffffff81800073
     0.00%  benchmark-blas  [unknown]                 [k] 0xffffffff817db78e
     0.00%  benchmark-blas  [unknown]                 [k] 0xffffffff810d85b3
     0.00%  benchmark-blas  [unknown]                 [k] 0xffffffff817e3dbe
     0.00%  benchmark-blas  [unknown]                 [k] 0xffffffff817eac90
     0.00%  benchmark-blas  [unknown]                 [k] 0xffffffff810b67a3
     0.00%  benchmark-blas  [unknown]                 [k] 0xffffffff817d7f3e
     0.00%  benchmark-blas  [unknown]                 [k] 0xffffffff810b678c
     0.00%  benchmark-blas  [unknown]                 [k] 0xffffffff810b6793
     0.00%  benchmark-blas  [unknown]                 [k] 0xffffffff810b678f
     0.00%  benchmark-blas  [unknown]                 [k] 0xffffffff8118aa6b
     0.00%  benchmark-blas  [unknown]                 [k] 0xffffffff8110306e
     0.00%  benchmark-blas  [unknown]                 [k] 0xffffffff810faded
     0.00%  benchmark-blas  [unknown]                 [k] 0xffffffff810ba3f4
     0.00%  benchmark-blas  [unknown]                 [k] 0xffffffff8118a86e
     0.00%  benchmark-blas  [unknown]                 [k] 0xffffffff810d85bf
     0.00%  benchmark-blas  [unknown]                 [k] 0xffffffff8118a9ef
     0.00%  benchmark-blas  [unknown]                 [k] 0xffffffff810ac929
     0.00%  benchmark-blas  [unknown]                 [k] 0xffffffff810ba3d0
     0.00%  benchmark-blas  [unknown]                 [k] 0xffffffff810ac927
     0.00%  benchmark-blas  [unknown]                 [k] 0xffffffff817db77c
     0.00%  benchmark-blas  [unknown]                 [k] 0xffffffff810adf30
     0.00%  benchmark-blas  [unknown]                 [k] 0xffffffff818001e8
     0.00%  benchmark-blas  [unknown]                 [k] 0xffffffff8118a947
     0.00%  benchmark-blas  [unknown]                 [k] 0xffffffff810ac94c
     0.00%  benchmark-blas  [unknown]                 [k] 0xffffffff810adf87
     0.00%  benchmark-blas  [unknown]                 [k] 0xffffffff818000e8
     0.00%  benchmark-blas  [unknown]                 [k] 0xffffffff8110377e
     0.00%  benchmark-blas  [unknown]                 [k] 0xffffffff81800188
     0.00%  benchmark-blas  [unknown]                 [k] 0xffffffff817db684
     0.00%  benchmark-blas  [unknown]                 [k] 0xffffffff810b6797
     0.00%  benchmark-blas  [unknown]                 [k] 0xffffffff81026578
     0.00%  benchmark-blas  [unknown]                 [k] 0xffffffff8118a93b
     0.00%  benchmark-blas  [unknown]                 [k] 0xffffffff8113d87c
     0.00%  benchmark-blas  [unknown]                 [k] 0xffffffff817e46d2
     0.00%  benchmark-blas  [unknown]                 [k] 0xffffffff817eacda
     0.00%  benchmark-blas  [unknown]                 [k] 0xffffffff810adf39
     0.00%  benchmark-blas  [unknown]                 [k] 0xffffffff8118a92f
     0.00%  benchmark-blas  libmkl_core.so.2          [.] mkl_serv_lock
     0.00%  benchmark-blas  [unknown]                 [k] 0xffffffff810c437b
     0.00%  benchmark-blas  [unknown]                 [k] 0xffffffff8118a88c
     0.00%  benchmark-blas  [unknown]                 [k] 0xffffffff818001d6
     0.00%  benchmark-blas  [unknown]                 [k] 0xffffffff81026574
     0.00%  benchmark-blas  [unknown]                 [k] 0xffffffff81103084
     0.00%  benchmark-blas  [unknown]                 [k] 0xffffffff810ac950
     0.00%  benchmark-blas  [unknown]                 [k] 0xffffffff810ba6ef
     0.00%  benchmark-blas  [unknown]                 [k] 0xffffffff8104fbfb
     0.00%  benchmark-blas  [unknown]                 [k] 0xffffffff8118a859
     0.00%  benchmark-blas  [unknown]                 [k] 0xffffffff8118a851
     0.00%  benchmark-blas  [unknown]                 [k] 0xffffffff817dae91
     0.00%  benchmark-blas  [unknown]                 [k] 0xffffffff810fd138
     0.00%  benchmark-blas  [unknown]                 [k] 0xffffffff817e41d3
     0.00%  benchmark-blas  [unknown]                 [k] 0xffffffff810490f3
     0.00%  benchmark-blas  [unknown]                 [k] 0xffffffff817db7d6
     0.00%  benchmark-blas  [unknown]                 [k] 0xffffffff8118a94f
     0.00%  benchmark-blas  [unknown]                 [k] 0xffffffff817e3ed0
     0.00%  benchmark-blas  [unknown]                 [k] 0xffffffff8118a85b
     0.00%  benchmark-blas  [unknown]                 [k] 0xffffffff810fd120
     0.00%  benchmark-blas  [unknown]                 [k] 0xffffffff8110f2db
     0.00%  benchmark-blas  [unknown]                 [k] 0xffffffff817d8ace
     0.00%  benchmark-blas  [unknown]                 [k] 0xffffffff817db657
     0.00%  benchmark-blas  [unknown]                 [k] 0xffffffff817d8ac1
     0.00%  benchmark-blas  [unknown]                 [k] 0xffffffff817db779
     0.00%  benchmark-blas  [unknown]                 [k] 0xffffffff8118a9d7
     0.00%  benchmark-blas  [unknown]                 [k] 0xffffffff8107aec5
     0.00%  benchmark-blas  [unknown]                 [k] 0xffffffff810490d7
     0.00%  benchmark-blas  [unknown]                 [k] 0xffffffff81800ea0
     0.00%  benchmark-blas  [unknown]                 [k] 0xffffffff8118b5e9
     0.00%  benchmark-blas  [unknown]                 [k] 0xffffffff810ba310
     0.00%  benchmark-blas  [unknown]                 [k] 0xffffffff81026585
     0.00%  benchmark-blas  libmkl_avx2.so.2          [.] getPointer_buffer
     0.00%  benchmark-blas  [unknown]                 [k] 0xffffffff817e3e44
     0.00%  benchmark-blas  [unknown]                 [k] 0xffffffff8110c185
     0.00%  benchmark-blas  [unknown]                 [k] 0xffffffff810ba35c
     0.00%  benchmark-blas  [unknown]                 [k] 0xffffffff810ba3da
     0.00%  benchmark-blas  libmkl_avx2.so.2          [.] mkl_blas_avx2_dgemm_copybn
     0.00%  benchmark-blas  [unknown]                 [k] 0xffffffff810d85c7
     0.00%  benchmark-blas  [unknown]                 [k] 0xffffffff810ba3a5
     0.00%  benchmark-blas  [unknown]                 [k] 0xffffffff817db66a
     0.00%  benchmark-blas  [unknown]                 [k] 0xffffffff817d7f22
     0.00%  benchmark-blas  [unknown]                 [k] 0xffffffff810ba31e
     0.00%  benchmark-blas  libiomp5.so               [.] __kmpc_end_critical
     0.00%  benchmark-blas  [unknown]                 [k] 0xffffffff810ba38a
     0.00%  benchmark-blas  [unknown]                 [k] 0xffffffff810fadf0
     0.00%  benchmark-blas  [unknown]                 [k] 0xffffffff817e3e23
     0.00%  benchmark-blas  [unknown]                 [k] 0xffffffff817e3df1
     0.00%  benchmark-blas  [unknown]                 [k] 0xffffffff817e3e8e
     0.00%  benchmark-blas  [unknown]                 [k] 0xffffffff817e3e82
     0.00%  benchmark-blas  [unknown]                 [k] 0xffffffff810adf68
     0.00%  benchmark-blas  [unknown]                 [k] 0xffffffff810adfc0
     0.00%  benchmark-blas  [unknown]                 [k] 0xffffffff8118a9f6
     0.00%  benchmark-blas  [unknown]                 [k] 0xffffffff817d7f20
     0.00%  benchmark-blas  [unknown]                 [k] 0xffffffff810c42ac
     0.00%  benchmark-blas  [unknown]                 [k] 0xffffffff8107af01
     0.00%  benchmark-blas  [unknown]                 [k] 0xffffffff817e3eb6
     0.00%  benchmark-blas  [unknown]                 [k] 0xffffffff8113d87e
     0.00%  benchmark-blas  [unknown]                 [k] 0xffffffff810ba68f
     0.00%  benchmark-blas  [unknown]                 [k] 0xffffffff810b6a6b
     0.00%  benchmark-blas  [unknown]                 [k] 0xffffffff810c4495
     0.00%  benchmark-blas  [unknown]                 [k] 0xffffffff817d7f05
     0.00%  benchmark-blas  [unknown]                 [k] 0xffffffff81800178
     0.00%  benchmark-blas  [unknown]                 [k] 0xffffffff817e43b1
     0.00%  benchmark-blas  [unknown]                 [k] 0xffffffff810b4b48
     0.00%  benchmark-blas  [unknown]                 [k] 0xffffffff8180007c
     0.00%  benchmark-blas  [unknown]                 [k] 0xffffffff8107aec0
     0.00%  benchmark-blas  [unknown]                 [k] 0xffffffff817e3e91
     0.00%  benchmark-blas  [unknown]                 [k] 0xffffffff817e43a9
     0.00%  benchmark-blas  [unknown]                 [k] 0xffffffff81801400
     0.00%  benchmark-blas  [unknown]                 [k] 0xffffffff8118aa59
     0.00%  benchmark-blas  [unknown]                 [k] 0xffffffff81800185
     0.00%  benchmark-blas  [unknown]                 [k] 0xffffffff810d85b6
     0.00%  benchmark-blas  libmkl_intel_thread.so.2  [.] getPointer_notrans
     0.00%  benchmark-blas  [unknown]                 [k] 0xffffffff8118aa02
     0.00%  benchmark-blas  [unknown]                 [k] 0xffffffff81800089
     0.00%  benchmark-blas  [unknown]                 [k] 0xffffffff8118a852
     0.00%  benchmark-blas  [unknown]                 [k] 0xffffffff81103744
     0.00%  benchmark-blas  [unknown]                 [k] 0xffffffff8118b5e0
     0.00%  benchmark-blas  [unknown]                 [k] 0xffffffff81800091
     0.00%  benchmark-blas  [unknown]                 [k] 0xffffffff817e3d7a
     0.00%  benchmark-blas  [unknown]                 [k] 0xffffffff81026533
     0.00%  benchmark-blas  [unknown]                 [k] 0xffffffff810c4285
     0.00%  benchmark-blas  [unknown]                 [k] 0xffffffff817db688
     0.00%  benchmark-blas  [unknown]                 [k] 0xffffffff817db770
     0.00%  benchmark-blas  [unknown]                 [k] 0xffffffff817db7aa
     0.00%  benchmark-blas  [unknown]                 [k] 0xffffffff810fd14c
     0.00%  benchmark-blas  [unknown]                 [k] 0xffffffff810ba68b
     0.00%  benchmark-blas  [unknown]                 [k] 0xffffffff817db7a0
     0.00%  benchmark-blas  [unknown]                 [k] 0xffffffff810b4b30
     0.00%  benchmark-blas  [unknown]                 [k] 0xffffffff810ba34c
     0.00%  benchmark-blas  [unknown]                 [k] 0xffffffff810ac91c
     0.00%  benchmark-blas  [unknown]                 [k] 0xffffffff817e43a6
     0.00%  benchmark-blas  [unknown]                 [k] 0xffffffff810ac8cd
     0.00%  benchmark-blas  [unknown]                 [k] 0xffffffff810b6a4f
     0.00%  benchmark-blas  libiomp5.so               [.] _INTERNAL4093ea9e::__kmp_release_queuing_lock
     0.00%  benchmark-blas  [unknown]                 [k] 0xffffffff81103060
     0.00%  benchmark-blas  [unknown]                 [k] 0xffffffff8107aedd
     0.00%  benchmark-blas  [unknown]                 [k] 0xffffffff817db656
     0.00%  benchmark-blas  [unknown]                 [k] 0xffffffff81026582
     0.00%  benchmark-blas  [unknown]                 [k] 0xffffffff810d85a8
     0.00%  benchmark-blas  [unknown]                 [k] 0xffffffff81103769
     0.00%  benchmark-blas  [unknown]                 [k] 0xffffffff817db796
     0.00%  benchmark-blas  [unknown]                 [k] 0xffffffff818000a5
     0.00%  benchmark-blas  [unknown]                 [k] 0xffffffff8118b5e7
     0.00%  benchmark-blas  [unknown]                 [k] 0xffffffff818000d4
     0.00%  benchmark-blas  [unknown]                 [k] 0xffffffff810b6a83
     0.00%  benchmark-blas  [unknown]                 [k] 0xffffffff817e46d4
     0.00%  benchmark-blas  [unknown]                 [k] 0xffffffff817e3e5f
     0.00%  benchmark-blas  [unknown]                 [k] 0xffffffff810ba6f0
     0.00%  benchmark-blas  [unknown]                 [k] 0xffffffff817e3e46
     0.00%  benchmark-blas  [unknown]                 [k] 0xffffffff810ac957
     0.00%  benchmark-blas  [unknown]                 [k] 0xffffffff81026516
     0.00%  benchmark-blas  [unknown]                 [k] 0xffffffff8110f344
     0.00%  benchmark-blas  [unknown]                 [k] 0xffffffff8110375c
     0.00%  benchmark-blas  [unknown]                 [k] 0xffffffff81800104
     0.00%  benchmark-blas  [unknown]                 [k] 0xffffffff817e3e54
     0.00%  benchmark-blas  [unknown]                 [k] 0xffffffff81028a04
     0.00%  benchmark-blas  [unknown]                 [k] 0xffffffff810c4474
     0.00%  benchmark-blas  [unknown]                 [k] 0xffffffff8102652b
     0.00%  benchmark-blas  [unknown]                 [k] 0xffffffff810adf9a
     0.00%  benchmark-blas  libmkl_avx2.so.2          [.] mkl_blas_avx2_dgemm_ker0
     0.00%  benchmark-blas  [unknown]                 [k] 0xffffffff817d8abb
     0.00%  benchmark-blas  libiomp5.so               [.] __kmp_join_barrier
     0.00%  benchmark-blas  [unknown]                 [k] 0xffffffff817e4062
     0.00%  benchmark-blas  [unknown]                 [k] 0xffffffff810ba343
     0.00%  benchmark-blas  [unknown]                 [k] 0xffffffff817e3d98
     0.00%  benchmark-blas  [unknown]                 [k] 0xffffffff810c4332
     0.00%  benchmark-blas  [unknown]                 [k] 0xffffffff810c4299
     0.00%  benchmark-blas  [unknown]                 [k] 0xffffffff81800119
     0.00%  benchmark-blas  [unknown]                 [k] 0xffffffff818000f3
     0.00%  benchmark-blas  [unknown]                 [k] 0xffffffff810ba3f6
     0.00%  benchmark-blas  [unknown]                 [k] 0xffffffff81103737
     0.00%  benchmark-blas  [unknown]                 [k] 0xffffffff810ba325
     0.00%  benchmark-blas  [unknown]                 [k] 0xffffffff8110f37a
     0.00%  benchmark-blas  [unknown]                 [k] 0xffffffff81801998
     0.00%  benchmark-blas  [unknown]                 [k] 0xffffffff8104910a
     0.00%  benchmark-blas  [unknown]                 [k] 0xffffffff817e3df0
     0.00%  benchmark-blas  [unknown]                 [k] 0xffffffff818001d2
     0.00%  benchmark-blas  [unknown]                 [k] 0xffffffff818019d5
     0.00%  benchmark-blas  [unknown]                 [k] 0xffffffff8113d85c
     0.00%  benchmark-blas  [unknown]                 [k] 0xffffffff810b676d
     0.00%  benchmark-blas  [unknown]                 [k] 0xffffffff818001d3
     0.00%  benchmark-blas  libiomp5.so               [.] rml::internal::AllLocalCaches::unregisterThread
     0.00%  benchmark-blas  [unknown]                 [k] 0xffffffff810490c5
     0.00%  benchmark-blas  [unknown]                 [k] 0xffffffff817db827
     0.00%  benchmark-blas  [unknown]                 [k] 0xffffffff817daea2
     0.00%  benchmark-blas  [unknown]                 [k] 0xffffffff81026536
     0.00%  benchmark-blas  [unknown]                 [k] 0xffffffff8118a9eb
     0.00%  benchmark-blas  [unknown]                 [k] 0xffffffff81801241
     0.00%  benchmark-blas  [unknown]                 [k] 0xffffffff8110f2fa
     0.00%  benchmark-blas  [unknown]                 [k] 0xffffffff817e3da1
     0.00%  benchmark-blas  [unknown]                 [k] 0xffffffff8118a9d9
     0.00%  benchmark-blas  [unknown]                 [k] 0xffffffff81028a2e
     0.00%  benchmark-blas  [unknown]                 [k] 0xffffffff81800101
     0.00%  benchmark-blas  [unknown]                 [k] 0xffffffff817e4060
     0.00%  benchmark-blas  [unknown]                 [k] 0xffffffff810b6aa7
     0.00%  benchmark-blas  [unknown]                 [k] 0xffffffff8180018b
     0.00%  benchmark-blas  [unknown]                 [k] 0xffffffff810ba317
     0.00%  benchmark-blas  [unknown]                 [k] 0xffffffff81800173
     0.00%  benchmark-blas  [unknown]                 [k] 0xffffffff81026558
     0.00%  benchmark-blas  [unknown]                 [k] 0xffffffff8110c1a7
     0.00%  benchmark-blas  [unknown]                 [k] 0xffffffff818019da
     0.00%  benchmark-blas  libiomp5.so               [.] __kmp_finish_implicit_task
     0.00%  benchmark-blas  [unknown]                 [k] 0xffffffff817d8ab3
     0.00%  benchmark-blas  [unknown]                 [k] 0xffffffff81103081
     0.00%  benchmark-blas  [unknown]                 [k] 0xffffffff810b6760
     0.00%  benchmark-blas  libiomp5.so               [.] _INTERNAL4093ea9e::__kmp_acquire_queuing_lock
     0.00%  benchmark-blas  [unknown]                 [k] 0xffffffff810ba385
     0.00%  benchmark-blas  [unknown]                 [k] 0xffffffff8110f2b5
     0.00%  benchmark-blas  [unknown]                 [k] 0xffffffff81800165
     0.00%  benchmark-blas  [unknown]                 [k] 0xffffffff8104fbf2
     0.00%  benchmark-blas  [unknown]                 [k] 0xffffffff810b6a9c
     0.00%  benchmark-blas  [unknown]                 [k] 0xffffffff810ba3b4
     0.00%  benchmark-blas  [unknown]                 [k] 0xffffffff8118a9d0
     0.00%  benchmark-blas  [unknown]                 [k] 0xffffffff810ac947
     0.00%  benchmark-blas  [unknown]                 [k] 0xffffffff8110f2c7
     0.00%  benchmark-blas  [unknown]                 [k] 0xffffffff818012e0
     0.00%  benchmark-blas  libmkl_core.so.2          [.] mkl_serv_unlock
     0.00%  benchmark-blas  [unknown]                 [k] 0xffffffff817db820
     0.00%  benchmark-blas  libmkl_intel_thread.so.2  [.] mkl_serv_lock@plt
     0.00%  benchmark-blas  libiomp5.so               [.] __kmp_invoke_task_func
     0.00%  benchmark-blas  [unknown]                 [k] 0xffffffff810b6a99
     0.00%  benchmark-blas  [unknown]                 [k] 0xffffffff816423b9
     0.00%  benchmark-blas  libc-2.31.so              [.] pthread_mutex_lock
     0.00%  benchmark-blas  [unknown]                 [k] 0xffffffff8110f2e9
     0.00%  benchmark-blas  [unknown]                 [k] 0xffffffff817d9012
     0.00%  benchmark-blas  libpthread-2.31.so        [.] pthread_mutex_lock
     0.00%  benchmark-blas  [unknown]                 [k] 0xffffffff810c442b
     0.00%  benchmark-blas  [unknown]                 [k] 0xffffffff810b6771
     0.00%  benchmark-blas  [unknown]                 [k] 0xffffffff810ac8ea
     0.00%  benchmark-blas  [unknown]                 [k] 0xffffffff810490cc
     0.00%  benchmark-blas  [unknown]                 [k] 0xffffffff810b6ab8
     0.00%  benchmark-blas  [unknown]                 [k] 0xffffffff8118a91b
     0.00%  benchmark-blas  ld-2.31.so                [.] do_lookup_x
     0.00%  benchmark-blas  [unknown]                 [k] 0xffffffff810c4351
     0.00%  benchmark-blas  [unknown]                 [k] 0xffffffff81801265
     0.00%  benchmark-blas  [unknown]                 [k] 0xffffffff8110b7f1
     0.00%  benchmark-blas  [unknown]                 [k] 0xffffffff818019d0
     0.00%  benchmark-blas  libiomp5.so               [.] __kmp_launch_thread
     0.00%  benchmark-blas  [unknown]                 [k] 0xffffffff81801229
     0.00%  benchmark-blas  [unknown]                 [k] 0xffffffff8146e227
     0.00%  benchmark-blas  [unknown]                 [k] 0xffffffff8113d880
     0.00%  benchmark-blas  [unknown]                 [k] 0xffffffff8118a919
     0.00%  benchmark-blas  [unknown]                 [k] 0xffffffff817e3df2
     0.00%  benchmark-blas  [unknown]                 [k] 0xffffffff817e404f
     0.00%  benchmark-blas  [unknown]                 [k] 0xffffffff8118a864
     0.00%  benchmark-blas  [unknown]                 [k] 0xffffffff817e3d94
     0.00%  benchmark-blas  [unknown]                 [k] 0xffffffff8110c195
     0.00%  benchmark-blas  [unknown]                 [k] 0xffffffff81801235
     0.00%  benchmark-blas  [unknown]                 [k] 0xffffffff817eaccf
     0.00%  benchmark-blas  [unknown]                 [k] 0xffffffff8118a887
     0.00%  benchmark-blas  [unknown]                 [k] 0xffffffff8118b7a9
     0.00%  benchmark-blas  [unknown]                 [k] 0xffffffff81026527
     0.00%  benchmark-blas  [unknown]                 [k] 0xffffffff8113db0c
     0.00%  benchmark-blas  [unknown]                 [k] 0xffffffff810c4280
     0.00%  benchmark-blas  [unknown]                 [k] 0xffffffff817e3da3
     0.00%  benchmark-blas  [unknown]                 [k] 0xffffffff8104fa49
     0.00%  benchmark-blas  [unknown]                 [k] 0xffffffff817db7d0
     0.00%  benchmark-blas  libiomp5.so               [.] _INTERNAL92a63c0c::__kmp_hyper_barrier_gather
     0.00%  benchmark-blas  [unknown]                 [k] 0xffffffff81800002
     0.00%  benchmark-blas  [unknown]                 [k] 0xffffffff817eb42c
     0.00%  benchmark-blas  [unknown]                 [k] 0xffffffff817dae90
     0.00%  benchmark-blas  libmkl_core.so.2          [.] mkl_serv_trylock@plt
     0.00%  benchmark-blas  [unknown]                 [k] 0xffffffff810ea0bd
     0.00%  benchmark-blas  [unknown]                 [k] 0xffffffff810ea0b5
     0.00%  benchmark-blas  ld-2.31.so                [.] __tls_get_addr
     0.00%  benchmark-blas  libmkl_core.so.2          [.] mkl_serv_cbwr_get
     0.00%  benchmark-blas  libiomp5.so               [.] _INTERNAL92a63c0c::__kmp_hyper_barrier_release
     0.00%  benchmark-blas  libpthread-2.31.so        [.] _pthread_cleanup_push
     0.00%  benchmark-blas  libc-2.31.so              [.] pthread_mutex_unlock
     0.00%  benchmark-blas  [unknown]                 [k] 0xffffffff817eacb5
     0.00%  benchmark-blas  [unknown]                 [k] 0xffffffff810ea747
     0.00%  benchmark-blas  [unknown]                 [k] 0xffffffff810490e8
     0.00%  benchmark-blas  [unknown]                 [k] 0xffffffff817eacbd
     0.00%  benchmark-blas  [unknown]                 [k] 0xffffffff810eade5
     0.00%  benchmark-blas  libc-2.31.so              [.] _dl_addr
     0.00%  benchmark-blas  libmkl_intel_thread.so.2  [.] set_thread_opts_avx2
     0.00%  benchmark-blas  [unknown]                 [k] 0xffffffff81801262
     0.00%  benchmark-blas  libmkl_avx2.so.2          [.] mkl_blas_avx2_dgemm_copyan
     0.00%  benchmark-blas  [unknown]                 [k] 0xffffffff81801403
     0.00%  benchmark-blas  [unknown]                 [k] 0xffffffff8110c1de
     0.00%  benchmark-blas  [unknown]                 [k] 0xffffffff8118a910
     0.00%  benchmark-blas  [unknown]                 [k] 0xffffffff8110f2d7
     0.00%  benchmark-blas  libiomp5.so               [.] omp_get_num_threads@@VERSION
     0.00%  benchmark-blas  libpthread-2.31.so        [.] pthread_cond_wait
     0.00%  benchmark-blas  [unknown]                 [k] 0xffffffff817db869
     0.00%  benchmark-blas  [unknown]                 [k] 0xffffffff81123963
     0.00%  benchmark-blas  libiomp5.so               [.] __kmp_suspend_64<false, true>
     0.00%  benchmark-blas  [unknown]                 [k] 0xffffffff817db660
     0.00%  benchmark-blas  [unknown]                 [k] 0xffffffff817e3e7b
     0.00%  benchmark-blas  [unknown]                 [k] 0xffffffff8116bed9
     0.00%  benchmark-blas  [unknown]                 [k] 0xffffffff810b6a4b
     0.00%  benchmark-blas  [unknown]                 [k] 0xffffffff817d7ef6
     0.00%  benchmark-blas  [unknown]                 [k] 0xffffffff810b6a30
     0.00%  benchmark-blas  [unknown]                 [k] 0xffffffff81028a15
     0.00%  benchmark-blas  [unknown]                 [k] 0xffffffff817d8ab0
     0.00%  benchmark-blas  [unknown]                 [k] 0xffffffffa04c28c5
     0.00%  benchmark-blas  libmkl_avx2.so.2          [.] mkl_blas_avx2_dgemm_initialize_buffers
     0.00%  benchmark-blas  [unknown]                 [k] 0xffffffff8101cdd6
     0.00%  benchmark-blas  [unknown]                 [k] 0xffffffff8110c1c3
     0.00%  benchmark-blas  [unknown]                 [k] 0xffffffff818010c3
     0.00%  benchmark-blas  [unknown]                 [k] 0xffffffff8110c225
     0.00%  benchmark-blas  [unknown]                 [k] 0xffffffff810ea73c
     0.00%  benchmark-blas  [unknown]                 [k] 0xffffffff810ea735
     0.00%  benchmark-blas  libmkl_intel_thread.so.2  [.] gemm_omp_driver_v2
     0.00%  benchmark-blas  [unknown]                 [k] 0xffffffff8104c845
     0.00%  benchmark-blas  [unknown]                 [k] 0xffffffff81461e68
     0.00%  benchmark-blas  libmkl_core.so.2          [.] mkl_serv_thread_yield
     0.00%  benchmark-blas  [unknown]                 [k] 0xffffffff81801228
     0.00%  benchmark-blas  [unknown]                 [k] 0xffffffff810a2318
     0.00%  benchmark-blas  [unknown]                 [k] 0xffffffff8110f306
     0.00%  benchmark-blas  [unknown]                 [k] 0xffffffff817dae9a
     0.00%  benchmark-blas  [unknown]                 [k] 0xffffffffa049d755
     0.00%  benchmark-blas  [unknown]                 [k] 0xffffffff81801083
     0.00%  benchmark-blas  libiomp5.so               [.] __kmp_acquire_ticket_lock
     0.00%  benchmark-blas  [unknown]                 [k] 0xffffffff8104c857
     0.00%  benchmark-blas  libiomp5.so               [.] omp_get_thread_num@OMP_1.0
     0.00%  benchmark-blas  [unknown]                 [k] 0xffffffff818001ea
     0.00%  benchmark-blas  [unknown]                 [k] 0xffffffff81275d10
     0.00%  benchmark-blas  [unknown]                 [k] 0xffffffff8164a3ae
     0.00%  benchmark-blas  libiomp5.so               [.] __kmp_fork_barrier
     0.00%  benchmark-blas  libc-2.31.so              [.] __memmove_sse2_unaligned_erms
     0.00%  benchmark-blas  [unknown]                 [k] 0xffffffff8110b57b
     0.00%  benchmark-blas  libpthread-2.31.so        [.] _pthread_cleanup_pop
     0.00%  benchmark-blas  [unknown]                 [k] 0xffffffff8113d85f
     0.00%  benchmark-blas  [unknown]                 [k] 0xffffffff8104fd6d
     0.00%  benchmark-blas  [unknown]                 [k] 0xffffffff810ba3ab
     0.00%  benchmark-blas  [unknown]                 [k] 0xffffffff8113db24
     0.00%  benchmark-blas  [unknown]                 [k] 0xffffffff810adf35
     0.00%  benchmark-blas  ld-2.31.so                [.] _dl_lookup_symbol_x
     0.00%  benchmark-blas  [unknown]                 [k] 0xffffffff81801460
     0.00%  benchmark-blas  [unknown]                 [k] 0xffffffff81232dda
     0.00%  benchmark-blas  [unknown]                 [k] 0xffffffff8110b58e
     0.00%  benchmark-blas  libpthread-2.31.so        [.] pthread_getspecific
     0.00%  benchmark-blas  [unknown]                 [k] 0xffffffff810e6044
     0.00%  benchmark-blas  [unknown]                 [k] 0xffffffff817d8ac4
     0.00%  benchmark-blas  [unknown]                 [k] 0xffffffff8107aef4
     0.00%  benchmark-blas  libmkl_avx2.so.2          [.] mkl_blas_avx2_dgemm_get_bufs
     0.00%  benchmark-blas  [unknown]                 [k] 0xffffffff8107aed0
     0.00%  benchmark-blas  [unknown]                 [k] 0xffffffff81049106
     0.00%  benchmark-blas  [unknown]                 [k] 0xffffffff817d9027
     0.00%  benchmark-blas  [unknown]                 [k] 0xffffffff8110c22c
     0.00%  benchmark-blas  [unknown]                 [k] 0xffffffff818001f2
     0.00%  benchmark-blas  [unknown]                 [k] 0xffffffff8110c1f7
     0.00%  benchmark-blas  [unknown]                 [k] 0xffffffff8101cdf9
     0.00%  benchmark-blas  libiomp5.so               [.] __kmp_run_after_invoked_task
     0.00%  benchmark-blas  [unknown]                 [k] 0xffffffff817ea9e5
     0.00%  benchmark-blas  ld-2.31.so                [.] _dl_relocate_object
     0.00%  benchmark-blas  [unknown]                 [k] 0xffffffff8110b890
     0.00%  benchmark-blas  [unknown]                 [k] 0xffffffff817db867
     0.00%  benchmark-blas  [unknown]                 [k] 0xffffffff8110c210
     0.00%  benchmark-blas  [unknown]                 [k] 0xffffffff810b4b36
     0.00%  benchmark-blas  [unknown]                 [k] 0xffffffff8101cdc5
     0.00%  benchmark-blas  [unknown]                 [k] 0xffffffff817e43bf
     0.00%  benchmark-blas  libiomp5.so               [.] __kmp_invoke_microtask
     0.00%  benchmark-blas  [unknown]                 [k] 0xffffffff816423da
     0.00%  benchmark-blas  [unknown]                 [k] 0xffffffff8110b8a2
     0.00%  benchmark-blas  libiomp5.so               [.] __kmpc_bound_num_threads
     0.00%  benchmark-blas  [unknown]                 [k] 0xffffffff810d85a0
     0.00%  benchmark-blas  [unknown]                 [k] 0xffffffff81123896
     0.00%  benchmark-blas  [unknown]                 [k] 0xffffffff810b7cca
     0.00%  benchmark-blas  [unknown]                 [k] 0xffffffff8104c84b
     0.00%  benchmark-blas  [unknown]                 [k] 0xffffffff810adfca
     0.00%  benchmark-blas  [unknown]                 [k] 0xffffffff8118b7a7
     0.00%  benchmark-blas  [unknown]                 [k] 0xffffffff810ba33b
     0.00%  benchmark-blas  [unknown]                 [k] 0xffffffff810ba38d
     0.00%  benchmark-blas  [unknown]                 [k] 0xffffffff8118a892
     0.00%  benchmark-blas  [unknown]                 [k] 0xffffffff810b6a95
     0.00%  benchmark-blas  [unknown]                 [k] 0xffffffff81028a01
     0.00%  benchmark-blas  [unknown]                 [k] 0xffffffff81103065
     0.00%  benchmark-blas  [unknown]                 [k] 0xffffffff817e3ea9
     0.00%  benchmark-blas  [unknown]                 [k] 0xffffffff810ba451
     0.00%  benchmark-blas  [unknown]                 [k] 0xffffffff810b7da0
     0.00%  benchmark-blas  [unknown]                 [k] 0xffffffff8180018a
     0.00%  benchmark-blas  [unknown]                 [k] 0xffffffff810c42aa
     0.00%  benchmark-blas  [unknown]                 [k] 0xffffffff810b7cc9
     0.00%  benchmark-blas  [unknown]                 [k] 0xffffffff81421553
     0.00%  benchmark-blas  [unknown]                 [k] 0xffffffff810b6a35
     0.00%  benchmark-blas  [unknown]                 [k] 0xffffffff810b6786
     0.00%  benchmark-blas  [unknown]                 [k] 0xffffffff810adf43
     0.00%  benchmark-blas  [unknown]                 [k] 0xffffffff810ac912
     0.00%  benchmark-blas  [unknown]                 [k] 0xffffffff810b2d23
     0.00%  benchmark-blas  [unknown]                 [k] 0xffffffff810b7d9d
     0.00%  benchmark-blas  [unknown]                 [k] 0xffffffff810b6ad7
     0.00%  benchmark-blas  [unknown]                 [k] 0xffffffff810b7e4d
     0.00%  benchmark-blas  [unknown]                 [k] 0xffffffff817e43c2
     0.00%  benchmark-blas  libiomp5.so               [.] rml::internal::FreeBlockPool::externalCleanup
     0.00%  benchmark-blas  [unknown]                 [k] 0xffffffff810fd12b
     0.00%  benchmark-blas  [unknown]                 [k] 0xffffffff812555a2
     0.00%  benchmark-blas  [unknown]                 [k] 0xffffffff81253feb
     0.00%  benchmark-blas  [unknown]                 [k] 0xffffffff81800ea3
     0.00%  benchmark-blas  ld-2.31.so                [.] strcmp
     0.00%  benchmark-blas  [unknown]                 [k] 0xffffffff8105e85e
     0.00%  benchmark-blas  [unknown]                 [k] 0xffffffff81291cb0
     0.00%  benchmark-blas  libiomp5.so               [.] scalable_aligned_free
     0.00%  benchmark-blas  [unknown]                 [k] 0xffffffff817eacbb
     0.00%  benchmark-blas  [unknown]                 [k] 0xffffffff8105e878
     0.00%  benchmark-blas  libmkl_core.so.2          [.] mkl_blas_dgemm_initialize_buffers
     0.00%  benchmark-blas  [unknown]                 [k] 0xffffffff8146ef87
     0.00%  benchmark-blas  [unknown]                 [k] 0xffffffff8100555a
     0.00%  benchmark-blas  libiomp5.so               [.] __kmp_hardware_timestamp
     0.00%  benchmark-blas  [unknown]                 [k] 0xffffffff81275631
     0.00%  benchmark-blas  [unknown]                 [k] 0xffffffff814215d2
     0.00%  benchmark-blas  [unknown]                 [k] 0xffffffff81275dd8
     0.00%  benchmark-blas  [unknown]                 [k] 0xffffffff812752ef
     0.00%  benchmark-blas  libiomp5.so               [.] __kmp_get_global_thread_id_reg
     0.00%  benchmark-blas  [unknown]                 [k] 0xffffffff817dacd6
     0.00%  benchmark-blas  [unknown]                 [k] 0xffffffff81259c68
     0.00%  benchmark-blas  [unknown]                 [k] 0xffffffff81801224
     0.00%  benchmark-blas  [unknown]                 [k] 0xffffffff8110b7c2
     0.00%  benchmark-blas  [unknown]                 [k] 0xffffffff8110c1db
     0.00%  benchmark-blas  [unknown]                 [k] 0xffffffff8111dab3
     0.00%  benchmark-blas  [unknown]                 [k] 0xffffffff81461649
     0.00%  benchmark-blas  [unknown]                 [k] 0xffffffff8146163c
     0.00%  benchmark-blas  [unknown]                 [k] 0xffffffff817db7e0
     0.00%  benchmark-blas  [unknown]                 [k] 0xffffffff817eacd6
     0.00%  benchmark-blas  [unknown]                 [k] 0xffffffff817db7d8
     0.00%  benchmark-blas  libiomp5.so               [.] __kmpc_global_thread_num
     0.00%  benchmark-blas  libc-2.31.so              [.] new_do_write
     0.00%  benchmark-blas  benchmark-blas            [.] main
     0.00%  benchmark-blas  [unknown]                 [k] 0xffffffff81800000
     0.00%  benchmark-blas  [unknown]                 [k] 0xffffffff810aa4e5
     0.00%  benchmark-blas  [unknown]                 [k] 0xffffffff810490c0
     0.00%  benchmark-blas  [unknown]                 [k] 0xffffffff81461857
     0.00%  benchmark-blas  [unknown]                 [k] 0xffffffff817db7e2
     0.00%  benchmark-blas  [unknown]                 [k] 0xffffffff81025740
     0.00%  benchmark-blas  [unknown]                 [k] 0xffffffff8111da95
     0.00%  benchmark-blas  [unknown]                 [k] 0xffffffff8110c1a2
     0.00%  benchmark-blas  [unknown]                 [k] 0xffffffff8104fd70
     0.00%  benchmark-blas  [unknown]                 [k] 0xffffffff8180199a
     0.00%  benchmark-blas  [unknown]                 [k] 0xffffffff8110c217
     0.00%  benchmark-blas  [unknown]                 [k] 0xffffffff810eae90
     0.00%  benchmark-blas  [unknown]                 [k] 0xffffffff8180122f
     0.00%  benchmark-blas  [unknown]                 [k] 0xffffffff8164a3a6
     0.00%  benchmark-blas  [unknown]                 [k] 0xffffffff817db7b4
     0.00%  benchmark-blas  [unknown]                 [k] 0xffffffff810eade6
     0.00%  benchmark-blas  [unknown]                 [k] 0xffffffff8180122a
     0.00%  benchmark-blas  [unknown]                 [k] 0xffffffff818010cb
     0.00%  benchmark-blas  [unknown]                 [k] 0xffffffff812756f8
     0.00%  benchmark-blas  [unknown]                 [k] 0xffffffff81801234
     0.00%  benchmark-blas  [unknown]                 [k] 0xffffffff817eb420
     0.00%  benchmark-blas  [unknown]                 [k] 0xffffffffa0260475
     0.00%  benchmark-blas  libmkl_core.so.2          [.] mm_account_ptr_by_tid
     0.00%  benchmark-blas  [unknown]                 [k] 0xffffffff816423b0
     0.00%  benchmark-blas  [unknown]                 [k] 0xffffffff81801233
     0.00%  benchmark-blas  [unknown]                 [k] 0xffffffff8110c1ad
     0.00%  benchmark-blas  [unknown]                 [k] 0xffffffff810e5ea0
     0.00%  benchmark-blas  [unknown]                 [k] 0xffffffff810e5e86
     0.00%  benchmark-blas  [unknown]                 [k] 0xffffffff8164a375
     0.00%  benchmark-blas  [unknown]                 [k] 0xffffffff8180199d
     0.00%  benchmark-blas  [unknown]                 [k] 0xffffffff810e5e60
     0.00%  benchmark-blas  [unknown]                 [k] 0xffffffff8110e74b
     0.00%  benchmark-blas  [unknown]                 [k] 0xffffffff8104c861
     0.00%  benchmark-blas  libiomp5.so               [.] kmp_flag_native<unsigned long long, (flag_type)1, true>::done_check
     0.00%  benchmark-blas  [unknown]                 [k] 0xffffffff810b0c4f
     0.00%  benchmark-blas  [unknown]                 [k] 0xffffffff8164a3b8
     0.00%  benchmark-blas  [unknown]                 [k] 0xffffffff8110ab25
     0.00%  benchmark-blas  [unknown]                 [k] 0xffffffff8110b765
     0.00%  benchmark-blas  [unknown]                 [k] 0xffffffff810a22e5
     0.00%  benchmark-blas  ld-2.31.so                [.] _dl_fixup
     0.00%  benchmark-blas  [unknown]                 [k] 0xffffffff817d9017
     0.00%  benchmark-blas  [unknown]                 [k] 0xffffffff810a22f3
     0.00%  benchmark-blas  [unknown]                 [k] 0xffffffff81124471
     0.00%  benchmark-blas  [unknown]                 [k] 0xffffffff811241b0
     0.00%  benchmark-blas  libmkl_core.so.2          [.] mkl_blas_dgemm_map_thread_to_kernel
     0.00%  benchmark-blas  libpthread-2.31.so        [.] __condvar_dec_grefs
     0.00%  benchmark-blas  [unknown]                 [k] 0xffffffff811242ad
     0.00%  benchmark-blas  [unknown]                 [k] 0xffffffff810e5e69
     0.00%  benchmark-blas  [unknown]                 [k] 0xffffffff8180016f
     0.00%  benchmark-blas  [unknown]                 [k] 0xffffffff8113db1f
     0.00%  benchmark-blas  [unknown]                 [k] 0xffffffff8110ab3f
     0.00%  benchmark-blas  [unknown]                 [k] 0xffffffff810c448e
     0.00%  benchmark-blas  [unknown]                 [k] 0xffffffff810b6a46
     0.00%  benchmark-blas  [unknown]                 [k] 0xffffffff817daefd
     0.00%  benchmark-blas  [unknown]                 [k] 0xffffffff810d85a5
     0.00%  benchmark-blas  [unknown]                 [k] 0xffffffff810c4294
     0.00%  benchmark-blas  [unknown]                 [k] 0xffffffff8110f32e
     0.00%  benchmark-blas  [unknown]                 [k] 0xffffffff810e60a5
     0.00%  benchmark-blas  libiomp5.so               [.] __kmp_unlock_suspend_mx
     0.00%  benchmark-blas  [unknown]                 [k] 0xffffffff8118aa10
     0.00%  benchmark-blas  [unknown]                 [k] 0xffffffff8107aedf
     0.00%  benchmark-blas  libmkl_avx2.so.2          [.] mkl_blas_avx2_dgemm_initialize_strategy
     0.00%  benchmark-blas  [unknown]                 [k] 0xffffffff81103770
     0.00%  benchmark-blas  [unknown]                 [k] 0xffffffff810b6a64
     0.00%  benchmark-blas  libpthread-2.31.so        [.] __pthread_enable_asynccancel
     0.00%  benchmark-blas  [unknown]                 [k] 0xffffffff8112117b
     0.00%  benchmark-blas  [unknown]                 [k] 0xffffffff810b6a80
     0.00%  benchmark-blas  [unknown]                 [k] 0xffffffff81461643
     0.00%  benchmark-blas  [unknown]                 [k] 0xffffffff81124513
     0.00%  benchmark-blas  [unknown]                 [k] 0xffffffff8111fb83
     0.00%  benchmark-blas  [unknown]                 [k] 0xffffffff817e3dea
     0.00%  benchmark-blas  [unknown]                 [k] 0xffffffff8110ab2c
     0.00%  benchmark-blas  libmkl_intel_thread.so.2  [.] mkl_serv_thread_yield@plt
     0.00%  benchmark-blas  [unknown]                 [k] 0xffffffff81649155
     0.00%  benchmark-blas  [unknown]                 [k] 0xffffffff8110c18d
     0.00%  benchmark-blas  [unknown]                 [k] 0xffffffff810c431e
     0.00%  benchmark-blas  [unknown]                 [k] 0xffffffff810b2d17
     0.00%  benchmark-blas  [unknown]                 [k] 0xffffffff810b6b3c
     0.00%  benchmark-blas  libmkl_avx2.so.2          [.] mkl_blas_avx2_dgemm_map_thread_to_kernel
     0.00%  benchmark-blas  [unknown]                 [k] 0xffffffff810b6aeb
     0.00%  benchmark-blas  [unknown]                 [k] 0xffffffff810ba315
     0.00%  benchmark-blas  [unknown]                 [k] 0xffffffff8113d858
     0.00%  benchmark-blas  [unknown]                 [k] 0xffffffff810c442e
     0.00%  benchmark-blas  [unknown]                 [k] 0xffffffff817e472b
     0.00%  benchmark-blas  [unknown]                 [k] 0xffffffff817e3d84
     0.00%  benchmark-blas  [unknown]                 [k] 0xffffffff8118aa62
     0.00%  benchmark-blas  [unknown]                 [k] 0xffffffff81124c43
     0.00%  benchmark-blas  [unknown]                 [k] 0xffffffff817e405e
     0.00%  benchmark-blas  [unknown]                 [k] 0xffffffff810b7cc5
     0.00%  benchmark-blas  [unknown]                 [k] 0xffffffff810ba363
     0.00%  benchmark-blas  [unknown]                 [k] 0xffffffff8113db14
     0.00%  benchmark-blas  [unknown]                 [k] 0xffffffff810ba31b
     0.00%  benchmark-blas  [unknown]                 [k] 0xffffffff8118aa74
     0.00%  benchmark-blas  [unknown]                 [k] 0xffffffff817d7f43
     0.00%  benchmark-blas  [unknown]                 [k] 0xffffffff810b2d0f
     0.00%  benchmark-blas  [unknown]                 [k] 0xffffffff8112428d
     0.00%  benchmark-blas  [unknown]                 [k] 0xffffffff810eadff
     0.00%  benchmark-blas  [unknown]                 [k] 0xffffffff810a9713
     0.00%  benchmark-blas  [unknown]                 [k] 0xffffffff810b6765
     0.00%  benchmark-blas  [unknown]                 [k] 0xffffffff8142155e
     0.00%  benchmark-blas  libiomp5.so               [.] __kmp_task_team_sync
     0.00%  benchmark-blas  libc-2.31.so              [.] pthread_cond_wait
     0.00%  benchmark-blas  libiomp5.so               [.] __kmp_suspend_initialize_thread
     0.00%  benchmark-blas  [unknown]                 [k] 0xffffffff810c432c
     0.00%  benchmark-blas  [unknown]                 [k] 0xffffffffa0260009
     0.00%  benchmark-blas  [unknown]                 [k] 0xffffffff810eae69
     0.00%  benchmark-blas  [unknown]                 [k] 0xffffffff810b8291
     0.00%  benchmark-blas  [unknown]                 [k] 0xffffffff81121545
     0.00%  benchmark-blas  [unknown]                 [k] 0xffffffff8104fd6a
     0.00%  benchmark-blas  [unknown]                 [k] 0xffffffff817db79e
     0.00%  benchmark-blas  [unknown]                 [k] 0xffffffff810b1672
     0.00%  benchmark-blas  [unknown]                 [k] 0xffffffff810eae41
     0.00%  benchmark-blas  [unknown]                 [k] 0xffffffff810fd12d
     0.00%  benchmark-blas  libc-2.31.so              [.] __malloc_arena_thread_freeres
     0.00%  benchmark-blas  libiomp5.so               [.] rml::internal::TLSData::release
     0.00%  benchmark-blas  [unknown]                 [k] 0xffffffff8118aa0a
     0.00%  benchmark-blas  [unknown]                 [k] 0xffffffff810e6026
     0.00%  benchmark-blas  [unknown]                 [k] 0xffffffff810b7d72
     0.00%  benchmark-blas  libc-2.31.so              [.] _int_free
     0.00%  benchmark-blas  libc-2.31.so              [.] __resolv_context_freeres
     0.00%  benchmark-blas  [unknown]                 [k] 0xffffffff81800088
     0.00%  benchmark-blas  [unknown]                 [k] 0xffffffff810ba355
     0.00%  benchmark-blas  libiomp5.so               [.] __kmp_free_implicit_task
     0.00%  benchmark-blas  [unknown]                 [k] 0xffffffff810b0dea
     0.00%  benchmark-blas  [unknown]                 [k] 0xffffffff817db771
     0.00%  benchmark-blas  [unknown]                 [k] 0xffffffff81801463
     0.00%  benchmark-blas  [unknown]                 [k] 0xffffffff810aa559
     0.00%  benchmark-blas  [unknown]                 [k] 0xffffffff8105e896
     0.00%  benchmark-blas  [unknown]                 [k] 0xffffffff8118a91e
     0.00%  benchmark-blas  [unknown]                 [k] 0xffffffff8105e846
     0.00%  benchmark-blas  [unknown]                 [k] 0xffffffff812bec05
     0.00%  benchmark-blas  [unknown]                 [k] 0xffffffff812791bf
     0.00%  benchmark-blas  [unknown]                 [k] 0xffffffff817db17f
     0.00%  benchmark-blas  [unknown]                 [k] 0xffffffff812bbe91
     0.00%  benchmark-blas  [unknown]                 [k] 0xffffffff81800ee3
     0.00%  benchmark-blas  [unknown]                 [k] 0xffffffff81259c41
     0.00%  benchmark-blas  [unknown]                 [k] 0xffffffff8105e784
     0.00%  benchmark-blas  [unknown]                 [k] 0xffffffff8110b867
     0.00%  benchmark-blas  libmkl_avx2.so.2          [.] mkl_blas_avx2_dgemm_dcopy_right4_ea@plt
     0.00%  benchmark-blas  [unknown]                 [k] 0xffffffff812bbe88
     0.00%  benchmark-blas  [unknown]                 [k] 0xffffffff812ba658
     0.00%  benchmark-blas  [unknown]                 [k] 0xffffffff812bfd29
     0.00%  benchmark-blas  [unknown]                 [k] 0xffffffff812bcca7
     0.00%  benchmark-blas  libmkl_avx2.so.2          [.] mkl_blas_avx2_dgemm_dcopy_down12_ea@plt
     0.00%  benchmark-blas  [unknown]                 [k] 0xffffffff8125489f
     0.00%  benchmark-blas  libmkl_intel_thread.so.2  [.] __kmpc_fork_call@plt
     0.00%  benchmark-blas  [unknown]                 [k] 0xffffffff812bdba0
     0.00%  benchmark-blas  [unknown]                 [k] 0xffffffff8141f4e6
     0.00%  benchmark-blas  [unknown]                 [k] 0xffffffff8105e7ca
     0.00%  benchmark-blas  [unknown]                 [k] 0xffffffff81279295
     0.00%  benchmark-blas  [unknown]                 [k] 0xffffffff81279281
     0.00%  benchmark-blas  [unknown]                 [k] 0xffffffff81466591
     0.00%  benchmark-blas  [unknown]                 [k] 0xffffffff810dc409
     0.00%  benchmark-blas  [unknown]                 [k] 0xffffffff812443f5
     0.00%  benchmark-blas  [unknown]                 [k] 0xffffffff81255586
     0.00%  benchmark-blas  [unknown]                 [k] 0xffffffff812541cc
     0.00%  benchmark-blas  [unknown]                 [k] 0xffffffff817db1a1
     0.00%  benchmark-blas  [unknown]                 [k] 0xffffffff81259c40
     0.00%  benchmark-blas  [unknown]                 [k] 0xffffffff8124d295
     0.00%  benchmark-blas  [unknown]                 [k] 0xffffffff8105ec4d
     0.00%  benchmark-blas  [unknown]                 [k] 0xffffffff81232dc0
     0.00%  benchmark-blas  [unknown]                 [k] 0xffffffff817db19b
     0.00%  benchmark-blas  [unknown]                 [k] 0xffffffff81232dce
     0.00%  benchmark-blas  [unknown]                 [k] 0xffffffff8124441c
     0.00%  benchmark-blas  [unknown]                 [k] 0xffffffff81255587
     0.00%  benchmark-blas  [unknown]                 [k] 0xffffffff8124448b
     0.00%  benchmark-blas  [unknown]                 [k] 0xffffffff81275b03
     0.00%  benchmark-blas  [unknown]                 [k] 0xffffffff817db18f
     0.00%  benchmark-blas  [unknown]                 [k] 0xffffffff812945ec
     0.00%  benchmark-blas  [unknown]                 [k] 0xffffffff812555b0
     0.00%  benchmark-blas  [unknown]                 [k] 0xffffffff812556f0
     0.00%  benchmark-blas  [unknown]                 [k] 0xffffffff81253fee
     0.00%  benchmark-blas  [unknown]                 [k] 0xffffffff81275db2
     0.00%  benchmark-blas  [unknown]                 [k] 0xffffffff810dc3f5
     0.00%  benchmark-blas  [unknown]                 [k] 0xffffffff81259c39
     0.00%  benchmark-blas  [unknown]                 [k] 0xffffffff81253fa5
     0.00%  benchmark-blas  [unknown]                 [k] 0xffffffff81275560
     0.00%  benchmark-blas  [unknown]                 [k] 0xffffffff81275b73
     0.00%  benchmark-blas  [unknown]                 [k] 0xffffffff812943c5
     0.00%  benchmark-blas  [unknown]                 [k] 0xffffffff81255582
     0.00%  benchmark-blas  [unknown]                 [k] 0xffffffff8146e6f7
     0.00%  benchmark-blas  [unknown]                 [k] 0xffffffff8105e76d
     0.00%  benchmark-blas  [unknown]                 [k] 0xffffffff812bccb9
     0.00%  benchmark-blas  [unknown]                 [k] 0xffffffff812bdbe2
     0.00%  benchmark-blas  [unknown]                 [k] 0xffffffff81259c36
     0.00%  benchmark-blas  [unknown]                 [k] 0xffffffff812ba64b
     0.00%  benchmark-blas  [unknown]                 [k] 0xffffffff812792ac
     0.00%  benchmark-blas  [unknown]                 [k] 0xffffffff812bcc93
     0.00%  benchmark-blas  [unknown]                 [k] 0xffffffff81254dc5
     0.00%  benchmark-blas  [unknown]                 [k] 0xffffffff812bce8a
     0.00%  benchmark-blas  [unknown]                 [k] 0xffffffff81253fb0
     0.00%  benchmark-blas  [unknown]                 [k] 0xffffffff8105e816
     0.00%  benchmark-blas  [unknown]                 [k] 0xffffffff81466441
     0.00%  benchmark-blas  libmkl_core.so.2          [.] mkl_serv_load_fun
     0.00%  benchmark-blas  [unknown]                 [k] 0xffffffff8125b765
     0.00%  benchmark-blas  libiomp5.so               [.] rml::internal::Backend::IndexedBins::getFromBin
     0.00%  benchmark-blas  [unknown]                 [k] 0xffffffff812b6f20
     0.00%  benchmark-blas  [unknown]                 [k] 0xffffffff813ce203
     0.00%  benchmark-blas  ld-2.31.so                [.] __strsep_g
     0.00%  benchmark-blas  libiomp5.so               [.] __kmp_allocate_team
     0.00%  benchmark-blas  libiomp5.so               [.] __kmp_init_implicit_task
     0.00%  benchmark-blas  libc-2.31.so              [.] __memset_avx2_unaligned_erms
     0.00%  benchmark-blas  [unknown]                 [k] 0xffffffff812540fe
     0.00%  benchmark-blas  [unknown]                 [k] 0xffffffff81259c5f
     0.00%  benchmark-blas  [unknown]                 [k] 0xffffffff812756ba
     0.00%  benchmark-blas  [unknown]                 [k] 0xffffffff81460cd5
     0.00%  benchmark-blas  libmkl_core.so.2          [.] mkl_blas_dgemm_initialize_kernel_info
     0.00%  benchmark-blas  libc-2.31.so              [.] qsort_r
     0.00%  benchmark-blas  [unknown]                 [k] 0xffffffff810dc3e8
     0.00%  benchmark-blas  libiomp5.so               [.] scalable_aligned_malloc
     0.00%  benchmark-blas  [unknown]                 [k] 0xffffffff81800ea7
     0.00%  benchmark-blas  [unknown]                 [k] 0xffffffff817eac79
     0.00%  benchmark-blas  [unknown]                 [k] 0xffffffff8125b92f
     0.00%  benchmark-blas  [unknown]                 [k] 0xffffffff8105ea32
     0.00%  benchmark-blas  [unknown]                 [k] 0xffffffff8125b96a
     0.00%  benchmark-blas  libiomp5.so               [.] _INTERNAL9a1d8470::__kmp_affinity_create_x2apicid_map
     0.00%  benchmark-blas  libdl-2.31.so             [.] dlsym
     0.00%  benchmark-blas  [unknown]                 [k] 0xffffffff810a9685
     0.00%  benchmark-blas  [unknown]                 [k] 0xffffffff81255743
     0.00%  benchmark-blas  [unknown]                 [k] 0xffffffff810a9696
     0.00%  benchmark-blas  [unknown]                 [k] 0xffffffff8125e23c
     0.00%  benchmark-blas  libiomp5.so               [.] __kmp_affinity_set_place
     0.00%  benchmark-blas  libiomp5.so               [.] pthread_getspecific@plt
     0.00%  benchmark-blas  [unknown]                 [k] 0xffffffff817e4166
     0.00%  benchmark-blas  [unknown]                 [k] 0xffffffff8146e8e3
     0.00%  benchmark-blas  libiomp5.so               [.] rml::internal::AllLocalCaches::registerThread
     0.00%  benchmark-blas  [unknown]                 [k] 0xffffffff817e46ff
     0.00%  benchmark-blas  libc-2.31.so              [.] __vfprintf_internal
     0.00%  benchmark-blas  [unknown]                 [k] 0xffffffff817e43cb
     0.00%  benchmark-blas  libc-2.31.so              [.] syscall
     0.00%  benchmark-blas  [unknown]                 [k] 0xffffffff810b8546
     0.00%  benchmark-blas  [unknown]                 [k] 0xffffffff81123ff5
     0.00%  benchmark-blas  [unknown]                 [k] 0xffffffff8105e893
     0.00%  benchmark-blas  ld-2.31.so                [.] __GI___tunables_init
     0.00%  benchmark-blas  libiomp5.so               [.] KMPNativeAffinity::Mask::copy
     0.00%  benchmark-blas  [unknown]                 [k] 0xffffffff817e415e
     0.00%  benchmark-blas  libiomp5.so               [.] rml::internal::TLSKey::createTLS
     0.00%  benchmark-blas  libmkl_avx2.so.2          [.] mkl_blas_avx2_dgemm_initialize_kernel_info
     0.00%  benchmark-blas  libc-2.31.so              [.] memcpy
     0.00%  benchmark-blas  [unknown]                 [k] 0xffffffff81800eb3
     0.00%  benchmark-blas  libiomp5.so               [.] KMPNativeAffinity::Mask::zero
     0.00%  benchmark-blas  [unknown]                 [k] 0xffffffff811239a2
     0.00%  benchmark-blas  libmkl_core.so.2          [.] mkl_serv_Xbyak::Operand::Operand
     0.00%  benchmark-blas  libiomp5.so               [.] __kmp_x86_cpuid
     0.00%  benchmark-blas  libmkl_avx2.so.2          [.] check_strategy
     0.00%  benchmark-blas  [unknown]                 [k] 0xffffffff812792b1
     0.00%  benchmark-blas  libiomp5.so               [.] rml::internal::BootStrapBlocks::allocate
     0.00%  benchmark-blas  libiomp5.so               [.] KMPNativeAffinity::Mask::is_set
     0.00%  benchmark-blas  [unknown]                 [k] 0xffffffff810b2eb7
     0.00%  benchmark-blas  libiomp5.so               [.] kmp_hw_thread_t::compare_ids
     0.00%  benchmark-blas  libc-2.31.so              [.] pthread_self
     0.00%  benchmark-blas  libiomp5.so               [.] rml::internal::FreeBlockPool::getBlock
     0.00%  benchmark-blas  [unknown]                 [k] 0xffffffff810bb5c7
     0.00%  benchmark-blas  [unknown]                 [k] 0xffffffff81291cc5
     0.00%  benchmark-blas  [unknown]                 [k] 0xffffffff817eac6e
     0.00%  benchmark-blas  libiomp5.so               [.] KMPNativeAffinity::Mask::set_system_affinity
     0.00%  benchmark-blas  [unknown]                 [k] 0xffffffff811428f3
     0.00%  benchmark-blas  [unknown]                 [k] 0xffffffff810b887e
     0.00%  benchmark-blas  ld-2.31.so                [.] _dl_runtime_resolve_xsavec
     0.00%  benchmark-blas  [unknown]                 [k] 0xffffffff813cec4e
     0.00%  benchmark-blas  libiomp5.so               [.] rml::internal::LargeObjectCacheImpl<rml::internal::LargeObjectCacheProps<rml::internal::LargeBinStructureProps<8192ul, 8388608ul>, 2, 2, 16> >::regularCleanup
     0.00%  benchmark-blas  libiomp5.so               [.] KMPNativeAffinity::Mask::next
     0.00%  benchmark-blas  [unknown]                 [k] 0xffffffff810dce4d
     0.00%  benchmark-blas  [unknown]                 [k] 0xffffffff810dce4f
     0.00%  benchmark-blas  libiomp5.so               [.] _INTERNALfae7a54c::__kmp_resume_template<kmp_flag_64<false, true> >
     0.00%  benchmark-blas  [unknown]                 [k] 0xffffffff818012e9
     0.00%  benchmark-blas  [unknown]                 [k] 0xffffffff813cec51
     0.00%  benchmark-blas  libiomp5.so               [.] _INTERNAL3fdfdb8b::rml::internal::internalPoolMalloc
     0.00%  benchmark-blas  libiomp5.so               [.] __kmp_affinity_set_init_mask
     0.00%  benchmark-blas  [unknown]                 [k] 0xffffffff81253fcb
     0.00%  benchmark-blas  ld-2.31.so                [.] check_match
     0.00%  benchmark-blas  libc-2.31.so              [.] __ctype_init
     0.00%  benchmark-blas  libiomp5.so               [.] rml::internal::Backend::genericGetBlock
     0.00%  benchmark-blas  libpthread-2.31.so        [.] pthread_setspecific
     0.00%  benchmark-blas  [unknown]                 [k] 0xffffffff810ac57d
     0.00%  benchmark-blas  [unknown]                 [k] 0xffffffff810b3381
     0.00%  benchmark-blas  [unknown]                 [k] 0xffffffff810bb232
     0.00%  benchmark-blas  [unknown]                 [k] 0xffffffff810bb3d8
     0.00%  benchmark-blas  [unknown]                 [k] 0xffffffff810bb5a5
     0.00%  benchmark-blas  [unknown]                 [k] 0xffffffff810dc403
     0.00%  benchmark-blas  [unknown]                 [k] 0xffffffff81146151
     0.00%  benchmark-blas  [unknown]                 [k] 0xffffffff8121ed98
     0.00%  benchmark-blas  [unknown]                 [k] 0xffffffff8124449a
     0.00%  benchmark-blas  [unknown]                 [k] 0xffffffff8125404a
     0.00%  benchmark-blas  [unknown]                 [k] 0xffffffff812755cc
     0.00%  benchmark-blas  [unknown]                 [k] 0xffffffff812756b2
     0.00%  benchmark-blas  [unknown]                 [k] 0xffffffff8127579c
     0.00%  benchmark-blas  [unknown]                 [k] 0xffffffff812757ae
     0.00%  benchmark-blas  [unknown]                 [k] 0xffffffff812757c0
     0.00%  benchmark-blas  [unknown]                 [k] 0xffffffff812757e3
     0.00%  benchmark-blas  [unknown]                 [k] 0xffffffff81275942
     0.00%  benchmark-blas  [unknown]                 [k] 0xffffffff812791d8
     0.00%  benchmark-blas  [unknown]                 [k] 0xffffffff812792c8
     0.00%  benchmark-blas  [unknown]                 [k] 0xffffffff812943f8
     0.00%  benchmark-blas  [unknown]                 [k] 0xffffffff812bce87
     0.00%  benchmark-blas  [unknown]                 [k] 0xffffffff812bdc04
     0.00%  benchmark-blas  [unknown]                 [k] 0xffffffff813ce218
     0.00%  benchmark-blas  [unknown]                 [k] 0xffffffff817db198
     0.00%  benchmark-blas  [unknown]                 [k] 0xffffffff817e40bd
     0.00%  benchmark-blas  [unknown]                 [k] 0xffffffff817e6af5
     0.00%  benchmark-blas  [unknown]                 [k] 0xffffffff817e6c0d
     0.00%  benchmark-blas  [unknown]                 [k] 0xffffffff817e6ef5
     0.00%  benchmark-blas  [unknown]                 [k] 0xffffffff81424841
     0.00%  benchmark-blas  libiomp5.so               [.] ___kmp_allocate
     0.00%  benchmark-blas  [unknown]                 [k] 0xffffffff810b831e
     0.00%  benchmark-blas  [unknown]                 [k] 0xffffffff813cec45
     0.00%  benchmark-blas  [unknown]                 [k] 0xffffffff810b2fe2
     0.00%  benchmark-blas  libiomp5.so               [.] KMPNativeAffinity::index_mask_array
     0.00%  benchmark-blas  [unknown]                 [k] 0xffffffff810dce7b
     0.00%  benchmark-blas  [unknown]                 [k] 0xffffffff810a96a0
     0.00%  benchmark-blas  libpthread-2.31.so        [.] pthread_cond_signal
     0.00%  benchmark-blas  libiomp5.so               [.] _INTERNALfae7a54c::__kmp_launch_worker
     0.00%  benchmark-blas  [unknown]                 [k] 0xffffffff810aa855
     0.00%  benchmark-blas  libiomp5.so               [.] rml::internal::Backend::IndexedBins::getMinNonemptyBin
     0.00%  benchmark-blas  [unknown]                 [k] 0xffffffff810b0c92
     0.00%  benchmark-blas  [unknown]                 [k] 0xffffffff810b88a6
     0.00%  benchmark-blas  [unknown]                 [k] 0xffffffff810bafe4
     0.00%  benchmark-blas  [unknown]                 [k] 0xffffffff81146136
     0.00%  benchmark-blas  [unknown]                 [k] 0xffffffff81270221
     0.00%  benchmark-blas  [unknown]                 [k] 0xffffffff8127917c
     0.00%  benchmark-blas  [unknown]                 [k] 0xffffffff81421416
     0.00%  benchmark-blas  [unknown]                 [k] 0xffffffff810b0cd0
     0.00%  benchmark-blas  [unknown]                 [k] 0xffffffff817eacc6
     0.00%  benchmark-blas  [unknown]                 [k] 0xffffffff810b2f8d
     0.00%  benchmark-blas  [unknown]                 [k] 0xffffffff810aa874
     0.00%  benchmark-blas  libiomp5.so               [.] _intel_fast_memset
     0.00%  benchmark-blas  [unknown]                 [k] 0xffffffff810b2f20
     0.00%  benchmark-blas  [unknown]                 [k] 0xffffffff810b31a5
     0.00%  benchmark-blas  libiomp5.so               [.] __kmp_affinity_bind_thread
     0.00%  benchmark-blas  [unknown]                 [k] 0xffffffff813caf75
     0.00%  benchmark-blas  [unknown]                 [k] 0xffffffff81424869
     0.00%  benchmark-blas  [unknown]                 [k] 0xffffffff810b31d0
     0.00%  benchmark-blas  [unknown]                 [k] 0xffffffff810b2f1c
     0.00%  benchmark-blas  [unknown]                 [k] 0xffffffff810b2f8b
     0.00%  benchmark-blas  [unknown]                 [k] 0xffffffff813cec40
     0.00%  benchmark-blas  [unknown]                 [k] 0xffffffff810a96b7
     0.00%  benchmark-blas  [unknown]                 [k] 0xffffffff810a96b8
     0.00%  benchmark-blas  [unknown]                 [k] 0xffffffff81424840
     0.00%  benchmark-blas  [unknown]                 [k] 0xffffffff813caf45
     0.00%  benchmark-blas  [unknown]                 [k] 0xffffffff81142881
     0.00%  benchmark-blas  [unknown]                 [k] 0xffffffff810ac535
     0.00%  benchmark-blas  [unknown]                 [k] 0xffffffff810b2ece
     0.00%  benchmark-blas  [unknown]                 [k] 0xffffffff813caf7e
     0.00%  benchmark-blas  libiomp5.so               [.] KMPNativeAffinity::allocate_mask
     0.00%  benchmark-blas  [unknown]                 [k] 0xffffffff810b8244
     0.00%  benchmark-blas  [unknown]                 [k] 0xffffffff810b8150
     0.00%  benchmark-blas  [unknown]                 [k] 0xffffffff81123992
     0.00%  benchmark-blas  [unknown]                 [k] 0xffffffff8146e8f5
     0.00%  benchmark-blas  [unknown]                 [k] 0xffffffff813cec5a
     0.00%  benchmark-blas  [unknown]                 [k] 0xffffffff810a968f
     0.00%  benchmark-blas  [unknown]                 [k] 0xffffffff810a9686
     0.00%  benchmark-blas  [unknown]                 [k] 0xffffffff810ae72c
     0.00%  benchmark-blas  [unknown]                 [k] 0xffffffff8114613c
     0.00%  benchmark-blas  [unknown]                 [k] 0xffffffff813caf7f
     0.00%  benchmark-blas  [unknown]                 [k] 0xffffffff810b2fc1
     0.00%  benchmark-blas  [unknown]                 [k] 0xffffffff81418f70
     0.00%  benchmark-blas  [unknown]                 [k] 0xffffffff8111fb3f
     0.00%  benchmark-blas  [unknown]                 [k] 0xffffffff810b0d21
     0.00%  benchmark-blas  libpthread-2.31.so        [.] start_thread
     0.00%  benchmark-blas  [unknown]                 [k] 0xffffffff810b8283
     0.00%  benchmark-blas  [unknown]                 [k] 0xffffffff810b830f
     0.00%  benchmark-blas  [unknown]                 [k] 0xffffffff810dcf1c
     0.00%  benchmark-blas  [unknown]                 [k] 0xffffffff81259c6e
     0.00%  benchmark-blas  [unknown]                 [k] 0xffffffff817db170
     0.00%  benchmark-blas  libiomp5.so               [.] rml::internal::getSmallObjectIndex
     0.00%  benchmark-blas  libiomp5.so               [.] ___kmp_free
     0.00%  benchmark-blas  [unknown]                 [k] 0xffffffff813cec69
     0.00%  benchmark-blas  [unknown]                 [k] 0xffffffff8145ac3c
     0.00%  benchmark-blas  [unknown]                 [k] 0xffffffff8114287f
     0.00%  benchmark-blas  [unknown]                 [k] 0xffffffff81418f5b
     0.00%  benchmark-blas  libc-2.31.so              [.] qsort
     0.00%  benchmark-blas  [unknown]                 [k] 0xffffffff81294265
     0.00%  benchmark-blas  libiomp5.so               [.] KMPNativeAffinity::Mask::set
     0.00%  benchmark-blas  ld-2.31.so                [.] _dl_sysdep_start
     0.00%  benchmark-blas  [unknown]                 [k] 0xffffffff810bb63a
     0.00%  benchmark-blas  [unknown]                 [k] 0xffffffff8146e8f0
     0.00%  benchmark-blas  [unknown]                 [k] 0xffffffff81146115
     0.00%  benchmark-blas  [unknown]                 [k] 0xffffffff810bb2d0
     0.00%  benchmark-blas  [unknown]                 [k] 0xffffffff810b2fc8
     0.00%  benchmark-blas  [unknown]                 [k] 0xffffffff810b2fd5
     0.00%  benchmark-blas  libiomp5.so               [.] KMPNativeAffinity::deallocate_mask
     0.00%  benchmark-blas  libiomp5.so               [.] KMPNativeAffinity::Mask::~Mask
     0.00%  benchmark-blas  [unknown]                 [k] 0xffffffff817eacbc
     0.00%  benchmark-blas  [unknown]                 [k] 0xffffffff810b2eb5
     0.00%  benchmark-blas  [unknown]                 [k] 0xffffffff813cec6c
     0.00%  benchmark-blas  libiomp5.so               [.] KMPNativeAffinity::Mask::end
     0.00%  benchmark-blas  libiomp5.so               [.] KMPNativeAffinity::bind_thread
     0.00%  benchmark-blas  [unknown]                 [k] 0xffffffff810af7c7
     0.00%  benchmark-blas  [unknown]                 [k] 0xffffffff81254131
     0.00%  benchmark-blas  libmkl_intel_thread.so.2  [.] _init
     0.00%  benchmark-blas  libiomp5.so               [.] rml::internal::Block::adjustPositionInBin
     0.00%  benchmark-blas  libiomp5.so               [.] KMPAffinity::Mask::operator delete
     0.00%  benchmark-blas  libiomp5.so               [.] omp_get_num_procs@OMP_1.0
     0.00%  benchmark-blas  libmkl_intel_thread.so.2  [.] mkl_serv_get_num_stripes
     0.00%  benchmark-blas  ld-2.31.so                [.] _dl_start
     0.00%  benchmark-blas  [unknown]                 [k] 0xffffffff810b31a6
     0.00%  benchmark-blas  [unknown]                 [k] 0xffffffff810be4aa
     0.00%  benchmark-blas  [unknown]                 [k] 0xffffffff8120d495
     0.00%  benchmark-blas  [unknown]                 [k] 0xffffffff81259c73
     0.00%  benchmark-blas  [unknown]                 [k] 0xffffffff8125e1ad
     0.00%  benchmark-blas  [unknown]                 [k] 0xffffffff81275962


#
# (Cannot load tips.txt file, please install perf!)
#
