# To display the perf.data header info, please use --header/--header-only options.
#
#
# Total Lost Samples: 0
#
# Samples: 3M of event 'cycles:u'
# Event count (approx.): 4982579087577
#
# Overhead  Command         Shared Object             Symbol                                                                                 
# ........  ..............  ........................  .......................................................................................
#
    61.35%  benchmark-blas  libmkl_def.so.2           [.] mkl_blas_def_dgemm_kernel_zen
    20.22%  benchmark-blas  libmkl_def.so.2           [.] mkl_blas_def_dgemm_copyan_bdz
    11.82%  benchmark-blas  libiomp5.so               [.] _INTERNAL92a63c0c::__kmp_wait_template<kmp_flag_64<false, true>, true, false, true>
     1.93%  benchmark-blas  libmkl_def.so.2           [.] mkl_blas_def_dgemm_copybn_bdz
     1.28%  benchmark-blas  libmkl_def.so.2           [.] mkl_blas_def_dgemm_pst
     0.58%  benchmark-blas  benchmark-blas            [.] 0x0000000000001a31
     0.55%  benchmark-blas  libiomp5.so               [.] _INTERNAL92a63c0c::__kmp_hyper_barrier_gather
     0.26%  benchmark-blas  libiomp5.so               [.] kmp_flag_native<unsigned long long, (flag_type)1, true>::notdone_check
     0.15%  benchmark-blas  benchmark-blas            [.] 0x0000000000001a3b
     0.08%  benchmark-blas  benchmark-blas            [.] 0x0000000000001a49
     0.07%  benchmark-blas  benchmark-blas            [.] 0x0000000000001a2c
     0.07%  benchmark-blas  [unknown]                 [k] 0xffffffff810c4386
     0.06%  benchmark-blas  [unknown]                 [k] 0xffffffff81801220
     0.06%  benchmark-blas  libc-2.31.so              [.] __memset_avx2_erms
     0.05%  benchmark-blas  [unknown]                 [k] 0xffffffff810ba37d
     0.05%  benchmark-blas  libc-2.31.so              [.] __memcpy_avx_unaligned_erms
     0.05%  benchmark-blas  [unknown]                 [k] 0xffffffff810ba369
     0.04%  benchmark-blas  [unknown]                 [k] 0xffffffff810c4358
     0.04%  benchmark-blas  benchmark-blas            [.] 0x0000000000001a4e
     0.04%  benchmark-blas  benchmark-blas            [.] 0x00000000000019f6
     0.04%  benchmark-blas  benchmark-blas            [.] 0x0000000000001a87
     0.04%  benchmark-blas  benchmark-blas            [.] 0x0000000000001a6d
     0.04%  benchmark-blas  benchmark-blas            [.] 0x0000000000001a0d
     0.03%  benchmark-blas  [unknown]                 [k] 0xffffffff81800043
     0.03%  benchmark-blas  [unknown]                 [k] 0xffffffff8102652f
     0.03%  benchmark-blas  [unknown]                 [k] 0xffffffff81904104
     0.03%  benchmark-blas  [unknown]                 [k] 0xffffffff8118a885
     0.02%  benchmark-blas  [unknown]                 [k] 0xffffffff810b7e45
     0.02%  benchmark-blas  [unknown]                 [k] 0xffffffff810ba36d
     0.02%  benchmark-blas  [unknown]                 [k] 0xffffffff810b6ac2
     0.02%  benchmark-blas  [unknown]                 [k] 0xffffffff81800040
     0.02%  benchmark-blas  [unknown]                 [k] 0xffffffff81904108
     0.02%  benchmark-blas  [unknown]                 [k] 0xffffffff8118a942
     0.02%  benchmark-blas  libc-2.31.so              [.] sched_yield
     0.02%  benchmark-blas  [unknown]                 [k] 0xffffffff810c4380
     0.02%  benchmark-blas  [unknown]                 [k] 0xffffffff817e4042
     0.01%  benchmark-blas  libmkl_def.so.2           [.] mkl_blas_def_xdgemm_hi_thr_bdz
     0.01%  benchmark-blas  [unknown]                 [k] 0xffffffff817db680
     0.01%  benchmark-blas  [unknown]                 [k] 0xffffffff810adfa4
     0.01%  benchmark-blas  [unknown]                 [k] 0xffffffff817eb720
     0.01%  benchmark-blas  [unknown]                 [k] 0xffffffff810c4370
     0.01%  benchmark-blas  [unknown]                 [k] 0xffffffff810c4368
     0.01%  benchmark-blas  [unknown]                 [k] 0xffffffff817d7f36
     0.01%  benchmark-blas  [unknown]                 [k] 0xffffffff8118a850
     0.01%  benchmark-blas  [unknown]                 [k] 0xffffffff810ba456
     0.01%  benchmark-blas  [unknown]                 [k] 0xffffffff817eaca0
     0.01%  benchmark-blas  [unknown]                 [k] 0xffffffff810f63c0
     0.01%  benchmark-blas  [unknown]                 [k] 0xffffffff8180004c
     0.01%  benchmark-blas  [unknown]                 [k] 0xffffffff810ba375
     0.01%  benchmark-blas  [unknown]                 [k] 0xffffffff810b7cdf
     0.01%  benchmark-blas  [unknown]                 [k] 0xffffffff817d7ef0
     0.01%  benchmark-blas  libiomp5.so               [.] __kmp_yield
     0.01%  benchmark-blas  [unknown]                 [k] 0xffffffff8118aa50
     0.01%  benchmark-blas  [unknown]                 [k] 0xffffffff817e3e12
     0.01%  benchmark-blas  [unknown]                 [k] 0xffffffff817db77a
     0.01%  benchmark-blas  [unknown]                 [k] 0xffffffff810adf61
     0.01%  benchmark-blas  [unknown]                 [k] 0xffffffff8118a954
     0.01%  benchmark-blas  [unknown]                 [k] 0xffffffff817d7f12
     0.01%  benchmark-blas  [unknown]                 [k] 0xffffffff817e4726
     0.01%  benchmark-blas  [unknown]                 [k] 0xffffffff817db781
     0.01%  benchmark-blas  [unknown]                 [k] 0xffffffff810b6aaa
     0.01%  benchmark-blas  [unknown]                 [k] 0xffffffff810b6774
     0.01%  benchmark-blas  [unknown]                 [k] 0xffffffff817db794
     0.01%  benchmark-blas  [unknown]                 [k] 0xffffffff810b7cc7
     0.01%  benchmark-blas  [unknown]                 [k] 0xffffffff817e3dfc
     0.01%  benchmark-blas  [unknown]                 [k] 0xffffffff810ba3ee
     0.01%  benchmark-blas  [unknown]                 [k] 0xffffffff810b6a45
     0.01%  benchmark-blas  [unknown]                 [k] 0xffffffff810adfcc
     0.01%  benchmark-blas  [unknown]                 [k] 0xffffffff810ba685
     0.01%  benchmark-blas  [unknown]                 [k] 0xffffffff810adf9d
     0.01%  benchmark-blas  [unknown]                 [k] 0xffffffff817e3e07
     0.01%  benchmark-blas  [unknown]                 [k] 0xffffffff81800005
     0.01%  benchmark-blas  [unknown]                 [k] 0xffffffff810adf4a
     0.01%  benchmark-blas  [unknown]                 [k] 0xffffffff810adfc5
     0.01%  benchmark-blas  [unknown]                 [k] 0xffffffff8118a9fd
     0.01%  benchmark-blas  [unknown]                 [k] 0xffffffff810ba332
     0.01%  benchmark-blas  [unknown]                 [k] 0xffffffff810b6779
     0.01%  benchmark-blas  [unknown]                 [k] 0xffffffff817d7f42
     0.01%  benchmark-blas  [unknown]                 [k] 0xffffffff817e3e58
     0.01%  benchmark-blas  [unknown]                 [k] 0xffffffff810fd13f
     0.01%  benchmark-blas  [unknown]                 [k] 0xffffffff8118aa7f
     0.01%  benchmark-blas  [unknown]                 [k] 0xffffffff817e3dab
     0.00%  benchmark-blas  libmkl_core.so.2          [.] mm_account_ptr_by_tid
     0.00%  benchmark-blas  [unknown]                 [k] 0xffffffff810ac8cb
     0.00%  benchmark-blas  [unknown]                 [k] 0xffffffff810ba338
     0.00%  benchmark-blas  [unknown]                 [k] 0xffffffff817db77b
     0.00%  benchmark-blas  [unknown]                 [k] 0xffffffff818000e3
     0.00%  benchmark-blas  [unknown]                 [k] 0xffffffff810adf38
     0.00%  benchmark-blas  [unknown]                 [k] 0xffffffff810c4435
     0.00%  benchmark-blas  [unknown]                 [k] 0xffffffff810adf37
     0.00%  benchmark-blas  [unknown]                 [k] 0xffffffff810c435e
     0.00%  benchmark-blas  [unknown]                 [k] 0xffffffff81103773
     0.00%  benchmark-blas  [unknown]                 [k] 0xffffffff8118a869
     0.00%  benchmark-blas  [unknown]                 [k] 0xffffffff810c4372
     0.00%  benchmark-blas  [unknown]                 [k] 0xffffffff810ba3cc
     0.00%  benchmark-blas  [unknown]                 [k] 0xffffffff810b7cdc
     0.00%  benchmark-blas  [unknown]                 [k] 0xffffffff810fd147
     0.00%  benchmark-blas  [unknown]                 [k] 0xffffffff810ba3e2
     0.00%  benchmark-blas  [unknown]                 [k] 0xffffffff810b7cc0
     0.00%  benchmark-blas  [unknown]                 [k] 0xffffffff810c4412
     0.00%  benchmark-blas  [unknown]                 [k] 0xffffffff810c438a
     0.00%  benchmark-blas  [unknown]                 [k] 0xffffffff818000d9
     0.00%  benchmark-blas  [unknown]                 [k] 0xffffffff810ba34f
     0.00%  benchmark-blas  [unknown]                 [k] 0xffffffff810b6769
     0.00%  benchmark-blas  [unknown]                 [k] 0xffffffff810c436b
     0.00%  benchmark-blas  [unknown]                 [k] 0xffffffff810b6a3e
     0.00%  benchmark-blas  [unknown]                 [k] 0xffffffff810ba387
     0.00%  benchmark-blas  [unknown]                 [k] 0xffffffff810b677b
     0.00%  benchmark-blas  [unknown]                 [k] 0xffffffff817d7f2d
     0.00%  benchmark-blas  [unknown]                 [k] 0xffffffff810b6acc
     0.00%  benchmark-blas  [unknown]                 [k] 0xffffffff810ba31a
     0.00%  benchmark-blas  [unknown]                 [k] 0xffffffff810b7cce
     0.00%  benchmark-blas  [unknown]                 [k] 0xffffffff810b6a55
     0.00%  benchmark-blas  [unknown]                 [k] 0xffffffff8118a87a
     0.00%  benchmark-blas  [unknown]                 [k] 0xffffffff810ba37f
     0.00%  benchmark-blas  [unknown]                 [k] 0xffffffff817d7f32
     0.00%  benchmark-blas  [unknown]                 [k] 0xffffffff810b6ab0
     0.00%  benchmark-blas  [unknown]                 [k] 0xffffffff810b6abe
     0.00%  benchmark-blas  [unknown]                 [k] 0xffffffff810adf36
     0.00%  benchmark-blas  [unknown]                 [k] 0xffffffff817e4729
     0.00%  benchmark-blas  [unknown]                 [k] 0xffffffff810ba3d8
     0.00%  benchmark-blas  [unknown]                 [k] 0xffffffff817e3ead
     0.00%  benchmark-blas  [unknown]                 [k] 0xffffffff810d85ca
     0.00%  benchmark-blas  [unknown]                 [k] 0xffffffff817db671
     0.00%  benchmark-blas  [unknown]                 [k] 0xffffffff810ac8fb
     0.00%  benchmark-blas  [unknown]                 [k] 0xffffffff810ac902
     0.00%  benchmark-blas  [unknown]                 [k] 0xffffffff8118a934
     0.00%  benchmark-blas  [unknown]                 [k] 0xffffffff810adf8e
     0.00%  benchmark-blas  [unknown]                 [k] 0xffffffff810b6aad
     0.00%  benchmark-blas  [unknown]                 [k] 0xffffffff817e471d
     0.00%  benchmark-blas  [unknown]                 [k] 0xffffffff810ba446
     0.00%  benchmark-blas  [unknown]                 [k] 0xffffffff810adf52
     0.00%  benchmark-blas  [unknown]                 [k] 0xffffffff810ba3f4
     0.00%  benchmark-blas  [unknown]                 [k] 0xffffffff810b678f
     0.00%  benchmark-blas  [unknown]                 [k] 0xffffffff817db676
     0.00%  benchmark-blas  [unknown]                 [k] 0xffffffff810adfa2
     0.00%  benchmark-blas  [unknown]                 [k] 0xffffffff810adf95
     0.00%  benchmark-blas  [unknown]                 [k] 0xffffffff810b6a8e
     0.00%  benchmark-blas  [unknown]                 [k] 0xffffffff810adf30
     0.00%  benchmark-blas  [unknown]                 [k] 0xffffffff810b6a75
     0.00%  benchmark-blas  [unknown]                 [k] 0xffffffff8113db18
     0.00%  benchmark-blas  [unknown]                 [k] 0xffffffff81103730
     0.00%  benchmark-blas  [unknown]                 [k] 0xffffffff817db650
     0.00%  benchmark-blas  [unknown]                 [k] 0xffffffff817e3dff
     0.00%  benchmark-blas  [unknown]                 [k] 0xffffffff817e3dbe
     0.00%  benchmark-blas  [unknown]                 [k] 0xffffffff810adf5a
     0.00%  benchmark-blas  [unknown]                 [k] 0xffffffff810fd14a
     0.00%  benchmark-blas  [unknown]                 [k] 0xffffffff817e3e0c
     0.00%  benchmark-blas  [unknown]                 [k] 0xffffffff810faded
     0.00%  benchmark-blas  [unknown]                 [k] 0xffffffff8118a9ef
     0.00%  benchmark-blas  [unknown]                 [k] 0xffffffff817e43d0
     0.00%  benchmark-blas  [unknown]                 [k] 0xffffffff810ba3e7
     0.00%  benchmark-blas  [unknown]                 [k] 0xffffffff810ba69e
     0.00%  benchmark-blas  [unknown]                 [k] 0xffffffff810b6793
     0.00%  benchmark-blas  [unknown]                 [k] 0xffffffff810d85b3
     0.00%  benchmark-blas  [unknown]                 [k] 0xffffffff8180006b
     0.00%  benchmark-blas  [unknown]                 [k] 0xffffffff810ac94c
     0.00%  benchmark-blas  [unknown]                 [k] 0xffffffff810ba687
     0.00%  benchmark-blas  [unknown]                 [k] 0xffffffff8118aa6b
     0.00%  benchmark-blas  [unknown]                 [k] 0xffffffff810ba3d0
     0.00%  benchmark-blas  [unknown]                 [k] 0xffffffff810ac927
     0.00%  benchmark-blas  [unknown]                 [k] 0xffffffff810b67a3
     0.00%  benchmark-blas  [unknown]                 [k] 0xffffffff817e3e04
     0.00%  benchmark-blas  [unknown]                 [k] 0xffffffff810b678c
     0.00%  benchmark-blas  [unknown]                 [k] 0xffffffff810c4440
     0.00%  benchmark-blas  [unknown]                 [k] 0xffffffff81103782
     0.00%  benchmark-blas  [unknown]                 [k] 0xffffffff817db78e
     0.00%  benchmark-blas  [unknown]                 [k] 0xffffffff81103074
     0.00%  benchmark-blas  [unknown]                 [k] 0xffffffff817eac90
     0.00%  benchmark-blas  [unknown]                 [k] 0xffffffff8118a86e
     0.00%  benchmark-blas  [unknown]                 [k] 0xffffffff817e3ec5
     0.00%  benchmark-blas  [unknown]                 [k] 0xffffffff81026578
     0.00%  benchmark-blas  [unknown]                 [k] 0xffffffff810adf87
     0.00%  benchmark-blas  [unknown]                 [k] 0xffffffff817d7f3e
     0.00%  benchmark-blas  [unknown]                 [k] 0xffffffff817e3df3
     0.00%  benchmark-blas  [unknown]                 [k] 0xffffffff81103748
     0.00%  benchmark-blas  [unknown]                 [k] 0xffffffff81800073
     0.00%  benchmark-blas  [unknown]                 [k] 0xffffffff810adf39
     0.00%  benchmark-blas  [unknown]                 [k] 0xffffffff817db684
     0.00%  benchmark-blas  [unknown]                 [k] 0xffffffff8110306e
     0.00%  benchmark-blas  [unknown]                 [k] 0xffffffff818000de
     0.00%  benchmark-blas  [unknown]                 [k] 0xffffffff810c4351
     0.00%  benchmark-blas  [unknown]                 [k] 0xffffffff8110f2db
     0.00%  benchmark-blas  [unknown]                 [k] 0xffffffff8118a947
     0.00%  benchmark-blas  [unknown]                 [k] 0xffffffff817db77c
     0.00%  benchmark-blas  [unknown]                 [k] 0xffffffff817e46d2
     0.00%  benchmark-blas  [unknown]                 [k] 0xffffffff8110377e
     0.00%  benchmark-blas  [unknown]                 [k] 0xffffffff818001d1
     0.00%  benchmark-blas  [unknown]                 [k] 0xffffffff810d85bf
     0.00%  benchmark-blas  [unknown]                 [k] 0xffffffff81800188
     0.00%  benchmark-blas  [unknown]                 [k] 0xffffffff8113d87c
     0.00%  benchmark-blas  [unknown]                 [k] 0xffffffff810ac950
     0.00%  benchmark-blas  [unknown]                 [k] 0xffffffff8118a93b
     0.00%  benchmark-blas  [unknown]                 [k] 0xffffffff810ac929
     0.00%  benchmark-blas  [unknown]                 [k] 0xffffffff817e41d3
     0.00%  benchmark-blas  [unknown]                 [k] 0xffffffff81025743
     0.00%  benchmark-blas  [unknown]                 [k] 0xffffffff810ba6ef
     0.00%  benchmark-blas  [unknown]                 [k] 0xffffffff817e3ed0
     0.00%  benchmark-blas  [unknown]                 [k] 0xffffffff81026574
     0.00%  benchmark-blas  [unknown]                 [k] 0xffffffff8118a85b
     0.00%  benchmark-blas  [unknown]                 [k] 0xffffffff810fd120
     0.00%  benchmark-blas  [unknown]                 [k] 0xffffffff818000e8
     0.00%  benchmark-blas  [unknown]                 [k] 0xffffffff810b6797
     0.00%  benchmark-blas  [unknown]                 [k] 0xffffffff8118a851
     0.00%  benchmark-blas  [unknown]                 [k] 0xffffffff810fd138
     0.00%  benchmark-blas  [unknown]                 [k] 0xffffffff8118a92f
     0.00%  benchmark-blas  [unknown]                 [k] 0xffffffff817db779
     0.00%  benchmark-blas  [unknown]                 [k] 0xffffffff81801223
     0.00%  benchmark-blas  [unknown]                 [k] 0xffffffff8118a859
     0.00%  benchmark-blas  [unknown]                 [k] 0xffffffff8118a88c
     0.00%  benchmark-blas  [unknown]                 [k] 0xffffffff8104fbfb
     0.00%  benchmark-blas  [unknown]                 [k] 0xffffffff810c437b
     0.00%  benchmark-blas  [unknown]                 [k] 0xffffffff81800ea0
     0.00%  benchmark-blas  [unknown]                 [k] 0xffffffff818001d6
     0.00%  benchmark-blas  [unknown]                 [k] 0xffffffff817e3e8e
     0.00%  benchmark-blas  [unknown]                 [k] 0xffffffff810dc3e8
     0.00%  benchmark-blas  [unknown]                 [k] 0xffffffff810ba385
     0.00%  benchmark-blas  [unknown]                 [k] 0xffffffff8118a94f
     0.00%  benchmark-blas  [unknown]                 [k] 0xffffffff810adfc0
     0.00%  benchmark-blas  [unknown]                 [k] 0xffffffff810ba34c
     0.00%  benchmark-blas  [unknown]                 [k] 0xffffffff817db657
     0.00%  benchmark-blas  [unknown]                 [k] 0xffffffff817db7d6
     0.00%  benchmark-blas  [unknown]                 [k] 0xffffffff8110c1a7
     0.00%  benchmark-blas  [unknown]                 [k] 0xffffffff810b7da0
     0.00%  benchmark-blas  [unknown]                 [k] 0xffffffff810fd14c
     0.00%  benchmark-blas  [unknown]                 [k] 0xffffffff810b6a4f
     0.00%  benchmark-blas  [unknown]                 [k] 0xffffffff817eacda
     0.00%  benchmark-blas  [unknown]                 [k] 0xffffffff81026536
     0.00%  benchmark-blas  [unknown]                 [k] 0xffffffff8118b5e9
     0.00%  benchmark-blas  [unknown]                 [k] 0xffffffff810fadf0
     0.00%  benchmark-blas  [unknown]                 [k] 0xffffffff810d85a8
     0.00%  benchmark-blas  [unknown]                 [k] 0xffffffff8118a9d7
     0.00%  benchmark-blas  [unknown]                 [k] 0xffffffff817e3df0
     0.00%  benchmark-blas  [unknown]                 [k] 0xffffffff817e3e5f
     0.00%  benchmark-blas  [unknown]                 [k] 0xffffffff817dae91
     0.00%  benchmark-blas  [unknown]                 [k] 0xffffffff81026582
     0.00%  benchmark-blas  [unknown]                 [k] 0xffffffff817e3d7a
     0.00%  benchmark-blas  [unknown]                 [k] 0xffffffff8118a9f6
     0.00%  benchmark-blas  [unknown]                 [k] 0xffffffff817e3e54
     0.00%  benchmark-blas  [unknown]                 [k] 0xffffffff810adf9a
     0.00%  benchmark-blas  [unknown]                 [k] 0xffffffff810b7d9d
     0.00%  benchmark-blas  [unknown]                 [k] 0xffffffff810ac957
     0.00%  benchmark-blas  [unknown]                 [k] 0xffffffff810c42ac
     0.00%  benchmark-blas  [unknown]                 [k] 0xffffffff810ac8cd
     0.00%  benchmark-blas  [unknown]                 [k] 0xffffffff817db66a
     0.00%  benchmark-blas  [unknown]                 [k] 0xffffffff81103084
     0.00%  benchmark-blas  [unknown]                 [k] 0xffffffff8118a852
     0.00%  benchmark-blas  [unknown]                 [k] 0xffffffff8104fbf2
     0.00%  benchmark-blas  [unknown]                 [k] 0xffffffff8110f344
     0.00%  benchmark-blas  [unknown]                 [k] 0xffffffff81026558
     0.00%  benchmark-blas  [unknown]                 [k] 0xffffffff810490f3
     0.00%  benchmark-blas  [unknown]                 [k] 0xffffffff810ac91c
     0.00%  benchmark-blas  [unknown]                 [k] 0xffffffff810ba35c
     0.00%  benchmark-blas  [unknown]                 [k] 0xffffffff810b6a99
     0.00%  benchmark-blas  [unknown]                 [k] 0xffffffff8107af01
     0.00%  benchmark-blas  [unknown]                 [k] 0xffffffff810b4b48
     0.00%  benchmark-blas  [unknown]                 [k] 0xffffffff810adf68
     0.00%  benchmark-blas  [unknown]                 [k] 0xffffffff817e3e46
     0.00%  benchmark-blas  [unknown]                 [k] 0xffffffff810ba6f0
     0.00%  benchmark-blas  [unknown]                 [k] 0xffffffff810b4b30
     0.00%  benchmark-blas  [unknown]                 [k] 0xffffffff8118b5e0
     0.00%  benchmark-blas  [unknown]                 [k] 0xffffffff817d7f22
     0.00%  benchmark-blas  [unknown]                 [k] 0xffffffff810ba38a
     0.00%  benchmark-blas  [unknown]                 [k] 0xffffffff817db770
     0.00%  benchmark-blas  [unknown]                 [k] 0xffffffff810ba3a5
     0.00%  benchmark-blas  [unknown]                 [k] 0xffffffff810b6a83
     0.00%  benchmark-blas  [unknown]                 [k] 0xffffffff810c4332
     0.00%  benchmark-blas  [unknown]                 [k] 0xffffffff817d8ace
     0.00%  benchmark-blas  benchmark-blas            [.] 0x00000000000019e5
     0.00%  benchmark-blas  [unknown]                 [k] 0xffffffff810ba68b
     0.00%  benchmark-blas  [unknown]                 [k] 0xffffffff81103769
     0.00%  benchmark-blas  [unknown]                 [k] 0xffffffff810c4495
     0.00%  benchmark-blas  [unknown]                 [k] 0xffffffff81800091
     0.00%  benchmark-blas  [unknown]                 [k] 0xffffffff810d85c7
     0.00%  benchmark-blas  [unknown]                 [k] 0xffffffff810b676d
     0.00%  benchmark-blas  [unknown]                 [k] 0xffffffff817e43a6
     0.00%  benchmark-blas  [unknown]                 [k] 0xffffffff8113d85c
     0.00%  benchmark-blas  [unknown]                 [k] 0xffffffff810ba3b4
     0.00%  benchmark-blas  [unknown]                 [k] 0xffffffff810c4474
     0.00%  benchmark-blas  [unknown]                 [k] 0xffffffff8118b5e7
     0.00%  benchmark-blas  [unknown]                 [k] 0xffffffff81800185
     0.00%  benchmark-blas  [unknown]                 [k] 0xffffffff817e3e23
     0.00%  benchmark-blas  [unknown]                 [k] 0xffffffff810d85b6
     0.00%  benchmark-blas  [unknown]                 [k] 0xffffffff817e46d4
     0.00%  benchmark-blas  [unknown]                 [k] 0xffffffff817d7f20
     0.00%  benchmark-blas  [unknown]                 [k] 0xffffffff817d7f05
     0.00%  benchmark-blas  [unknown]                 [k] 0xffffffff81026533
     0.00%  benchmark-blas  [unknown]                 [k] 0xffffffff810ba343
     0.00%  benchmark-blas  [unknown]                 [k] 0xffffffff81103744
     0.00%  benchmark-blas  [unknown]                 [k] 0xffffffff817d8abb
     0.00%  benchmark-blas  [unknown]                 [k] 0xffffffff810b6771
     0.00%  benchmark-blas  [unknown]                 [k] 0xffffffff818000f3
     0.00%  benchmark-blas  [unknown]                 [k] 0xffffffff817db796
     0.00%  benchmark-blas  [unknown]                 [k] 0xffffffff817e43a9
     0.00%  benchmark-blas  [unknown]                 [k] 0xffffffff810c4299
     0.00%  benchmark-blas  [unknown]                 [k] 0xffffffff817e3d98
     0.00%  benchmark-blas  [unknown]                 [k] 0xffffffff810b6a6b
     0.00%  benchmark-blas  [unknown]                 [k] 0xffffffff817e43b1
     0.00%  benchmark-blas  [unknown]                 [k] 0xffffffff8180007c
     0.00%  benchmark-blas  [unknown]                 [k] 0xffffffff817e4062
     0.00%  benchmark-blas  [unknown]                 [k] 0xffffffff81026585
     0.00%  benchmark-blas  [unknown]                 [k] 0xffffffff817e3e44
     0.00%  benchmark-blas  [unknown]                 [k] 0xffffffff818001f0
     0.00%  benchmark-blas  [unknown]                 [k] 0xffffffff81800089
     0.00%  benchmark-blas  [unknown]                 [k] 0xffffffff817e4060
     0.00%  benchmark-blas  [unknown]                 [k] 0xffffffff8118aa59
     0.00%  benchmark-blas  [unknown]                 [k] 0xffffffff810ba310
     0.00%  benchmark-blas  [unknown]                 [k] 0xffffffff817db688
     0.00%  benchmark-blas  [unknown]                 [k] 0xffffffff810ba3f6
     0.00%  benchmark-blas  [unknown]                 [k] 0xffffffff8118aa02
     0.00%  benchmark-blas  [unknown]                 [k] 0xffffffff810c4285
     0.00%  benchmark-blas  [unknown]                 [k] 0xffffffff817e3e82
     0.00%  benchmark-blas  [unknown]                 [k] 0xffffffff8107aedd
     0.00%  benchmark-blas  [unknown]                 [k] 0xffffffff810b7d72
     0.00%  benchmark-blas  [unknown]                 [k] 0xffffffff81800101
     0.00%  benchmark-blas  [unknown]                 [k] 0xffffffff817e3df1
     0.00%  benchmark-blas  [unknown]                 [k] 0xffffffff8113d87e
     0.00%  benchmark-blas  [unknown]                 [k] 0xffffffff810490e8
     0.00%  benchmark-blas  [unknown]                 [k] 0xffffffff8118a9d0
     0.00%  benchmark-blas  [unknown]                 [k] 0xffffffff8104910a
     0.00%  benchmark-blas  [unknown]                 [k] 0xffffffff81801400
     0.00%  benchmark-blas  [unknown]                 [k] 0xffffffff810b6ad3
     0.00%  benchmark-blas  [unknown]                 [k] 0xffffffff817db7aa
     0.00%  benchmark-blas  [unknown]                 [k] 0xffffffff818000a5
     0.00%  benchmark-blas  [unknown]                 [k] 0xffffffff810ba317
     0.00%  benchmark-blas  [unknown]                 [k] 0xffffffff8110375c
     0.00%  benchmark-blas  [unknown]                 [k] 0xffffffff817e3e91
     0.00%  benchmark-blas  libmkl_core.so.2          [.] mkl_serv_allocate
     0.00%  benchmark-blas  [unknown]                 [k] 0xffffffff810ba68f
     0.00%  benchmark-blas  [unknown]                 [k] 0xffffffff818000d4
     0.00%  benchmark-blas  [unknown]                 [k] 0xffffffff810ba325
     0.00%  benchmark-blas  [unknown]                 [k] 0xffffffff810ba38d
     0.00%  benchmark-blas  [unknown]                 [k] 0xffffffff818001d3
     0.00%  benchmark-blas  [unknown]                 [k] 0xffffffff8118a9d9
     0.00%  benchmark-blas  [unknown]                 [k] 0xffffffff810ac947
     0.00%  benchmark-blas  [unknown]                 [k] 0xffffffff8118a9eb
     0.00%  benchmark-blas  [unknown]                 [k] 0xffffffff810b6ad2
     0.00%  benchmark-blas  [unknown]                 [k] 0xffffffff810b6aa7
     0.00%  benchmark-blas  [unknown]                 [k] 0xffffffff81028a04
     0.00%  benchmark-blas  [unknown]                 [k] 0xffffffff8110c185
     0.00%  benchmark-blas  [unknown]                 [k] 0xffffffff81103060
     0.00%  benchmark-blas  [unknown]                 [k] 0xffffffff810b7d75
     0.00%  benchmark-blas  [unknown]                 [k] 0xffffffff817e3eb6
     0.00%  benchmark-blas  [unknown]                 [k] 0xffffffff810b6a9c
     0.00%  benchmark-blas  [unknown]                 [k] 0xffffffff81800104
     0.00%  benchmark-blas  [unknown]                 [k] 0xffffffff8180018b
     0.00%  benchmark-blas  [unknown]                 [k] 0xffffffff810490cc
     0.00%  benchmark-blas  [unknown]                 [k] 0xffffffff817db7a0
     0.00%  benchmark-blas  [unknown]                 [k] 0xffffffff818001d2
     0.00%  benchmark-blas  [unknown]                 [k] 0xffffffff81026516
     0.00%  benchmark-blas  [unknown]                 [k] 0xffffffff81801229
     0.00%  benchmark-blas  [unknown]                 [k] 0xffffffff817e405e
     0.00%  benchmark-blas  [unknown]                 [k] 0xffffffff817db7b4
     0.00%  benchmark-blas  [unknown]                 [k] 0xffffffff8110f2b5
     0.00%  benchmark-blas  [unknown]                 [k] 0xffffffff81103081
     0.00%  benchmark-blas  [unknown]                 [k] 0xffffffff8118b7a9
     0.00%  benchmark-blas  [unknown]                 [k] 0xffffffff817e3da1
     0.00%  benchmark-blas  [unknown]                 [k] 0xffffffff810ba3da
     0.00%  benchmark-blas  [unknown]                 [k] 0xffffffff81026527
     0.00%  benchmark-blas  [unknown]                 [k] 0xffffffff810b4b36
     0.00%  benchmark-blas  libmkl_intel_thread.so.2  [.] mkl_blas_dgemm_omp_driver_v1
     0.00%  benchmark-blas  [unknown]                 [k] 0xffffffff81800165
     0.00%  benchmark-blas  [unknown]                 [k] 0xffffffff81800119
     0.00%  benchmark-blas  [unknown]                 [k] 0xffffffff81800178
     0.00%  benchmark-blas  [unknown]                 [k] 0xffffffff817db656
     0.00%  benchmark-blas  [unknown]                 [k] 0xffffffff818001e8
     0.00%  benchmark-blas  [unknown]                 [k] 0xffffffff8102652b
     0.00%  benchmark-blas  [unknown]                 [k] 0xffffffff8107aef4
     0.00%  benchmark-blas  [unknown]                 [k] 0xffffffff810b6a30
     0.00%  benchmark-blas  [unknown]                 [k] 0xffffffff810b7e4d
     0.00%  benchmark-blas  [unknown]                 [k] 0xffffffff810b7cca
     0.00%  benchmark-blas  [unknown]                 [k] 0xffffffff810ba31e
     0.00%  benchmark-blas  [unknown]                 [k] 0xffffffff8118a919
     0.00%  benchmark-blas  [unknown]                 [k] 0xffffffff8110f37a
     0.00%  benchmark-blas  [unknown]                 [k] 0xffffffff817db660
     0.00%  benchmark-blas  [unknown]                 [k] 0xffffffff8107aec0
     0.00%  benchmark-blas  [unknown]                 [k] 0xffffffff8107aec5
     0.00%  benchmark-blas  [unknown]                 [k] 0xffffffff8110f2fa
     0.00%  benchmark-blas  [unknown]                 [k] 0xffffffff81028a2e
     0.00%  benchmark-blas  [unknown]                 [k] 0xffffffff81800173
     0.00%  benchmark-blas  [unknown]                 [k] 0xffffffff818019da
     0.00%  benchmark-blas  [unknown]                 [k] 0xffffffff810b7cd2
     0.00%  benchmark-blas  libpthread-2.31.so        [.] pthread_cond_wait
     0.00%  benchmark-blas  [unknown]                 [k] 0xffffffff8118aa74
     0.00%  benchmark-blas  [unknown]                 [k] 0xffffffff817e3df2
     0.00%  benchmark-blas  [unknown]                 [k] 0xffffffff810490d7
     0.00%  benchmark-blas  [unknown]                 [k] 0xffffffff81103737
     0.00%  benchmark-blas  [unknown]                 [k] 0xffffffff818019d5
     0.00%  benchmark-blas  [unknown]                 [k] 0xffffffff810c442b
     0.00%  benchmark-blas  [unknown]                 [k] 0xffffffff810d85af
     0.00%  benchmark-blas  [unknown]                 [k] 0xffffffff810b6ac5
     0.00%  benchmark-blas  [unknown]                 [k] 0xffffffff8118a864
     0.00%  benchmark-blas  [unknown]                 [k] 0xffffffff8110c195
     0.00%  benchmark-blas  libiomp5.so               [.] _INTERNAL92a63c0c::__kmp_hyper_barrier_release
     0.00%  benchmark-blas  [unknown]                 [k] 0xffffffff8146e227
     0.00%  benchmark-blas  libpthread-2.31.so        [.] pthread_getspecific
     0.00%  benchmark-blas  [unknown]                 [k] 0xffffffff810b7e4b
     0.00%  benchmark-blas  benchmark-blas            [.] 0x0000000000001a27
     0.00%  benchmark-blas  [unknown]                 [k] 0xffffffff817e404f
     0.00%  benchmark-blas  [unknown]                 [k] 0xffffffff817db789
     0.00%  benchmark-blas  [unknown]                 [k] 0xffffffff810ba3ab
     0.00%  benchmark-blas  [unknown]                 [k] 0xffffffff810b6a46
     0.00%  benchmark-blas  [unknown]                 [k] 0xffffffff810b6ab8
     0.00%  benchmark-blas  [unknown]                 [k] 0xffffffff810490c5
     0.00%  benchmark-blas  [unknown]                 [k] 0xffffffff8110b77c
     0.00%  benchmark-blas  [unknown]                 [k] 0xffffffff8110f306
     0.00%  benchmark-blas  [unknown]                 [k] 0xffffffff81461e68
     0.00%  benchmark-blas  libmkl_core.so.2          [.] mkl_serv_cbwr_get
     0.00%  benchmark-blas  [unknown]                 [k] 0xffffffff817daea2
     0.00%  benchmark-blas  [unknown]                 [k] 0xffffffff81801998
     0.00%  benchmark-blas  [unknown]                 [k] 0xffffffff817db827
     0.00%  benchmark-blas  libiomp5.so               [.] __kmp_join_barrier
     0.00%  benchmark-blas  ld-2.31.so                [.] __tls_get_addr
     0.00%  benchmark-blas  [unknown]                 [k] 0xffffffff81800126
     0.00%  benchmark-blas  libmkl_core.so.2          [.] mkl_serv_deallocate
     0.00%  benchmark-blas  [unknown]                 [k] 0xffffffff8113db24
     0.00%  benchmark-blas  libiomp5.so               [.] __kmp_get_global_thread_id_reg
     0.00%  benchmark-blas  [unknown]                 [k] 0xffffffff810ba449
     0.00%  benchmark-blas  [unknown]                 [k] 0xffffffff810c4280
     0.00%  benchmark-blas  [unknown]                 [k] 0xffffffff810ba451
     0.00%  benchmark-blas  [unknown]                 [k] 0xffffffff810ba33b
     0.00%  benchmark-blas  [unknown]                 [k] 0xffffffff8113d86e
     0.00%  benchmark-blas  [unknown]                 [k] 0xffffffff810b7cd6
     0.00%  benchmark-blas  [unknown]                 [k] 0xffffffff810ac8ea
     0.00%  benchmark-blas  [unknown]                 [k] 0xffffffff810b6a80
     0.00%  benchmark-blas  [unknown]                 [k] 0xffffffff810b6765
     0.00%  benchmark-blas  [unknown]                 [k] 0xffffffff810b6a3a
     0.00%  benchmark-blas  benchmark-blas            [.] 0x0000000000001a35
     0.00%  benchmark-blas  [unknown]                 [k] 0xffffffff817db867
     0.00%  benchmark-blas  [unknown]                 [k] 0xffffffff8110b7f1
     0.00%  benchmark-blas  [unknown]                 [k] 0xffffffff8110b58e
     0.00%  benchmark-blas  [unknown]                 [k] 0xffffffff8118a887
     0.00%  benchmark-blas  [unknown]                 [k] 0xffffffff817d8ab3
     0.00%  benchmark-blas  [unknown]                 [k] 0xffffffff817db820
     0.00%  benchmark-blas  [unknown]                 [k] 0xffffffff81124471
     0.00%  benchmark-blas  [unknown]                 [k] 0xffffffff817db771
     0.00%  benchmark-blas  [unknown]                 [k] 0xffffffff810b6ad7
     0.00%  benchmark-blas  [unknown]                 [k] 0xffffffff810d85a0
     0.00%  benchmark-blas  [unknown]                 [k] 0xffffffff810ba355
     0.00%  benchmark-blas  libiomp5.so               [.] __kmp_suspend_initialize_thread
     0.00%  benchmark-blas  [unknown]                 [k] 0xffffffff810ac912
     0.00%  benchmark-blas  [unknown]                 [k] 0xffffffff81028a01
     0.00%  benchmark-blas  [unknown]                 [k] 0xffffffff810b6760
     0.00%  benchmark-blas  [unknown]                 [k] 0xffffffff818000f0
     0.00%  benchmark-blas  ld-2.31.so                [.] _dl_lookup_symbol_x
     0.00%  benchmark-blas  [unknown]                 [k] 0xffffffff810b6a6e
     0.00%  benchmark-blas  [unknown]                 [k] 0xffffffff810ba3c5
     0.00%  benchmark-blas  [unknown]                 [k] 0xffffffff810b6a95
     0.00%  benchmark-blas  [unknown]                 [k] 0xffffffff817d8ab0
     0.00%  benchmark-blas  [unknown]                 [k] 0xffffffff817dae9a
     0.00%  benchmark-blas  [unknown]                 [k] 0xffffffff81801235
     0.00%  benchmark-blas  [unknown]                 [k] 0xffffffff8110c1de
     0.00%  benchmark-blas  [unknown]                 [k] 0xffffffff8107aed0
     0.00%  benchmark-blas  [unknown]                 [k] 0xffffffff8110c1f7
     0.00%  benchmark-blas  libiomp5.so               [.] __kmp_launch_thread
     0.00%  benchmark-blas  [unknown]                 [k] 0xffffffff81801265
     0.00%  benchmark-blas  libmkl_core.so.2          [.] mkl_blas_xdgemm_hi_thr_bdz
     0.00%  benchmark-blas  [unknown]                 [k] 0xffffffff817eb42c
     0.00%  benchmark-blas  [unknown]                 [k] 0xffffffff81123963
     0.00%  benchmark-blas  libc-2.31.so              [.] __memmove_sse2_unaligned_erms
     0.00%  benchmark-blas  libiomp5.so               [.] __kmp_finish_implicit_task
     0.00%  benchmark-blas  [unknown]                 [k] 0xffffffff8118aa67
     0.00%  benchmark-blas  [unknown]                 [k] 0xffffffff8110307a
     0.00%  benchmark-blas  [unknown]                 [k] 0xffffffff8164a3a6
     0.00%  benchmark-blas  [unknown]                 [k] 0xffffffff81800175
     0.00%  benchmark-blas  [unknown]                 [k] 0xffffffff817dae90
     0.00%  benchmark-blas  [unknown]                 [k] 0xffffffff810c4298
     0.00%  benchmark-blas  [unknown]                 [k] 0xffffffff810b6a67
     0.00%  benchmark-blas  [unknown]                 [k] 0xffffffff81800087
     0.00%  benchmark-blas  [unknown]                 [k] 0xffffffff810c42aa
     0.00%  benchmark-blas  [unknown]                 [k] 0xffffffff8180016b
     0.00%  benchmark-blas  [unknown]                 [k] 0xffffffff810ba363
     0.00%  benchmark-blas  [unknown]                 [k] 0xffffffff8118aa62
     0.00%  benchmark-blas  [unknown]                 [k] 0xffffffff817e43bf
     0.00%  benchmark-blas  [unknown]                 [k] 0xffffffff810b6a8b
     0.00%  benchmark-blas  [unknown]                 [k] 0xffffffff810fd12d
     0.00%  benchmark-blas  [unknown]                 [k] 0xffffffff810ba44e
     0.00%  benchmark-blas  [unknown]                 [k] 0xffffffff8118aa57
     0.00%  benchmark-blas  [unknown]                 [k] 0xffffffff817e472b
     0.00%  benchmark-blas  [unknown]                 [k] 0xffffffff810b6a72
     0.00%  benchmark-blas  [unknown]                 [k] 0xffffffff810c4420
     0.00%  benchmark-blas  [unknown]                 [k] 0xffffffff817e4059
     0.00%  benchmark-blas  libiomp5.so               [.] __kmp_fork_barrier
     0.00%  benchmark-blas  [unknown]                 [k] 0xffffffff810fade5
     0.00%  benchmark-blas  [unknown]                 [k] 0xffffffff817e3d7d
     0.00%  benchmark-blas  libiomp5.so               [.] omp_get_thread_num@OMP_1.0
     0.00%  benchmark-blas  [unknown]                 [k] 0xffffffff810b6a4b
     0.00%  benchmark-blas  [unknown]                 [k] 0xffffffff810ba31b
     0.00%  benchmark-blas  [unknown]                 [k] 0xffffffff810ba696
     0.00%  benchmark-blas  [unknown]                 [k] 0xffffffff817e3e7b
     0.00%  benchmark-blas  [unknown]                 [k] 0xffffffff817daefd
     0.00%  benchmark-blas  [unknown]                 [k] 0xffffffff81103791
     0.00%  benchmark-blas  [unknown]                 [k] 0xffffffff8118a91b
     0.00%  benchmark-blas  [unknown]                 [k] 0xffffffff810b7cc9
     0.00%  benchmark-blas  [unknown]                 [k] 0xffffffff8113db1f
     0.00%  benchmark-blas  libiomp5.so               [.] omp_get_num_threads@@VERSION
     0.00%  benchmark-blas  [unknown]                 [k] 0xffffffff812bce8a
     0.00%  benchmark-blas  [unknown]                 [k] 0xffffffff817e3da3
     0.00%  benchmark-blas  ld-2.31.so                [.] do_lookup_x
     0.00%  benchmark-blas  [unknown]                 [k] 0xffffffff8118aa0a
     0.00%  benchmark-blas  [unknown]                 [k] 0xffffffff81275631
     0.00%  benchmark-blas  [unknown]                 [k] 0xffffffffa049c8c5
     0.00%  benchmark-blas  [unknown]                 [k] 0xffffffff8104c861
     0.00%  benchmark-blas  [unknown]                 [k] 0xffffffff8180199d
     0.00%  benchmark-blas  [unknown]                 [k] 0xffffffff812943f0
     0.00%  benchmark-blas  [unknown]                 [k] 0xffffffff812945ec
     0.00%  benchmark-blas  [unknown]                 [k] 0xffffffff810b54ed
     0.00%  benchmark-blas  benchmark-blas            [.] 0x0000000000001a10
     0.00%  benchmark-blas  benchmark-blas            [.] 0x0000000000001a44
     0.00%  benchmark-blas  libc-2.31.so              [.] _dl_addr
     0.00%  benchmark-blas  [unknown]                 [k] 0xffffffff812ba630
     0.00%  benchmark-blas  [unknown]                 [k] 0xffffffff81800002
     0.00%  benchmark-blas  [unknown]                 [k] 0xffffffff8104fbf0
     0.00%  benchmark-blas  [unknown]                 [k] 0xffffffff8110c21e
     0.00%  benchmark-blas  [unknown]                 [k] 0xffffffff8110c18d
     0.00%  benchmark-blas  [unknown]                 [k] 0xffffffff8110c22c
     0.00%  benchmark-blas  [unknown]                 [k] 0xffffffff810ea73c
     0.00%  benchmark-blas  [unknown]                 [k] 0xffffffff8110b867
     0.00%  benchmark-blas  libmkl_def.so.2           [.] mkl_blas_def_dgemm_freebufs_bdz
     0.00%  benchmark-blas  [unknown]                 [k] 0xffffffff817eacbb
     0.00%  benchmark-blas  [unknown]                 [k] 0xffffffff8107aedf
     0.00%  benchmark-blas  [unknown]                 [k] 0xffffffff8110f2b7
     0.00%  benchmark-blas  [unknown]                 [k] 0xffffffff810e6044
     0.00%  benchmark-blas  [unknown]                 [k] 0xffffffff817eaccf
     0.00%  benchmark-blas  [unknown]                 [k] 0xffffffff810a2318
     0.00%  benchmark-blas  [unknown]                 [k] 0xffffffff810eae41
     0.00%  benchmark-blas  [unknown]                 [k] 0xffffffff817db7d0
     0.00%  benchmark-blas  [unknown]                 [k] 0xffffffff8113d880
     0.00%  benchmark-blas  [unknown]                 [k] 0xffffffff817eb420
     0.00%  benchmark-blas  [unknown]                 [k] 0xffffffff8110f2be
     0.00%  benchmark-blas  [unknown]                 [k] 0xffffffff8110c196
     0.00%  benchmark-blas  [unknown]                 [k] 0xffffffff810ea747
     0.00%  benchmark-blas  [unknown]                 [k] 0xffffffff8107aeea
     0.00%  benchmark-blas  [unknown]                 [k] 0xffffffff8110c225
     0.00%  benchmark-blas  [unknown]                 [k] 0xffffffff8110f2c7
     0.00%  benchmark-blas  [unknown]                 [k] 0xffffffff810eade5
     0.00%  benchmark-blas  [unknown]                 [k] 0xffffffff81801224
     0.00%  benchmark-blas  [unknown]                 [k] 0xffffffff81801234
     0.00%  benchmark-blas  [unknown]                 [k] 0xffffffff81801237
     0.00%  benchmark-blas  [unknown]                 [k] 0xffffffff81465add
     0.00%  benchmark-blas  [unknown]                 [k] 0xffffffff810490ed
     0.00%  benchmark-blas  [unknown]                 [k] 0xffffffff817eace4
     0.00%  benchmark-blas  [unknown]                 [k] 0xffffffff817ea9e5
     0.00%  benchmark-blas  [unknown]                 [k] 0xffffffff81049106
     0.00%  benchmark-blas  [unknown]                 [k] 0xffffffff810ea0bd
     0.00%  benchmark-blas  [unknown]                 [k] 0xffffffff8110c241
     0.00%  benchmark-blas  [unknown]                 [k] 0xffffffff81801262
     0.00%  benchmark-blas  [unknown]                 [k] 0xffffffff81801226
     0.00%  benchmark-blas  [unknown]                 [k] 0xffffffff817eacbd
     0.00%  benchmark-blas  [unknown]                 [k] 0xffffffff8110f2b0
     0.00%  benchmark-blas  [unknown]                 [k] 0xffffffff8110c180
     0.00%  benchmark-blas  [unknown]                 [k] 0xffffffff818019d0
     0.00%  benchmark-blas  [unknown]                 [k] 0xffffffff8110c217
     0.00%  benchmark-blas  libmkl_core.so.2          [.] mkl_serv_cpuiszen
     0.00%  benchmark-blas  [unknown]                 [k] 0xffffffff8111da95
     0.00%  benchmark-blas  [unknown]                 [k] 0xffffffff8111fb20
     0.00%  benchmark-blas  libc-2.31.so              [.] pthread_mutex_unlock
     0.00%  benchmark-blas  libpthread-2.31.so        [.] pthread_mutex_unlock
     0.00%  benchmark-blas  [unknown]                 [k] 0xffffffff810289fe
     0.00%  benchmark-blas  libiomp5.so               [.] __kmp_suspend_64<false, true>
     0.00%  benchmark-blas  [unknown]                 [k] 0xffffffff8180016d
     0.00%  benchmark-blas  libmkl_def.so.2           [.] mkl_blas_def_dgemm_get_bufs_size
     0.00%  benchmark-blas  [unknown]                 [k] 0xffffffff8113db14
     0.00%  benchmark-blas  [unknown]                 [k] 0xffffffff810c4419
     0.00%  benchmark-blas  [unknown]                 [k] 0xffffffff810ba38f
     0.00%  benchmark-blas  [unknown]                 [k] 0xffffffff81103070
     0.00%  benchmark-blas  libiomp5.so               [.] _INTERNALfae7a54c::__kmp_resume_template<kmp_flag_64<false, true> >
     0.00%  benchmark-blas  libmkl_intel_thread.so.2  [.] mkl_blas_dgemm_2D_bsrc
     0.00%  benchmark-blas  libmkl_core.so.2          [.] mkl_serv_get_fast_mm_status
     0.00%  benchmark-blas  [unknown]                 [k] 0xffffffff81103085
     0.00%  benchmark-blas  libc-2.31.so              [.] memcpy
     0.00%  benchmark-blas  [unknown]                 [k] 0xffffffff810b7e49
     0.00%  benchmark-blas  [unknown]                 [k] 0xffffffff810ea735
     0.00%  benchmark-blas  [unknown]                 [k] 0xffffffff81421553
     0.00%  benchmark-blas  libpthread-2.31.so        [.] __pthread_mutex_unlock_usercnt
     0.00%  benchmark-blas  [unknown]                 [k] 0xffffffffa026e476
     0.00%  benchmark-blas  [unknown]                 [k] 0xffffffff81103794
     0.00%  benchmark-blas  [unknown]                 [k] 0xffffffff810adfca
     0.00%  benchmark-blas  [unknown]                 [k] 0xffffffff816423b9
     0.00%  benchmark-blas  [unknown]                 [k] 0xffffffff812bce87
     0.00%  benchmark-blas  [unknown]                 [k] 0xffffffff817e43cb
     0.00%  benchmark-blas  [unknown]                 [k] 0xffffffff810c4294
     0.00%  benchmark-blas  libiomp5.so               [.] __kmp_invoke_task_func
     0.00%  benchmark-blas  [unknown]                 [k] 0xffffffff810c442e
     0.00%  benchmark-blas  [unknown]                 [k] 0xffffffff8180018a
     0.00%  benchmark-blas  [unknown]                 [k] 0xffffffff8110f2d7
     0.00%  benchmark-blas  [unknown]                 [k] 0xffffffff810c432c
     0.00%  benchmark-blas  [unknown]                 [k] 0xffffffff8110ab2c
     0.00%  benchmark-blas  [unknown]                 [k] 0xffffffff81800113
     0.00%  benchmark-blas  [unknown]                 [k] 0xffffffff8104fa49
     0.00%  benchmark-blas  [unknown]                 [k] 0xffffffff8102652d
     0.00%  benchmark-blas  [unknown]                 [k] 0xffffffff8110b890
     0.00%  benchmark-blas  libc-2.31.so              [.] pthread_mutex_lock
     0.00%  benchmark-blas  [unknown]                 [k] 0xffffffff810490c0
     0.00%  benchmark-blas  libpthread-2.31.so        [.] _pthread_cleanup_pop
     0.00%  benchmark-blas  [unknown]                 [k] 0xffffffff810a9713
     0.00%  benchmark-blas  [unknown]                 [k] 0xffffffff81291a6d
     0.00%  benchmark-blas  [unknown]                 [k] 0xffffffff811239a2
     0.00%  benchmark-blas  [unknown]                 [k] 0xffffffff810fdc01
     0.00%  benchmark-blas  [unknown]                 [k] 0xffffffff81800148
     0.00%  benchmark-blas  [unknown]                 [k] 0xffffffff8118a910
     0.00%  benchmark-blas  [unknown]                 [k] 0xffffffff8101cdd6
     0.00%  benchmark-blas  [unknown]                 [k] 0xffffffff810b7cc5
     0.00%  benchmark-blas  [unknown]                 [k] 0xffffffff817e439d
     0.00%  benchmark-blas  [unknown]                 [k] 0xffffffff810b8145
     0.00%  benchmark-blas  [unknown]                 [k] 0xffffffff8110c1e2
     0.00%  benchmark-blas  [unknown]                 [k] 0xffffffff81279262
     0.00%  benchmark-blas  [unknown]                 [k] 0xffffffff810d85a5
     0.00%  benchmark-blas  [unknown]                 [k] 0xffffffff810aa559
     0.00%  benchmark-blas  libiomp5.so               [.] rml::internal::Backend::IndexedBins::getFromBin
     0.00%  benchmark-blas  [unknown]                 [k] 0xffffffff8118a892
     0.00%  benchmark-blas  [unknown]                 [k] 0xffffffff810adf35
     0.00%  benchmark-blas  [unknown]                 [k] 0xffffffff810ac8da
     0.00%  benchmark-blas  [unknown]                 [k] 0xffffffff81232dda
     0.00%  benchmark-blas  [unknown]                 [k] 0xffffffff810fd12b
     0.00%  benchmark-blas  [unknown]                 [k] 0xffffffff8110c3d6
     0.00%  benchmark-blas  [unknown]                 [k] 0xffffffff817e43c2
     0.00%  benchmark-blas  [unknown]                 [k] 0xffffffff810b2590
     0.00%  benchmark-blas  [unknown]                 [k] 0xffffffff8110f2e9
     0.00%  benchmark-blas  [unknown]                 [k] 0xffffffff817e4046
     0.00%  benchmark-blas  [unknown]                 [k] 0xffffffff817eb430
     0.00%  benchmark-blas  [unknown]                 [k] 0xffffffff81800088
     0.00%  benchmark-blas  [unknown]                 [k] 0xffffffff8110ab89
     0.00%  benchmark-blas  [unknown]                 [k] 0xffffffff8111d9bd
     0.00%  benchmark-blas  [unknown]                 [k] 0xffffffff810b7ce2
     0.00%  benchmark-blas  libiomp5.so               [.] __kmp_invoke_microtask
     0.00%  benchmark-blas  [unknown]                 [k] 0xffffffff8110e74b
     0.00%  benchmark-blas  [unknown]                 [k] 0xffffffff810fdaa2
     0.00%  benchmark-blas  [unknown]                 [k] 0xffffffff810fda66
     0.00%  benchmark-blas  libpthread-2.31.so        [.] pthread_key_delete
     0.00%  benchmark-blas  [unknown]                 [k] 0xffffffff810ac8c5
     0.00%  benchmark-blas  [unknown]                 [k] 0xffffffff817e405a
     0.00%  benchmark-blas  ld-2.31.so                [.] check_match
     0.00%  benchmark-blas  [unknown]                 [k] 0xffffffff8110b579
     0.00%  benchmark-blas  [unknown]                 [k] 0xffffffff8118a894
     0.00%  benchmark-blas  [unknown]                 [k] 0xffffffff810b6aeb
     0.00%  benchmark-blas  [unknown]                 [k] 0xffffffff81103770
     0.00%  benchmark-blas  [unknown]                 [k] 0xffffffff817db1a1
     0.00%  benchmark-blas  [unknown]                 [k] 0xffffffff810b4b3a
     0.00%  benchmark-blas  [unknown]                 [k] 0xffffffff817e43a3
     0.00%  benchmark-blas  [unknown]                 [k] 0xffffffff817e3e4f
     0.00%  benchmark-blas  [unknown]                 [k] 0xffffffff8118a911
     0.00%  benchmark-blas  [unknown]                 [k] 0xffffffff8129442f
     0.00%  benchmark-blas  [unknown]                 [k] 0xffffffff8110f33b
     0.00%  benchmark-blas  [unknown]                 [k] 0xffffffff81026518
     0.00%  benchmark-blas  [unknown]                 [k] 0xffffffff8118a912
     0.00%  benchmark-blas  [unknown]                 [k] 0xffffffff811241b0
     0.00%  benchmark-blas  [unknown]                 [k] 0xffffffff8118b7a7
     0.00%  benchmark-blas  [unknown]                 [k] 0xffffffff81800069
     0.00%  benchmark-blas  [unknown]                 [k] 0xffffffff817e3dc4
     0.00%  benchmark-blas  [unknown]                 [k] 0xffffffff8113d85f
     0.00%  benchmark-blas  [unknown]                 [k] 0xffffffff810ba345
     0.00%  benchmark-blas  [unknown]                 [k] 0xffffffff810b6a5f
     0.00%  benchmark-blas  [unknown]                 [k] 0xffffffff814215d2
     0.00%  benchmark-blas  [unknown]                 [k] 0xffffffff8180016f
     0.00%  benchmark-blas  [unknown]                 [k] 0xffffffff810b158e
     0.00%  benchmark-blas  [unknown]                 [k] 0xffffffff810dc403
     0.00%  benchmark-blas  [unknown]                 [k] 0xffffffff812755cc
     0.00%  benchmark-blas  [unknown]                 [k] 0xffffffff81800ee3
     0.00%  benchmark-blas  [unknown]                 [k] 0xffffffff81801463
     0.00%  benchmark-blas  [unknown]                 [k] 0xffffffff817db172
     0.00%  benchmark-blas  [unknown]                 [k] 0xffffffff812bbe91
     0.00%  benchmark-blas  [unknown]                 [k] 0xffffffff81275d10
     0.00%  benchmark-blas  [unknown]                 [k] 0xffffffff81800ea3
     0.00%  benchmark-blas  [unknown]                 [k] 0xffffffff81253fa5
     0.00%  benchmark-blas  [unknown]                 [k] 0xffffffff812791bf
     0.00%  benchmark-blas  [unknown]                 [k] 0xffffffff81255719
     0.00%  benchmark-blas  [unknown]                 [k] 0xffffffff810dc409
     0.00%  benchmark-blas  [unknown]                 [k] 0xffffffff817db869
     0.00%  benchmark-blas  [unknown]                 [k] 0xffffffff812555a2
     0.00%  benchmark-blas  [unknown]                 [k] 0xffffffff81275d2b
     0.00%  benchmark-blas  [unknown]                 [k] 0xffffffff81255743
     0.00%  benchmark-blas  [unknown]                 [k] 0xffffffff81279281
     0.00%  benchmark-blas  [unknown]                 [k] 0xffffffff81275a9a
     0.00%  benchmark-blas  [unknown]                 [k] 0xffffffff81275dbe
     0.00%  benchmark-blas  [unknown]                 [k] 0xffffffff8105ea32
     0.00%  benchmark-blas  [unknown]                 [k] 0xffffffff81800eeb
     0.00%  benchmark-blas  [unknown]                 [k] 0xffffffff8105e878
     0.00%  benchmark-blas  [unknown]                 [k] 0xffffffff812793a9
     0.00%  benchmark-blas  [unknown]                 [k] 0xffffffff81291cb0
     0.00%  benchmark-blas  [unknown]                 [k] 0xffffffff812545f8
     0.00%  benchmark-blas  [unknown]                 [k] 0xffffffff81279167
     0.00%  benchmark-blas  [unknown]                 [k] 0xffffffff81253fae
     0.00%  benchmark-blas  [unknown]                 [k] 0xffffffff817eacbc
     0.00%  benchmark-blas  [unknown]                 [k] 0xffffffff812791b3
     0.00%  benchmark-blas  [unknown]                 [k] 0xffffffff8105e846
     0.00%  benchmark-blas  [unknown]                 [k] 0xffffffff812bdc1d
     0.00%  benchmark-blas  [unknown]                 [k] 0xffffffff812943c5
     0.00%  benchmark-blas  [unknown]                 [k] 0xffffffff81255582
     0.00%  benchmark-blas  [unknown]                 [k] 0xffffffff8105e89f
     0.00%  benchmark-blas  [unknown]                 [k] 0xffffffff81259c36
     0.00%  benchmark-blas  [unknown]                 [k] 0xffffffff812ab00f
     0.00%  benchmark-blas  [unknown]                 [k] 0xffffffff812792ac
     0.00%  benchmark-blas  libiomp5.so               [.] _INTERNAL5d94dd41::__kmp_initialize_info
     0.00%  benchmark-blas  [unknown]                 [k] 0xffffffff817db198
     0.00%  benchmark-blas  [unknown]                 [k] 0xffffffff81255585
     0.00%  benchmark-blas  [unknown]                 [k] 0xffffffff817db193
     0.00%  benchmark-blas  [unknown]                 [k] 0xffffffff817db17f
     0.00%  benchmark-blas  [unknown]                 [k] 0xffffffff8105e816
     0.00%  benchmark-blas  [unknown]                 [k] 0xffffffff8105e896
     0.00%  benchmark-blas  [unknown]                 [k] 0xffffffff81244407
     0.00%  benchmark-blas  [unknown]                 [k] 0xffffffff812791a1
     0.00%  benchmark-blas  [unknown]                 [k] 0xffffffff8105e893
     0.00%  benchmark-blas  [unknown]                 [k] 0xffffffff81259c41
     0.00%  benchmark-blas  [unknown]                 [k] 0xffffffff817db19b
     0.00%  benchmark-blas  [unknown]                 [k] 0xffffffff812555b0
     0.00%  benchmark-blas  [unknown]                 [k] 0xffffffff8105e779
     0.00%  benchmark-blas  [unknown]                 [k] 0xffffffff81253fb0
     0.00%  benchmark-blas  libc-2.31.so              [.] malloc
     0.00%  benchmark-blas  ld-2.31.so                [.] _dl_fixup
     0.00%  benchmark-blas  [unknown]                 [k] 0xffffffff812ff199
     0.00%  benchmark-blas  [unknown]                 [k] 0xffffffff81469de7
     0.00%  benchmark-blas  [unknown]                 [k] 0xffffffff8105e7ca
     0.00%  benchmark-blas  [unknown]                 [k] 0xffffffff8146636f
     0.00%  benchmark-blas  [unknown]                 [k] 0xffffffff81465e58
     0.00%  benchmark-blas  [unknown]                 [k] 0xffffffff81465d3d
     0.00%  benchmark-blas  [unknown]                 [k] 0xffffffff81034483
     0.00%  benchmark-blas  [unknown]                 [k] 0xffffffff81800ebb
     0.00%  benchmark-blas  ld-2.31.so                [.] __strsep_g
     0.00%  benchmark-blas  [unknown]                 [k] 0xffffffff8105e7cc
     0.00%  benchmark-blas  [unknown]                 [k] 0xffffffff81275827
     0.00%  benchmark-blas  [unknown]                 [k] 0xffffffff81291a69
     0.00%  benchmark-blas  [unknown]                 [k] 0xffffffff81253feb
     0.00%  benchmark-blas  [unknown]                 [k] 0xffffffff817e73f1
     0.00%  benchmark-blas  [unknown]                 [k] 0xffffffff81800ea5
     0.00%  benchmark-blas  [unknown]                 [k] 0xffffffff8105e784
     0.00%  benchmark-blas  [unknown]                 [k] 0xffffffff8125404a
     0.00%  benchmark-blas  [unknown]                 [k] 0xffffffff81255702
     0.00%  benchmark-blas  libmkl_def.so.2           [.] mkl_blas_def_dgemm_blk_info_hi_thr_bdz
     0.00%  benchmark-blas  [unknown]                 [k] 0xffffffff8105e860
     0.00%  benchmark-blas  [unknown]                 [k] 0xffffffff81800ea7
     0.00%  benchmark-blas  libiomp5.so               [.] kmp_topology_t::check_ids
     0.00%  benchmark-blas  libc-2.31.so              [.] _int_malloc
     0.00%  benchmark-blas  [unknown]                 [k] 0xffffffff810a9696
     0.00%  benchmark-blas  [unknown]                 [k] 0xffffffff8146e8f0
     0.00%  benchmark-blas  [unknown]                 [k] 0xffffffff81272a0b
     0.00%  benchmark-blas  libiomp5.so               [.] KMPNativeAffinity::Mask::copy
     0.00%  benchmark-blas  libiomp5.so               [.] _INTERNAL3fdfdb8b::rml::internal::internalPoolMalloc
     0.00%  benchmark-blas  [unknown]                 [k] 0xffffffff812943f8
     0.00%  benchmark-blas  libiomp5.so               [.] rml::internal::Backend::requestBootstrapMem
     0.00%  benchmark-blas  libmkl_core.so.2          [.] mkl_serv_cpu_detect
     0.00%  benchmark-blas  [unknown]                 [k] 0xffffffff81120949
     0.00%  benchmark-blas  [unknown]                 [k] 0xffffffff812cc2ec
     0.00%  benchmark-blas  [unknown]                 [k] 0xffffffff812b6f31
     0.00%  benchmark-blas  [unknown]                 [k] 0xffffffff8105ec4d
     0.00%  benchmark-blas  [unknown]                 [k] 0xffffffff817e6b90
     0.00%  benchmark-blas  [unknown]                 [k] 0xffffffff8105e85e
     0.00%  benchmark-blas  [unknown]                 [k] 0xffffffff81800eb9
     0.00%  benchmark-blas  [unknown]                 [k] 0xffffffff810b1142
     0.00%  benchmark-blas  [unknown]                 [k] 0xffffffff817e6c34
     0.00%  benchmark-blas  [unknown]                 [k] 0xffffffff817eac5b
     0.00%  benchmark-blas  [unknown]                 [k] 0xffffffff8118a9f1
     0.00%  benchmark-blas  [unknown]                 [k] 0xffffffff817eac6e
     0.00%  benchmark-blas  [unknown]                 [k] 0xffffffff8180199a
     0.00%  benchmark-blas  libc-2.31.so              [.] __memset_avx2_unaligned_erms
     0.00%  benchmark-blas  libc-2.31.so              [.] sysmalloc
     0.00%  benchmark-blas  [unknown]                 [k] 0xffffffff812555b6
     0.00%  benchmark-blas  libiomp5.so               [.] _INTERNAL9a1d8470::__kmp_affinity_create_x2apicid_map
     0.00%  benchmark-blas  [unknown]                 [k] 0xffffffff810a9685
     0.00%  benchmark-blas  [unknown]                 [k] 0xffffffff8105ea2c
     0.00%  benchmark-blas  [unknown]                 [k] 0xffffffff812758d8
     0.00%  benchmark-blas  libc-2.31.so              [.] syscall
     0.00%  benchmark-blas  [unknown]                 [k] 0xffffffff81232565
     0.00%  benchmark-blas  libiomp5.so               [.] KMPNativeAffinity::Mask::zero
     0.00%  benchmark-blas  [unknown]                 [k] 0xffffffff812556eb
     0.00%  benchmark-blas  libiomp5.so               [.] _intel_fast_memset
     0.00%  benchmark-blas  [unknown]                 [k] 0xffffffff817e46c5
     0.00%  benchmark-blas  [unknown]                 [k] 0xffffffff817e743f
     0.00%  benchmark-blas  [unknown]                 [k] 0xffffffff810a96a0
     0.00%  benchmark-blas  [unknown]                 [k] 0xffffffff81424841
     0.00%  benchmark-blas  [unknown]                 [k] 0xffffffff8146e8f5
     0.00%  benchmark-blas  libmkl_core.so.2          [.] mkl_blas_dgemm_blk_info_hi_thr_bdz
     0.00%  benchmark-blas  libiomp5.so               [.] scalable_aligned_malloc
     0.00%  benchmark-blas  [unknown]                 [k] 0xffffffff810aa874
     0.00%  benchmark-blas  libiomp5.so               [.] KMPNativeAffinity::Mask::set_system_affinity
     0.00%  benchmark-blas  [unknown]                 [k] 0xffffffff8146e8e3
     0.00%  benchmark-blas  libiomp5.so               [.] KMPNativeAffinity::allocate_mask
     0.00%  benchmark-blas  libiomp5.so               [.] __kmp_affinity_set_place
     0.00%  benchmark-blas  [unknown]                 [k] 0xffffffff817d7ef6
     0.00%  benchmark-blas  [unknown]                 [k] 0xffffffff813cec5a
     0.00%  benchmark-blas  libiomp5.so               [.] ___kmp_allocate
     0.00%  benchmark-blas  libc-2.31.so              [.] pthread_self
     0.00%  benchmark-blas  [unknown]                 [k] 0xffffffff810b2fc1
     0.00%  benchmark-blas  libiomp5.so               [.] __kmp_x86_cpuid
     0.00%  benchmark-blas  ld-2.31.so                [.] __GI___tunables_init
     0.00%  benchmark-blas  [unknown]                 [k] 0xffffffff813cec45
     0.00%  benchmark-blas  [unknown]                 [k] 0xffffffff810b2eb5
     0.00%  benchmark-blas  [unknown]                 [k] 0xffffffff81021895
     0.00%  benchmark-blas  libmkl_intel_thread.so.2  [.] mkl_blas_dgemm_omp_get_prototype
     0.00%  benchmark-blas  [unknown]                 [k] 0xffffffff810b31d0
     0.00%  benchmark-blas  libiomp5.so               [.] __kmp_affinity_bind_thread
     0.00%  benchmark-blas  libmkl_core.so.2          [.] mkl_blas_dgemm_get_bufs_size
     0.00%  benchmark-blas  [unknown]                 [k] 0xffffffff810b31a5
     0.00%  benchmark-blas  [unknown]                 [k] 0xffffffff810aa855
     0.00%  benchmark-blas  libiomp5.so               [.] __kmpc_bound_num_threads
     0.00%  benchmark-blas  libc-2.31.so              [.] msort_with_tmp.part.0
     0.00%  benchmark-blas  [unknown]                 [k] 0xffffffff810b2ebd
     0.00%  benchmark-blas  [unknown]                 [k] 0xffffffff813cec4e
     0.00%  benchmark-blas  [unknown]                 [k] 0xffffffff810b2eec
     0.00%  benchmark-blas  [unknown]                 [k] 0xffffffff810b2ee9
     0.00%  benchmark-blas  [unknown]                 [k] 0xffffffff8142486b
     0.00%  benchmark-blas  [unknown]                 [k] 0xffffffff81424871
     0.00%  benchmark-blas  [unknown]                 [k] 0xffffffff813cafc5
     0.00%  benchmark-blas  [unknown]                 [k] 0xffffffff810b2eb7
     0.00%  benchmark-blas  [unknown]                 [k] 0xffffffff810b2f86
     0.00%  benchmark-blas  libiomp5.so               [.] KMPNativeAffinity::Mask::next
     0.00%  benchmark-blas  [unknown]                 [k] 0xffffffff81146136
     0.00%  benchmark-blas  [unknown]                 [k] 0xffffffff810b887e
     0.00%  benchmark-blas  [unknown]                 [k] 0xffffffff810b8abe
     0.00%  benchmark-blas  libiomp5.so               [.] scalable_aligned_free
     0.00%  benchmark-blas  [unknown]                 [k] 0xffffffff8111fb28
     0.00%  benchmark-blas  [unknown]                 [k] 0xffffffff81121032
     0.00%  benchmark-blas  [unknown]                 [k] 0xffffffff81123896
     0.00%  benchmark-blas  [unknown]                 [k] 0xffffffff8111fb8d
     0.00%  benchmark-blas  [unknown]                 [k] 0xffffffff8111fc57
     0.00%  benchmark-blas  [unknown]                 [k] 0xffffffff810aa870
     0.00%  benchmark-blas  libiomp5.so               [.] KMPNativeAffinity::Mask::is_set
     0.00%  benchmark-blas  libiomp5.so               [.] KMPNativeAffinity::bind_thread
     0.00%  benchmark-blas  libiomp5.so               [.] rml::internal::getSmallObjectIndex
     0.00%  benchmark-blas  libiomp5.so               [.] ___kmp_free
     0.00%  benchmark-blas  [unknown]                 [k] 0xffffffff810b2f20
     0.00%  benchmark-blas  [unknown]                 [k] 0xffffffff8141916f
     0.00%  benchmark-blas  [unknown]                 [k] 0xffffffff81418f40
     0.00%  benchmark-blas  [unknown]                 [k] 0xffffffff813caf45
     0.00%  benchmark-blas  libiomp5.so               [.] KMPNativeAffinity::deallocate_mask
     0.00%  benchmark-blas  [unknown]                 [k] 0xffffffff813cec6c
     0.00%  benchmark-blas  [unknown]                 [k] 0xffffffff810a9680
     0.00%  benchmark-blas  [unknown]                 [k] 0xffffffff81418f61
     0.00%  benchmark-blas  [unknown]                 [k] 0xffffffff810b2ec5
     0.00%  benchmark-blas  [unknown]                 [k] 0xffffffff813cec69
     0.00%  benchmark-blas  libiomp5.so               [.] KMPNativeAffinity::Mask::~Mask
     0.00%  benchmark-blas  libiomp5.so               [.] KMPNativeAffinity::Mask::end
     0.00%  benchmark-blas  libiomp5.so               [.] KMPAffinity::Mask::operator new
     0.00%  benchmark-blas  [unknown]                 [k] 0xffffffff8120d975
     0.00%  benchmark-blas  libiomp5.so               [.] KMPAffinity::Mask::operator delete
     0.00%  benchmark-blas  [unknown]                 [k] 0xffffffff810ac535
     0.00%  benchmark-blas  [unknown]                 [k] 0xffffffff813caf4f
     0.00%  benchmark-blas  libiomp5.so               [.] rml::internal::Block::adjustPositionInBin
     0.00%  benchmark-blas  ld-2.31.so                [.] _dl_start
     0.00%  benchmark-blas  [unknown]                 [k] 0xffffffff8146b9ed


#
# (Cannot load tips.txt file, please install perf!)
#
