Description:	

Working on problem size N=8000 
 Elapsed time is : 1.669642 (sec) 
Working on problem size N=8000 
 Elapsed time is : 1.505754 (sec) 
Working on problem size N=8000 
 Elapsed time is : 1.508910 (sec) 
Working on problem size N=8000 
 Elapsed time is : 1.506798 (sec) 
Working on problem size N=8000 
 Elapsed time is : 1.510588 (sec) 
Working on problem size N=8000 
 Elapsed time is : 1.508679 (sec) 
Working on problem size N=8000 
 Elapsed time is : 1.506250 (sec) 
Working on problem size N=8000 
 Elapsed time is : 1.507179 (sec) 
Working on problem size N=8000 
 Elapsed time is : 1.509321 (sec) 
Working on problem size N=8000 
 Elapsed time is : 1.515501 (sec) 
 First of 10 iterations= 1.669642 (sec)
Flopcount: 1024.128000 GFLOP
Best (1)      1.505754 sec     680.142985 GFLOPs
