# To display the perf.data header info, please use --header/--header-only options.
#
#
# Total Lost Samples: 0
#
# Samples: 5M of event 'cycles:u'
# Event count (approx.): 4481893855902
#
# Overhead  Command         Shared Object                    Symbol                           
# ........  ..............  ...............................  .................................
#
    54.78%  benchmark-blas  libopenblas_zenp-r0.3.27.dev.so  [.] dgemm_kernel
    41.72%  benchmark-blas  libopenblas_zenp-r0.3.27.dev.so  [.] inner_thread
     1.20%  benchmark-blas  benchmark-blas                   [.] fill
     0.97%  benchmark-blas  libgomp.so.1.0.0                 [.] omp_get_num_procs
     0.73%  benchmark-blas  libopenblas_zenp-r0.3.27.dev.so  [.] dgemm_itcopy
     0.43%  benchmark-blas  libopenblas_zenp-r0.3.27.dev.so  [.] dgemm_oncopy
     0.07%  benchmark-blas  libc-2.31.so                     [.] __memset_avx2_erms
     0.05%  benchmark-blas  libc-2.31.so                     [.] __memcpy_avx_unaligned_erms
     0.03%  benchmark-blas  [unknown]                        [k] 0xffffffff81801220
     0.00%  benchmark-blas  [unknown]                        [k] 0xffffffff81025743
     0.00%  benchmark-blas  [unknown]                        [k] 0xffffffff81801223
     0.00%  benchmark-blas  [unknown]                        [k] 0xffffffff817db7d6
     0.00%  benchmark-blas  [unknown]                        [k] 0xffffffff81800ea0
     0.00%  benchmark-blas  [unknown]                        [k] 0xffffffff818001e8
     0.00%  benchmark-blas  [unknown]                        [k] 0xffffffff8104fbfb
     0.00%  benchmark-blas  [unknown]                        [k] 0xffffffff817eacda
     0.00%  benchmark-blas  [unknown]                        [k] 0xffffffff8107af01
     0.00%  benchmark-blas  [unknown]                        [k] 0xffffffff8110f2db
     0.00%  benchmark-blas  [unknown]                        [k] 0xffffffff810490d7
     0.00%  benchmark-blas  [unknown]                        [k] 0xffffffff810490f3
     0.00%  benchmark-blas  [unknown]                        [k] 0xffffffff818001f0
     0.00%  benchmark-blas  [unknown]                        [k] 0xffffffff8110c185
     0.00%  benchmark-blas  [unknown]                        [k] 0xffffffff8110f344
     0.00%  benchmark-blas  [unknown]                        [k] 0xffffffff817d8ace
     0.00%  benchmark-blas  [unknown]                        [k] 0xffffffff8110f37a
     0.00%  benchmark-blas  [unknown]                        [k] 0xffffffff8104910a
     0.00%  benchmark-blas  [unknown]                        [k] 0xffffffff817eb720
     0.00%  benchmark-blas  [unknown]                        [k] 0xffffffff8107aedd
     0.00%  benchmark-blas  libgomp.so.1.0.0                 [.] omp_fulfill_event
     0.00%  benchmark-blas  [unknown]                        [k] 0xffffffff817dae91
     0.00%  benchmark-blas  [unknown]                        [k] 0xffffffff8104fbf2
     0.00%  benchmark-blas  [unknown]                        [k] 0xffffffff8110f2b5
     0.00%  benchmark-blas  [unknown]                        [k] 0xffffffff81904104
     0.00%  benchmark-blas  [unknown]                        [k] 0xffffffff81801265
     0.00%  benchmark-blas  [unknown]                        [k] 0xffffffff818019da
     0.00%  benchmark-blas  [unknown]                        [k] 0xffffffff817d8abb
     0.00%  benchmark-blas  [unknown]                        [k] 0xffffffff817daea2
     0.00%  benchmark-blas  [unknown]                        [k] 0xffffffff810490e8
     0.00%  benchmark-blas  [unknown]                        [k] 0xffffffff818019d5
     0.00%  benchmark-blas  [unknown]                        [k] 0xffffffff8110ab2c
     0.00%  benchmark-blas  libopenblas_zenp-r0.3.27.dev.so  [.] exec_threads
     0.00%  benchmark-blas  [unknown]                        [k] 0xffffffff8110c1a7
     0.00%  benchmark-blas  [unknown]                        [k] 0xffffffff8107aec5
     0.00%  benchmark-blas  [unknown]                        [k] 0xffffffff8110f2fa
     0.00%  benchmark-blas  libopenblas_zenp-r0.3.27.dev.so  [.] dgemm_kernel@plt
     0.00%  benchmark-blas  [unknown]                        [k] 0xffffffff8146e227
     0.00%  benchmark-blas  [unknown]                        [k] 0xffffffff817db827
     0.00%  benchmark-blas  [unknown]                        [k] 0xffffffff8104fa49
     0.00%  benchmark-blas  libopenblas_zenp-r0.3.27.dev.so  [.] gemm_driver.isra.0
     0.00%  benchmark-blas  libopenblas_zenp-r0.3.27.dev.so  [.] exec_blas._omp_fn.1
     0.00%  benchmark-blas  [unknown]                        [k] 0xffffffff81801998
     0.00%  benchmark-blas  [unknown]                        [k] 0xffffffff81801229
     0.00%  benchmark-blas  [unknown]                        [k] 0xffffffff8110f2c7
     0.00%  benchmark-blas  [unknown]                        [k] 0xffffffff818012e0
     0.00%  benchmark-blas  [unknown]                        [k] 0xffffffff8110f306
     0.00%  benchmark-blas  [unknown]                        [k] 0xffffffff8101cdd6
     0.00%  benchmark-blas  [unknown]                        [k] 0xffffffff8107aec0
     0.00%  benchmark-blas  [unknown]                        [k] 0xffffffff81801400
     0.00%  benchmark-blas  [unknown]                        [k] 0xffffffff81801241
     0.00%  benchmark-blas  [unknown]                        [k] 0xffffffff817eaca0
     0.00%  benchmark-blas  [unknown]                        [k] 0xffffffff8110b57b
     0.00%  benchmark-blas  [unknown]                        [k] 0xffffffff810490c5
     0.00%  benchmark-blas  libgomp.so.1.0.0                 [.] omp_get_num_threads
     0.00%  benchmark-blas  [unknown]                        [k] 0xffffffff81800005
     0.00%  benchmark-blas  [unknown]                        [k] 0xffffffff8110c195
     0.00%  benchmark-blas  [unknown]                        [k] 0xffffffff817db867
     0.00%  benchmark-blas  [unknown]                        [k] 0xffffffff810490cc
     0.00%  benchmark-blas  [unknown]                        [k] 0xffffffff817db820
     0.00%  benchmark-blas  [unknown]                        [k] 0xffffffff818010c3
     0.00%  benchmark-blas  [unknown]                        [k] 0xffffffff81049106
     0.00%  benchmark-blas  [unknown]                        [k] 0xffffffff817db7d0
     0.00%  benchmark-blas  libgomp.so.1.0.0                 [.] omp_get_thread_num
     0.00%  benchmark-blas  [unknown]                        [k] 0xffffffff810fdb9e
     0.00%  benchmark-blas  [unknown]                        [k] 0xffffffff8110c210
     0.00%  benchmark-blas  [unknown]                        [k] 0xffffffff8118a9d7
     0.00%  benchmark-blas  [unknown]                        [k] 0xffffffff81800002
     0.00%  benchmark-blas  [unknown]                        [k] 0xffffffff8110b58e
     0.00%  benchmark-blas  [unknown]                        [k] 0xffffffff810ea747
     0.00%  benchmark-blas  [unknown]                        [k] 0xffffffff810ea0bd
     0.00%  benchmark-blas  [unknown]                        [k] 0xffffffff816423b9
     0.00%  benchmark-blas  [unknown]                        [k] 0xffffffff817d8ab0
     0.00%  benchmark-blas  [unknown]                        [k] 0xffffffff8110c187
     0.00%  benchmark-blas  [unknown]                        [k] 0xffffffff8180199d
     0.00%  benchmark-blas  [unknown]                        [k] 0xffffffff817db869
     0.00%  benchmark-blas  [unknown]                        [k] 0xffffffff81904108
     0.00%  benchmark-blas  [unknown]                        [k] 0xffffffff817eacbd
     0.00%  benchmark-blas  [unknown]                        [k] 0xffffffff8118a942
     0.00%  benchmark-blas  ld-2.31.so                       [.] _dl_runtime_resolve_xsavec
     0.00%  benchmark-blas  [unknown]                        [k] 0xffffffff817dad71
     0.00%  benchmark-blas  [unknown]                        [k] 0xffffffff8111da9b
     0.00%  benchmark-blas  [unknown]                        [k] 0xffffffff8111dabe
     0.00%  benchmark-blas  [unknown]                        [k] 0xffffffff810fda88
     0.00%  benchmark-blas  [unknown]                        [k] 0xffffffff8111dbe5
     0.00%  benchmark-blas  [unknown]                        [k] 0xffffffff810b5b13
     0.00%  benchmark-blas  [unknown]                        [k] 0xffffffff81120949
     0.00%  benchmark-blas  [unknown]                        [k] 0xffffffff817ea9ee
     0.00%  benchmark-blas  [unknown]                        [k] 0xffffffff8110b8a2
     0.00%  benchmark-blas  [unknown]                        [k] 0xffffffff8110f2b7
     0.00%  benchmark-blas  [unknown]                        [k] 0xffffffff81801234
     0.00%  benchmark-blas  [unknown]                        [k] 0xffffffff810eae69
     0.00%  benchmark-blas  [unknown]                        [k] 0xffffffff810eade5
     0.00%  benchmark-blas  [unknown]                        [k] 0xffffffff8111dbe7
     0.00%  benchmark-blas  [unknown]                        [k] 0xffffffff810b81f5
     0.00%  benchmark-blas  [unknown]                        [k] 0xffffffff817ea9e5
     0.00%  benchmark-blas  [unknown]                        [k] 0xffffffff81025740
     0.00%  benchmark-blas  [unknown]                        [k] 0xffffffff8110f2e9
     0.00%  benchmark-blas  [unknown]                        [k] 0xffffffff8116bed9
     0.00%  benchmark-blas  [unknown]                        [k] 0xffffffff8110f2b0
     0.00%  benchmark-blas  [unknown]                        [k] 0xffffffff8110b88c
     0.00%  benchmark-blas  [unknown]                        [k] 0xffffffff8142155e
     0.00%  benchmark-blas  [unknown]                        [k] 0xffffffff818019d0
     0.00%  benchmark-blas  [unknown]                        [k] 0xffffffff8101cdf9
     0.00%  benchmark-blas  [unknown]                        [k] 0xffffffff81801231
     0.00%  benchmark-blas  [unknown]                        [k] 0xffffffff8110e6d5
     0.00%  benchmark-blas  [unknown]                        [k] 0xffffffff8110c1c3
     0.00%  benchmark-blas  [unknown]                        [k] 0xffffffff817d9027
     0.00%  benchmark-blas  [unknown]                        [k] 0xffffffff817e3d98
     0.00%  benchmark-blas  [unknown]                        [k] 0xffffffff8102574c
     0.00%  benchmark-blas  [unknown]                        [k] 0xffffffff8104c845
     0.00%  benchmark-blas  [unknown]                        [k] 0xffffffff810b2d23
     0.00%  benchmark-blas  [unknown]                        [k] 0xffffffff8107aed0
     0.00%  benchmark-blas  [unknown]                        [k] 0xffffffff81801226
     0.00%  benchmark-blas  [unknown]                        [k] 0xffffffff8164a3ae
     0.00%  benchmark-blas  [unknown]                        [k] 0xffffffff81800000
     0.00%  benchmark-blas  [unknown]                        [k] 0xffffffff810eae41
     0.00%  benchmark-blas  [unknown]                        [k] 0xffffffff817d8ac1
     0.00%  benchmark-blas  [unknown]                        [k] 0xffffffff81801460
     0.00%  benchmark-blas  [unknown]                        [k] 0xffffffff812943c5
     0.00%  benchmark-blas  [unknown]                        [k] 0xffffffff81800ea3
     0.00%  benchmark-blas  [unknown]                        [k] 0xffffffff812bbe91
     0.00%  benchmark-blas  [unknown]                        [k] 0xffffffff81232dda
     0.00%  benchmark-blas  ld-2.31.so                       [.] _dl_relocate_object
     0.00%  benchmark-blas  [unknown]                        [k] 0xffffffff8105e878
     0.00%  benchmark-blas  [unknown]                        [k] 0xffffffff81255562
     0.00%  benchmark-blas  [unknown]                        [k] 0xffffffff8118a93b
     0.00%  benchmark-blas  [unknown]                        [k] 0xffffffff81294550
     0.00%  benchmark-blas  [unknown]                        [k] 0xffffffff81275d10
     0.00%  benchmark-blas  [unknown]                        [k] 0xffffffff810dc409
     0.00%  benchmark-blas  [unknown]                        [k] 0xffffffff817db172
     0.00%  benchmark-blas  [unknown]                        [k] 0xffffffff810490e0
     0.00%  benchmark-blas  [unknown]                        [k] 0xffffffff81801990
     0.00%  benchmark-blas  [unknown]                        [k] 0xffffffff8110b89c
     0.00%  benchmark-blas  [unknown]                        [k] 0xffffffff8110e74b
     0.00%  benchmark-blas  [unknown]                        [k] 0xffffffff810b54ed
     0.00%  benchmark-blas  [unknown]                        [k] 0xffffffff8110ab89
     0.00%  benchmark-blas  libc-2.31.so                     [.] _IO_file_xsputn
     0.00%  benchmark-blas  [unknown]                        [k] 0xffffffff8180123b
     0.00%  benchmark-blas  [unknown]                        [k] 0xffffffff8113db68
     0.00%  benchmark-blas  libopenblas_zenp-r0.3.27.dev.so  [.] dgemm_oncopy@plt
     0.00%  benchmark-blas  [unknown]                        [k] 0xffffffff8110f32a
     0.00%  benchmark-blas  [unknown]                        [k] 0xffffffff8110c1de
     0.00%  benchmark-blas  [unknown]                        [k] 0xffffffff810b25cf
     0.00%  benchmark-blas  [unknown]                        [k] 0xffffffff810459b1
     0.00%  benchmark-blas  [unknown]                        [k] 0xffffffff81461e46
     0.00%  benchmark-blas  [unknown]                        [k] 0xffffffff8111da90
     0.00%  benchmark-blas  [unknown]                        [k] 0xffffffff8110b579
     0.00%  benchmark-blas  libc-2.31.so                     [.] __strlen_avx2
     0.00%  benchmark-blas  [unknown]                        [k] 0xffffffff8110ab85
     0.00%  benchmark-blas  [unknown]                        [k] 0xffffffff8113db3c
     0.00%  benchmark-blas  [unknown]                        [k] 0xffffffff8110c3f1
     0.00%  benchmark-blas  [unknown]                        [k] 0xffffffff8129444e
     0.00%  benchmark-blas  [unknown]                        [k] 0xffffffff810b553a
     0.00%  benchmark-blas  [unknown]                        [k] 0xffffffff812bdbf7
     0.00%  benchmark-blas  [unknown]                        [k] 0xffffffff811241b0
     0.00%  benchmark-blas  [unknown]                        [k] 0xffffffff8110c3f9
     0.00%  benchmark-blas  [unknown]                        [k] 0xffffffff8180199a
     0.00%  benchmark-blas  [unknown]                        [k] 0xffffffff81244486
     0.00%  benchmark-blas  [unknown]                        [k] 0xffffffff817dae90
     0.00%  benchmark-blas  [unknown]                        [k] 0xffffffff8111db85
     0.00%  benchmark-blas  [unknown]                        [k] 0xffffffff810b2590
     0.00%  benchmark-blas  [unknown]                        [k] 0xffffffff817eb430
     0.00%  benchmark-blas  [unknown]                        [k] 0xffffffff8110c1f7
     0.00%  benchmark-blas  [unknown]                        [k] 0xffffffff817eacbc
     0.00%  benchmark-blas  [unknown]                        [k] 0xffffffff810fda66
     0.00%  benchmark-blas  [unknown]                        [k] 0xffffffff810aa559
     0.00%  benchmark-blas  [unknown]                        [k] 0xffffffff8110f2d7
     0.00%  benchmark-blas  [unknown]                        [k] 0xffffffff8180122a
     0.00%  benchmark-blas  [unknown]                        [k] 0xffffffff818001f2
     0.00%  benchmark-blas  [unknown]                        [k] 0xffffffff8110c1e2
     0.00%  benchmark-blas  [unknown]                        [k] 0xffffffff8112428d
     0.00%  benchmark-blas  [unknown]                        [k] 0xffffffff8118aa0a
     0.00%  benchmark-blas  [unknown]                        [k] 0xffffffff8125404a
     0.00%  benchmark-blas  [unknown]                        [k] 0xffffffff8110c196
     0.00%  benchmark-blas  [unknown]                        [k] 0xffffffff810b8262
     0.00%  benchmark-blas  [unknown]                        [k] 0xffffffff817db7e0
     0.00%  benchmark-blas  libopenblas_zenp-r0.3.27.dev.so  [.] dgemm_itcopy@plt
     0.00%  benchmark-blas  [unknown]                        [k] 0xffffffff8110c1ad
     0.00%  benchmark-blas  [unknown]                        [k] 0xffffffff81801235
     0.00%  benchmark-blas  [unknown]                        [k] 0xffffffff8118b7a7
     0.00%  benchmark-blas  [unknown]                        [k] 0xffffffff81465add
     0.00%  benchmark-blas  [unknown]                        [k] 0xffffffff81800040
     0.00%  benchmark-blas  [unknown]                        [k] 0xffffffff810eae57
     0.00%  benchmark-blas  [unknown]                        [k] 0xffffffff810b8a65
     0.00%  benchmark-blas  [unknown]                        [k] 0xffffffff8164a396
     0.00%  benchmark-blas  [unknown]                        [k] 0xffffffff817eb42c
     0.00%  benchmark-blas  [unknown]                        [k] 0xffffffff810490c0
     0.00%  benchmark-blas  [unknown]                        [k] 0xffffffff810ea73c
     0.00%  benchmark-blas  libgomp.so.1.0.0                 [.] GOMP_parallel
     0.00%  benchmark-blas  [unknown]                        [k] 0xffffffff810e60a5
     0.00%  benchmark-blas  [unknown]                        [k] 0xffffffff810eae90
     0.00%  benchmark-blas  [unknown]                        [k] 0xffffffff810a22e0
     0.00%  benchmark-blas  [unknown]                        [k] 0xffffffff817eacb5
     0.00%  benchmark-blas  [unknown]                        [k] 0xffffffff8110c22c
     0.00%  benchmark-blas  [unknown]                        [k] 0xffffffff81801251
     0.00%  benchmark-blas  [unknown]                        [k] 0xffffffff8105ea32
     0.00%  benchmark-blas  [unknown]                        [k] 0xffffffffa0387009
     0.00%  benchmark-blas  [unknown]                        [k] 0xffffffff810dc3e8
     0.00%  benchmark-blas  [unknown]                        [k] 0xffffffff817d9010
     0.00%  benchmark-blas  libopenblas_zenp-r0.3.27.dev.so  [.] blas_memory_alloc
     0.00%  benchmark-blas  [unknown]                        [k] 0xffffffff8111daa6
     0.00%  benchmark-blas  [unknown]                        [k] 0xffffffff810e6044
     0.00%  benchmark-blas  [unknown]                        [k] 0xffffffff810b822b
     0.00%  benchmark-blas  [unknown]                        [k] 0xffffffff8110e6c1
     0.00%  benchmark-blas  [unknown]                        [k] 0xffffffff817dae9a
     0.00%  benchmark-blas  [unknown]                        [k] 0xffffffff810b0d59
     0.00%  benchmark-blas  [unknown]                        [k] 0xffffffffa0386ff6
     0.00%  benchmark-blas  [unknown]                        [k] 0xffffffff810b1672
     0.00%  benchmark-blas  [unknown]                        [k] 0xffffffff818001ea
     0.00%  benchmark-blas  [unknown]                        [k] 0xffffffff810a96ce
     0.00%  benchmark-blas  [unknown]                        [k] 0xffffffffa046e755
     0.00%  benchmark-blas  [unknown]                        [k] 0xffffffff8110f2c9
     0.00%  benchmark-blas  [unknown]                        [k] 0xffffffff8110f2df
     0.00%  benchmark-blas  [unknown]                        [k] 0xffffffff818012ef
     0.00%  benchmark-blas  [unknown]                        [k] 0xffffffff8110c1a2
     0.00%  benchmark-blas  [unknown]                        [k] 0xffffffff810fdab7
     0.00%  benchmark-blas  [unknown]                        [k] 0xffffffff817eaccf
     0.00%  benchmark-blas  [unknown]                        [k] 0xffffffff81275873
     0.00%  benchmark-blas  [unknown]                        [k] 0xffffffff810a22f3
     0.00%  benchmark-blas  [unknown]                        [k] 0xffffffff81801262
     0.00%  benchmark-blas  [unknown]                        [k] 0xffffffff8110c18d
     0.00%  benchmark-blas  [unknown]                        [k] 0xffffffff8105ec64
     0.00%  benchmark-blas  [unknown]                        [k] 0xffffffff812bfcee
     0.00%  benchmark-blas  [unknown]                        [k] 0xffffffff81801087
     0.00%  benchmark-blas  [unknown]                        [k] 0xffffffff816423b0
     0.00%  benchmark-blas  [unknown]                        [k] 0xffffffff810eae02
     0.00%  benchmark-blas  [unknown]                        [k] 0xffffffff810b8145
     0.00%  benchmark-blas  [unknown]                        [k] 0xffffffff810aa4f5
     0.00%  benchmark-blas  [unknown]                        [k] 0xffffffff81801224
     0.00%  benchmark-blas  [unknown]                        [k] 0xffffffff8104c857
     0.00%  benchmark-blas  [unknown]                        [k] 0xffffffff817d8ab3
     0.00%  benchmark-blas  [unknown]                        [k] 0xffffffff8110c21e
     0.00%  benchmark-blas  [unknown]                        [k] 0xffffffff810b8291
     0.00%  benchmark-blas  [unknown]                        [k] 0xffffffff81801239
     0.00%  benchmark-blas  [unknown]                        [k] 0xffffffffa04938c5
     0.00%  benchmark-blas  [unknown]                        [k] 0xffffffff817e3e8e
     0.00%  benchmark-blas  [unknown]                        [k] 0xffffffff817d9012
     0.00%  benchmark-blas  [unknown]                        [k] 0xffffffff810490ed
     0.00%  benchmark-blas  [unknown]                        [k] 0xffffffff812bbe88
     0.00%  benchmark-blas  [unknown]                        [k] 0xffffffff81801463
     0.00%  benchmark-blas  [unknown]                        [k] 0xffffffff812943f0
     0.00%  benchmark-blas  [unknown]                        [k] 0xffffffff81291cc5
     0.00%  benchmark-blas  ld-2.31.so                       [.] do_lookup_x
     0.00%  benchmark-blas  ld-2.31.so                       [.] _dl_lookup_symbol_x
     0.00%  benchmark-blas  [unknown]                        [k] 0xffffffff812555a2
     0.00%  benchmark-blas  [unknown]                        [k] 0xffffffff81275b03
     0.00%  benchmark-blas  [unknown]                        [k] 0xffffffff8105e85e
     0.00%  benchmark-blas  [unknown]                        [k] 0xffffffff8118a887
     0.00%  benchmark-blas  [unknown]                        [k] 0xffffffff81253ffc
     0.00%  benchmark-blas  [unknown]                        [k] 0xffffffff81253fb5
     0.00%  benchmark-blas  [unknown]                        [k] 0xffffffff8118a885
     0.00%  benchmark-blas  [unknown]                        [k] 0xffffffff812d2d29
     0.00%  benchmark-blas  [unknown]                        [k] 0xffffffff81275dd8
     0.00%  benchmark-blas  [unknown]                        [k] 0xffffffff81232dce
     0.00%  benchmark-blas  [unknown]                        [k] 0xffffffff817db18f
     0.00%  benchmark-blas  [unknown]                        [k] 0xffffffff8118a911
     0.00%  benchmark-blas  [unknown]                        [k] 0xffffffff8127293d
     0.00%  benchmark-blas  [unknown]                        [k] 0xffffffff812443f5
     0.00%  benchmark-blas  [unknown]                        [k] 0xffffffff81232dc8
     0.00%  benchmark-blas  [unknown]                        [k] 0xffffffff812556fd
     0.00%  benchmark-blas  [unknown]                        [k] 0xffffffff81232de5
     0.00%  benchmark-blas  [unknown]                        [k] 0xffffffff8105ec4d
     0.00%  benchmark-blas  [unknown]                        [k] 0xffffffff81275db2
     0.00%  benchmark-blas  [unknown]                        [k] 0xffffffff81275db4
     0.00%  benchmark-blas  [unknown]                        [k] 0xffffffff81275d27
     0.00%  benchmark-blas  [unknown]                        [k] 0xffffffff812555a7
     0.00%  benchmark-blas  [unknown]                        [k] 0xffffffff81232dd6
     0.00%  benchmark-blas  [unknown]                        [k] 0xffffffff8105e896
     0.00%  benchmark-blas  [unknown]                        [k] 0xffffffff81294413
     0.00%  benchmark-blas  [unknown]                        [k] 0xffffffff817db198
     0.00%  benchmark-blas  [unknown]                        [k] 0xffffffff8124448b
     0.00%  benchmark-blas  [unknown]                        [k] 0xffffffff81244407
     0.00%  benchmark-blas  [unknown]                        [k] 0xffffffff812555b0
     0.00%  benchmark-blas  [unknown]                        [k] 0xffffffff81800ea7
     0.00%  benchmark-blas  [unknown]                        [k] 0xffffffff81259c39
     0.00%  benchmark-blas  [unknown]                        [k] 0xffffffff8105e7ca
     0.00%  benchmark-blas  [unknown]                        [k] 0xffffffff81255582
     0.00%  benchmark-blas  [unknown]                        [k] 0xffffffff817db1a1
     0.00%  benchmark-blas  [unknown]                        [k] 0xffffffff81291c9f
     0.00%  benchmark-blas  [unknown]                        [k] 0xffffffff81255587
     0.00%  benchmark-blas  [unknown]                        [k] 0xffffffff81275631
     0.00%  benchmark-blas  [unknown]                        [k] 0xffffffff817db17f
     0.00%  benchmark-blas  [unknown]                        [k] 0xffffffff81254006
     0.00%  benchmark-blas  [unknown]                        [k] 0xffffffff8118b7a0
     0.00%  benchmark-blas  [unknown]                        [k] 0xffffffff81279165
     0.00%  benchmark-blas  [unknown]                        [k] 0xffffffff8105e816
     0.00%  benchmark-blas  [unknown]                        [k] 0xffffffff81275b2e
     0.00%  benchmark-blas  libopenblas_zenp-r0.3.27.dev.so  [.] omp_get_max_threads@plt
     0.00%  benchmark-blas  [unknown]                        [k] 0xffffffff812b6f31
     0.00%  benchmark-blas  [unknown]                        [k] 0xffffffff8105e846
     0.00%  benchmark-blas  [unknown]                        [k] 0xffffffff812752ef
     0.00%  benchmark-blas  [unknown]                        [k] 0xffffffff81279181
     0.00%  benchmark-blas  [unknown]                        [k] 0xffffffff8146e229
     0.00%  benchmark-blas  [unknown]                        [k] 0xffffffff812bdbbb
     0.00%  benchmark-blas  [unknown]                        [k] 0xffffffff812bdc04
     0.00%  benchmark-blas  [unknown]                        [k] 0xffffffff812bdbf1
     0.00%  benchmark-blas  [unknown]                        [k] 0xffffffff81254de9
     0.00%  benchmark-blas  [unknown]                        [k] 0xffffffff81291cb0
     0.00%  benchmark-blas  [unknown]                        [k] 0xffffffff81254c21
     0.00%  benchmark-blas  [unknown]                        [k] 0xffffffff81800043
     0.00%  benchmark-blas  [unknown]                        [k] 0xffffffff81800eb1
     0.00%  benchmark-blas  [unknown]                        [k] 0xffffffff812bcc99
     0.00%  benchmark-blas  [unknown]                        [k] 0xffffffff8111d9e7
     0.00%  benchmark-blas  [unknown]                        [k] 0xffffffff81253fa5
     0.00%  benchmark-blas  [unknown]                        [k] 0xffffffff81253fcb
     0.00%  benchmark-blas  [unknown]                        [k] 0xffffffff81253fae
     0.00%  benchmark-blas  [unknown]                        [k] 0xffffffff812943f8
     0.00%  benchmark-blas  [unknown]                        [k] 0xffffffff81253feb
     0.00%  benchmark-blas  [unknown]                        [k] 0xffffffff81275b73
     0.00%  benchmark-blas  [unknown]                        [k] 0xffffffff81294352
     0.00%  benchmark-blas  [unknown]                        [k] 0xffffffff81294562
     0.00%  benchmark-blas  [unknown]                        [k] 0xffffffff81800ee3
     0.00%  benchmark-blas  [unknown]                        [k] 0xffffffff8118a850
     0.00%  benchmark-blas  [unknown]                        [k] 0xffffffff81275b09
     0.00%  benchmark-blas  [unknown]                        [k] 0xffffffff8127581c
     0.00%  benchmark-blas  ld-2.31.so                       [.] check_match
     0.00%  benchmark-blas  [unknown]                        [k] 0xffffffff812758e0
     0.00%  benchmark-blas  [unknown]                        [k] 0xffffffff812792c8
     0.00%  benchmark-blas  ld-2.31.so                       [.] __GI___tunables_init
     0.00%  benchmark-blas  libc-2.31.so                     [.] getenv
     0.00%  benchmark-blas  ld-2.31.so                       [.] _dl_fixup
     0.00%  benchmark-blas  libpthread-2.31.so               [.] __pthread_enable_asynccancel
     0.00%  benchmark-blas  ld-2.31.so                       [.] _dl_sysdep_start
     0.00%  benchmark-blas  [unknown]                        [k] 0xffffffff81124471
     0.00%  benchmark-blas  libpthread-2.31.so               [.] start_thread
     0.00%  benchmark-blas  libc-2.31.so                     [.] __sigsetjmp
     0.00%  benchmark-blas  libc-2.31.so                     [.] __ctype_init
     0.00%  benchmark-blas  libc-2.31.so                     [.] __clone
     0.00%  benchmark-blas  [unknown]                        [k] 0xffffffff814215d2
     0.00%  benchmark-blas  libc-2.31.so                     [.] _setjmp
     0.00%  benchmark-blas  [unknown]                        [k] 0xffffffff817db77a
     0.00%  benchmark-blas  libpthread-2.31.so               [.] __pthread_disable_asynccancel
     0.00%  benchmark-blas  [unknown]                        [k] 0xffffffff81255743
     0.00%  benchmark-blas  [unknown]                        [k] 0xffffffff81103084
     0.00%  benchmark-blas  [unknown]                        [k] 0xffffffff817e4718
     0.00%  benchmark-blas  [unknown]                        [k] 0xffffffff8118a934
     0.00%  benchmark-blas  [unknown]                        [k] 0xffffffff817d7f2d
     0.00%  benchmark-blas  [unknown]                        [k] 0xffffffff81120b65
     0.00%  benchmark-blas  [unknown]                        [k] 0xffffffff8118a954
     0.00%  benchmark-blas  [unknown]                        [k] 0xffffffff8180004c
     0.00%  benchmark-blas  [unknown]                        [k] 0xffffffff81123963
     0.00%  benchmark-blas  ld-2.31.so                       [.] _dl_start
     0.00%  benchmark-blas  [unknown]                        [k] 0xffffffff8118a87a
     0.00%  benchmark-blas  [unknown]                        [k] 0xffffffff817db781
     0.00%  benchmark-blas  [unknown]                        [k] 0xffffffff817db7aa
     0.00%  benchmark-blas  [unknown]                        [k] 0xffffffff818001d6
     0.00%  benchmark-blas  [unknown]                        [k] 0xffffffff8118aa50
     0.00%  benchmark-blas  [unknown]                        [k] 0xffffffff817d7ef0
     0.00%  benchmark-blas  [unknown]                        [k] 0xffffffff817d7ef6
     0.00%  benchmark-blas  [unknown]                        [k] 0xffffffff817d7f42
     0.00%  benchmark-blas  [unknown]                        [k] 0xffffffff81800165
     0.00%  benchmark-blas  [unknown]                        [k] 0xffffffff81800188
     0.00%  benchmark-blas  libc-2.31.so                     [.] __sigjmp_save
     0.00%  benchmark-blas  libgomp.so.1.0.0                 [.] omp_display_env_8_
     0.00%  benchmark-blas  libpthread-2.31.so               [.] pthread_setaffinity_np
     0.00%  benchmark-blas  [unknown]                        [k] 0xffffffff81028a01
     0.00%  benchmark-blas  [unknown]                        [k] 0xffffffff81028a04
     0.00%  benchmark-blas  [unknown]                        [k] 0xffffffff81028a2e
     0.00%  benchmark-blas  [unknown]                        [k] 0xffffffff81045901
     0.00%  benchmark-blas  [unknown]                        [k] 0xffffffff810b1572
     0.00%  benchmark-blas  [unknown]                        [k] 0xffffffff81103074
     0.00%  benchmark-blas  [unknown]                        [k] 0xffffffff81103085
     0.00%  benchmark-blas  [unknown]                        [k] 0xffffffff81103770
     0.00%  benchmark-blas  [unknown]                        [k] 0xffffffff81103773
     0.00%  benchmark-blas  [unknown]                        [k] 0xffffffff8110377e
     0.00%  benchmark-blas  [unknown]                        [k] 0xffffffff81120b6b
     0.00%  benchmark-blas  [unknown]                        [k] 0xffffffff81120b82
     0.00%  benchmark-blas  [unknown]                        [k] 0xffffffff8118a859
     0.00%  benchmark-blas  [unknown]                        [k] 0xffffffff8118a864
     0.00%  benchmark-blas  [unknown]                        [k] 0xffffffff8118a86e
     0.00%  benchmark-blas  [unknown]                        [k] 0xffffffff8118aa57
     0.00%  benchmark-blas  [unknown]                        [k] 0xffffffff8120d495
     0.00%  benchmark-blas  [unknown]                        [k] 0xffffffff812792fa
     0.00%  benchmark-blas  [unknown]                        [k] 0xffffffff817d7f0d
     0.00%  benchmark-blas  [unknown]                        [k] 0xffffffff817d7f12
     0.00%  benchmark-blas  [unknown]                        [k] 0xffffffff817d7f36
     0.00%  benchmark-blas  [unknown]                        [k] 0xffffffff817db656
     0.00%  benchmark-blas  [unknown]                        [k] 0xffffffff817db671
     0.00%  benchmark-blas  [unknown]                        [k] 0xffffffff817db680
     0.00%  benchmark-blas  [unknown]                        [k] 0xffffffff817db78e
     0.00%  benchmark-blas  [unknown]                        [k] 0xffffffff817db794
     0.00%  benchmark-blas  [unknown]                        [k] 0xffffffff81800073
     0.00%  benchmark-blas  [unknown]                        [k] 0xffffffff8180007c
     0.00%  benchmark-blas  [unknown]                        [k] 0xffffffff81800185
     0.00%  benchmark-blas  [unknown]                        [k] 0xffffffff818001d1


#
# (Cannot load tips.txt file, please install perf!)
#
