Description:	

Working on problem size N=8000 
 Elapsed time is : 1.142325 (sec) 
Working on problem size N=8000 
 Elapsed time is : 1.090707 (sec) 
Working on problem size N=8000 
 Elapsed time is : 1.075659 (sec) 
Working on problem size N=8000 
 Elapsed time is : 1.200451 (sec) 
Working on problem size N=8000 
 Elapsed time is : 1.177951 (sec) 
Working on problem size N=8000 
 Elapsed time is : 1.184685 (sec) 
Working on problem size N=8000 
 Elapsed time is : 1.169143 (sec) 
Working on problem size N=8000 
 Elapsed time is : 1.156361 (sec) 
Working on problem size N=8000 
 Elapsed time is : 1.156395 (sec) 
Working on problem size N=8000 
 Elapsed time is : 1.059350 (sec) 
 First of 10 iterations= 1.142325 (sec)
Flopcount: 1024.128000 GFLOP
Best (9)      1.059350 sec     966.751596 GFLOPs
